[0.227s] Invoking command in '/home/docker/ros2_ws/src/pkg_pack_node/pkg_pack_node/build/kuka_kr5_description': CMAKE_PREFIX_PATH=${CMAKE_PREFIX_PATH}:/home/docker/ros2_ws/install/pkg_pack_node:/opt/ros/humble /usr/bin/cmake /home/docker/ros2_ws/src/pkg_pack_node/pkg_pack_node/Old/kuka_eki/kuka_kr5_description -DCMAKE_INSTALL_PREFIX=/home/docker/ros2_ws/src/pkg_pack_node/pkg_pack_node/install/kuka_kr5_description
[2.341s] -- The C compiler identification is GNU 11.4.0
[2.341s] -- The CXX compiler identification is GNU 11.4.0
[2.341s] -- Detecting C compiler ABI info
[2.341s] -- Detecting C compiler ABI info - done
[2.342s] -- Check for working C compiler: /usr/bin/cc - skipped
[2.342s] -- Detecting C compile features
[2.342s] -- Detecting C compile features - done
[2.342s] -- Detecting CXX compiler ABI info
[2.342s] -- Detecting CXX compiler ABI info - done
[2.343s] -- Check for working CXX compiler: /usr/bin/c++ - skipped
[2.343s] -- Detecting CXX compile features
[2.343s] -- Detecting CXX compile features - done
[2.343s] -- Found ament_cmake: 1.3.8 (/opt/ros/humble/share/ament_cmake/cmake)
[2.344s] -- Found Python3: /usr/bin/python3 (found version "3.10.12") found components: Interpreter 
[2.344s] -- Found ament_lint_auto: 0.12.10 (/opt/ros/humble/share/ament_lint_auto/cmake)
[2.449s] -- Added test 'copyright' to check source files copyright and LICENSE
[2.457s] -- Added test 'lint_cmake' to check CMake code style
[2.462s] -- Added test 'xmllint' to check XML markup files
[2.464s] -- Configuring done
[2.470s] -- Generating done
[2.472s] -- Build files have been written to: /home/docker/ros2_ws/src/pkg_pack_node/pkg_pack_node/build/kuka_kr5_description
