[0.680s] Invoking command in '/home/robot/ros_ws/src/r2e_tutorial': PYTHONPATH=/home/robot/ros_ws/src/build/r2e_tutorial/prefix_override:/home/robot/ros_ws/src/install/r2e_tutorial/lib/python3.10/site-packages:${PYTHONPATH} /usr/bin/python3 setup.py egg_info --egg-base ../build/r2e_tutorial build --build-base /home/robot/ros_ws/src/build/r2e_tutorial/build install --record /home/robot/ros_ws/src/build/r2e_tutorial/install.log --single-version-externally-managed
[0.845s] running egg_info
[0.845s] creating ../build/r2e_tutorial/r2e_tutorial.egg-info
[0.846s] writing ../build/r2e_tutorial/r2e_tutorial.egg-info/PKG-INFO
[0.846s] writing dependency_links to ../build/r2e_tutorial/r2e_tutorial.egg-info/dependency_links.txt
[0.846s] writing entry points to ../build/r2e_tutorial/r2e_tutorial.egg-info/entry_points.txt
[0.846s] writing requirements to ../build/r2e_tutorial/r2e_tutorial.egg-info/requires.txt
[0.846s] writing top-level names to ../build/r2e_tutorial/r2e_tutorial.egg-info/top_level.txt
[0.846s] writing manifest file '../build/r2e_tutorial/r2e_tutorial.egg-info/SOURCES.txt'
[0.847s] reading manifest file '../build/r2e_tutorial/r2e_tutorial.egg-info/SOURCES.txt'
[0.847s] writing manifest file '../build/r2e_tutorial/r2e_tutorial.egg-info/SOURCES.txt'
[0.847s] running build
[0.847s] running build_py
[0.848s] creating /home/robot/ros_ws/src/build/r2e_tutorial/build
[0.848s] creating /home/robot/ros_ws/src/build/r2e_tutorial/build/lib
[0.848s] creating /home/robot/ros_ws/src/build/r2e_tutorial/build/lib/r2e_tutorial
[0.848s] copying r2e_tutorial/__init__.py -> /home/robot/ros_ws/src/build/r2e_tutorial/build/lib/r2e_tutorial
[0.848s] copying r2e_tutorial/example.py -> /home/robot/ros_ws/src/build/r2e_tutorial/build/lib/r2e_tutorial
[0.848s] running install
[0.849s] /usr/lib/python3/dist-packages/setuptools/command/install.py:34: SetuptoolsDeprecationWarning: setup.py install is deprecated. Use build and pip and other standards-based tools.
[0.849s]   warnings.warn(
[0.849s] running install_lib
[0.850s] creating /home/robot/ros_ws/src/install/r2e_tutorial/lib/python3.10/site-packages/r2e_tutorial
[0.850s] copying /home/robot/ros_ws/src/build/r2e_tutorial/build/lib/r2e_tutorial/__init__.py -> /home/robot/ros_ws/src/install/r2e_tutorial/lib/python3.10/site-packages/r2e_tutorial
[0.850s] copying /home/robot/ros_ws/src/build/r2e_tutorial/build/lib/r2e_tutorial/example.py -> /home/robot/ros_ws/src/install/r2e_tutorial/lib/python3.10/site-packages/r2e_tutorial
[0.850s] byte-compiling /home/robot/ros_ws/src/install/r2e_tutorial/lib/python3.10/site-packages/r2e_tutorial/__init__.py to __init__.cpython-310.pyc
[0.851s] byte-compiling /home/robot/ros_ws/src/install/r2e_tutorial/lib/python3.10/site-packages/r2e_tutorial/example.py to example.cpython-310.pyc
[0.851s] running install_data
[0.851s] creating /home/robot/ros_ws/src/install/r2e_tutorial/share/ament_index
[0.852s] creating /home/robot/ros_ws/src/install/r2e_tutorial/share/ament_index/resource_index
[0.852s] creating /home/robot/ros_ws/src/install/r2e_tutorial/share/ament_index/resource_index/packages
[0.852s] copying resource/r2e_tutorial -> /home/robot/ros_ws/src/install/r2e_tutorial/share/ament_index/resource_index/packages
[0.852s] copying package.xml -> /home/robot/ros_ws/src/install/r2e_tutorial/share/r2e_tutorial
[0.852s] running install_egg_info
[0.853s] Copying ../build/r2e_tutorial/r2e_tutorial.egg-info to /home/robot/ros_ws/src/install/r2e_tutorial/lib/python3.10/site-packages/r2e_tutorial-0.0.0-py3.10.egg-info
[0.854s] running install_scripts
[0.869s] Installing example script to /home/robot/ros_ws/src/install/r2e_tutorial/lib/r2e_tutorial
[0.870s] Installing house script to /home/robot/ros_ws/src/install/r2e_tutorial/lib/r2e_tutorial
[0.870s] writing list of installed files to '/home/robot/ros_ws/src/build/r2e_tutorial/install.log'
[0.893s] Invoked command in '/home/robot/ros_ws/src/r2e_tutorial' returned '0': PYTHONPATH=/home/robot/ros_ws/src/build/r2e_tutorial/prefix_override:/home/robot/ros_ws/src/install/r2e_tutorial/lib/python3.10/site-packages:${PYTHONPATH} /usr/bin/python3 setup.py egg_info --egg-base ../build/r2e_tutorial build --build-base /home/robot/ros_ws/src/build/r2e_tutorial/build install --record /home/robot/ros_ws/src/build/r2e_tutorial/install.log --single-version-externally-managed
