[0.195s] Invoking command in '/home/docker/ros2_ws/src/pkg_pack_node/pkg_pack_node/build/kuka_common_moveit_config': CMAKE_PREFIX_PATH=${CMAKE_PREFIX_PATH}:/home/docker/ros2_ws/install/pkg_pack_node:/opt/ros/humble /usr/bin/cmake --build /home/docker/ros2_ws/src/pkg_pack_node/pkg_pack_node/build/kuka_common_moveit_config -- -j16 -l16
[0.257s] Invoked command in '/home/docker/ros2_ws/src/pkg_pack_node/pkg_pack_node/build/kuka_common_moveit_config' returned '0': CMAKE_PREFIX_PATH=${CMAKE_PREFIX_PATH}:/home/docker/ros2_ws/install/pkg_pack_node:/opt/ros/humble /usr/bin/cmake --build /home/docker/ros2_ws/src/pkg_pack_node/pkg_pack_node/build/kuka_common_moveit_config -- -j16 -l16
[0.301s] Invoking command in '/home/docker/ros2_ws/src/pkg_pack_node/pkg_pack_node/build/kuka_common_moveit_config': CMAKE_PREFIX_PATH=${CMAKE_PREFIX_PATH}:/home/docker/ros2_ws/install/pkg_pack_node:/opt/ros/humble /usr/bin/cmake --install /home/docker/ros2_ws/src/pkg_pack_node/pkg_pack_node/build/kuka_common_moveit_config
[0.310s] -- Install configuration: ""
[0.312s] -- Up-to-date: /home/docker/ros2_ws/src/pkg_pack_node/pkg_pack_node/install/kuka_common_moveit_config/share/kuka_common_moveit_config//config
[0.312s] -- Up-to-date: /home/docker/ros2_ws/src/pkg_pack_node/pkg_pack_node/install/kuka_common_moveit_config/share/kuka_common_moveit_config//config/joint_limits.yaml
[0.312s] -- Up-to-date: /home/docker/ros2_ws/src/pkg_pack_node/pkg_pack_node/install/kuka_common_moveit_config/share/kuka_common_moveit_config//config/sensors_3d.yaml
[0.314s] -- Up-to-date: /home/docker/ros2_ws/src/pkg_pack_node/pkg_pack_node/install/kuka_common_moveit_config/share/kuka_common_moveit_config//config/ros_controllers.yaml
[0.314s] -- Up-to-date: /home/docker/ros2_ws/src/pkg_pack_node/pkg_pack_node/install/kuka_common_moveit_config/share/kuka_common_moveit_config//config/moveit.rviz
[0.314s] -- Up-to-date: /home/docker/ros2_ws/src/pkg_pack_node/pkg_pack_node/install/kuka_common_moveit_config/share/kuka_common_moveit_config//config/kuka_controllers.yaml
[0.316s] -- Up-to-date: /home/docker/ros2_ws/src/pkg_pack_node/pkg_pack_node/install/kuka_common_moveit_config/share/kuka_common_moveit_config//config/fake_controllers.yaml
[0.316s] -- Up-to-date: /home/docker/ros2_ws/src/pkg_pack_node/pkg_pack_node/install/kuka_common_moveit_config/share/kuka_common_moveit_config//config/ompl_planning.yaml
[0.316s] -- Up-to-date: /home/docker/ros2_ws/src/pkg_pack_node/pkg_pack_node/install/kuka_common_moveit_config/share/kuka_common_moveit_config//config/kinematics.yaml
[0.317s] -- Up-to-date: /home/docker/ros2_ws/src/pkg_pack_node/pkg_pack_node/install/kuka_common_moveit_config/share/kuka_common_moveit_config//config/chomp_planning.yaml
[0.318s] -- Up-to-date: /home/docker/ros2_ws/src/pkg_pack_node/pkg_pack_node/install/kuka_common_moveit_config/share/kuka_common_moveit_config//launch
[0.319s] -- Up-to-date: /home/docker/ros2_ws/src/pkg_pack_node/pkg_pack_node/install/kuka_common_moveit_config/share/kuka_common_moveit_config//launch/demo.launch.py
[0.319s] -- Up-to-date: /home/docker/ros2_ws/src/pkg_pack_node/pkg_pack_node/install/kuka_common_moveit_config/share/ament_index/resource_index/package_run_dependencies/kuka_common_moveit_config
[0.319s] -- Up-to-date: /home/docker/ros2_ws/src/pkg_pack_node/pkg_pack_node/install/kuka_common_moveit_config/share/ament_index/resource_index/parent_prefix_path/kuka_common_moveit_config
[0.324s] -- Installing: /home/docker/ros2_ws/src/pkg_pack_node/pkg_pack_node/install/kuka_common_moveit_config/share/kuka_common_moveit_config/environment/ament_prefix_path.sh
[0.325s] -- Up-to-date: /home/docker/ros2_ws/src/pkg_pack_node/pkg_pack_node/install/kuka_common_moveit_config/share/kuka_common_moveit_config/environment/ament_prefix_path.dsv
[0.327s] -- Installing: /home/docker/ros2_ws/src/pkg_pack_node/pkg_pack_node/install/kuka_common_moveit_config/share/kuka_common_moveit_config/environment/path.sh
[0.328s] -- Up-to-date: /home/docker/ros2_ws/src/pkg_pack_node/pkg_pack_node/install/kuka_common_moveit_config/share/kuka_common_moveit_config/environment/path.dsv
[0.328s] -- Up-to-date: /home/docker/ros2_ws/src/pkg_pack_node/pkg_pack_node/install/kuka_common_moveit_config/share/kuka_common_moveit_config/local_setup.bash
[0.329s] -- Up-to-date: /home/docker/ros2_ws/src/pkg_pack_node/pkg_pack_node/install/kuka_common_moveit_config/share/kuka_common_moveit_config/local_setup.sh
[0.330s] -- Up-to-date: /home/docker/ros2_ws/src/pkg_pack_node/pkg_pack_node/install/kuka_common_moveit_config/share/kuka_common_moveit_config/local_setup.zsh
[0.330s] -- Up-to-date: /home/docker/ros2_ws/src/pkg_pack_node/pkg_pack_node/install/kuka_common_moveit_config/share/kuka_common_moveit_config/local_setup.dsv
[0.331s] -- Installing: /home/docker/ros2_ws/src/pkg_pack_node/pkg_pack_node/install/kuka_common_moveit_config/share/kuka_common_moveit_config/package.dsv
[0.331s] -- Up-to-date: /home/docker/ros2_ws/src/pkg_pack_node/pkg_pack_node/install/kuka_common_moveit_config/share/ament_index/resource_index/packages/kuka_common_moveit_config
[0.332s] -- Up-to-date: /home/docker/ros2_ws/src/pkg_pack_node/pkg_pack_node/install/kuka_common_moveit_config/share/kuka_common_moveit_config/cmake/kuka_common_moveit_configConfig.cmake
[0.332s] -- Up-to-date: /home/docker/ros2_ws/src/pkg_pack_node/pkg_pack_node/install/kuka_common_moveit_config/share/kuka_common_moveit_config/cmake/kuka_common_moveit_configConfig-version.cmake
[0.333s] -- Up-to-date: /home/docker/ros2_ws/src/pkg_pack_node/pkg_pack_node/install/kuka_common_moveit_config/share/kuka_common_moveit_config/package.xml
[0.395s] Invoked command in '/home/docker/ros2_ws/src/pkg_pack_node/pkg_pack_node/build/kuka_common_moveit_config' returned '0': CMAKE_PREFIX_PATH=${CMAKE_PREFIX_PATH}:/home/docker/ros2_ws/install/pkg_pack_node:/opt/ros/humble /usr/bin/cmake --install /home/docker/ros2_ws/src/pkg_pack_node/pkg_pack_node/build/kuka_common_moveit_config
