[0.317s] Invoking command in '/home/docker/ros2_ws/src/pkg_pack_node/pkg_pack_node/build/kuka_kr16_description': CMAKE_PREFIX_PATH=${CMAKE_PREFIX_PATH}:/home/docker/ros2_ws/install/pkg_pack_node:/opt/ros/humble /usr/bin/cmake /home/docker/ros2_ws/src/pkg_pack_node/pkg_pack_node/Old/kuka_eki/kuka_kr16_description -DCMAKE_INSTALL_PREFIX=/home/docker/ros2_ws/src/pkg_pack_node/pkg_pack_node/install/kuka_kr16_description
[2.031s] -- The C compiler identification is GNU 11.4.0
[2.031s] -- The CXX compiler identification is GNU 11.4.0
[2.031s] -- Detecting C compiler ABI info
[2.031s] -- Detecting C compiler ABI info - done
[2.031s] -- Check for working C compiler: /usr/bin/cc - skipped
[2.031s] -- Detecting C compile features
[2.031s] -- Detecting C compile features - done
[2.032s] -- Detecting CXX compiler ABI info
[2.032s] -- Detecting CXX compiler ABI info - done
[2.032s] -- Check for working CXX compiler: /usr/bin/c++ - skipped
[2.032s] -- Detecting CXX compile features
[2.032s] -- Detecting CXX compile features - done
[2.032s] -- Found ament_cmake: 1.3.9 (/opt/ros/humble/share/ament_cmake/cmake)
[2.032s] -- Found Python3: /usr/bin/python3 (found version "3.10.12") found components: Interpreter 
[2.180s] -- Found ament_lint_auto: 0.12.11 (/opt/ros/humble/share/ament_lint_auto/cmake)
[2.297s] -- Added test 'copyright' to check source files copyright and LICENSE
[2.306s] -- Added test 'lint_cmake' to check CMake code style
[2.311s] -- Added test 'xmllint' to check XML markup files
[2.314s] -- Configuring done
[2.319s] -- Generating done
[2.320s] -- Build files have been written to: /home/docker/ros2_ws/src/pkg_pack_node/pkg_pack_node/build/kuka_kr16_description
