[0.196s] Invoking command in '/home/docker/ros2_ws/src/pkg_pack_node/pkg_pack_node/build/kuka_common': CMAKE_PREFIX_PATH=${CMAKE_PREFIX_PATH}:/home/docker/ros2_ws/install/pkg_pack_node:/opt/ros/humble /usr/bin/cmake --build /home/docker/ros2_ws/src/pkg_pack_node/pkg_pack_node/build/kuka_common -- -j16 -l16
[0.258s] Invoked command in '/home/docker/ros2_ws/src/pkg_pack_node/pkg_pack_node/build/kuka_common' returned '0': CMAKE_PREFIX_PATH=${CMAKE_PREFIX_PATH}:/home/docker/ros2_ws/install/pkg_pack_node:/opt/ros/humble /usr/bin/cmake --build /home/docker/ros2_ws/src/pkg_pack_node/pkg_pack_node/build/kuka_common -- -j16 -l16
[0.308s] Invoking command in '/home/docker/ros2_ws/src/pkg_pack_node/pkg_pack_node/build/kuka_common': CMAKE_PREFIX_PATH=${CMAKE_PREFIX_PATH}:/home/docker/ros2_ws/install/pkg_pack_node:/opt/ros/humble /usr/bin/cmake --install /home/docker/ros2_ws/src/pkg_pack_node/pkg_pack_node/build/kuka_common
[0.336s] -- Install configuration: ""
[0.336s] -- Up-to-date: /home/docker/ros2_ws/src/pkg_pack_node/pkg_pack_node/install/kuka_common/share/kuka_common//urdf
[0.337s] -- Up-to-date: /home/docker/ros2_ws/src/pkg_pack_node/pkg_pack_node/install/kuka_common/share/kuka_common//urdf/kuka.ros2_control.xacro
[0.337s] -- Up-to-date: /home/docker/ros2_ws/src/pkg_pack_node/pkg_pack_node/install/kuka_common/share/kuka_common//urdf/common_materials.xacro
[0.337s] -- Up-to-date: /home/docker/ros2_ws/src/pkg_pack_node/pkg_pack_node/install/kuka_common/share/kuka_common//urdf/common_constants.xacro
[0.337s] -- Up-to-date: /home/docker/ros2_ws/src/pkg_pack_node/pkg_pack_node/install/kuka_common/share/kuka_common//urdf/common_colours.xacro
[0.337s] -- Up-to-date: /home/docker/ros2_ws/src/pkg_pack_node/pkg_pack_node/install/kuka_common/share/kuka_common//config
[0.337s] -- Up-to-date: /home/docker/ros2_ws/src/pkg_pack_node/pkg_pack_node/install/kuka_common/share/kuka_common//config/ros2_controllers.yaml
[0.338s] -- Up-to-date: /home/docker/ros2_ws/src/pkg_pack_node/pkg_pack_node/install/kuka_common/share/kuka_common//config/initial_positions.yaml
[0.338s] -- Up-to-date: /home/docker/ros2_ws/src/pkg_pack_node/pkg_pack_node/install/kuka_common/share/kuka_common//launch
[0.338s] -- Up-to-date: /home/docker/ros2_ws/src/pkg_pack_node/pkg_pack_node/install/kuka_common/share/kuka_common//launch/controller_manager.launch.py
[0.338s] -- Up-to-date: /home/docker/ros2_ws/src/pkg_pack_node/pkg_pack_node/install/kuka_common/share/kuka_common//launch/load_robot.launch.py
[0.338s] -- Up-to-date: /home/docker/ros2_ws/src/pkg_pack_node/pkg_pack_node/install/kuka_common/share/ament_index/resource_index/package_run_dependencies/kuka_common
[0.338s] -- Up-to-date: /home/docker/ros2_ws/src/pkg_pack_node/pkg_pack_node/install/kuka_common/share/ament_index/resource_index/parent_prefix_path/kuka_common
[0.339s] -- Installing: /home/docker/ros2_ws/src/pkg_pack_node/pkg_pack_node/install/kuka_common/share/kuka_common/environment/ament_prefix_path.sh
[0.339s] -- Up-to-date: /home/docker/ros2_ws/src/pkg_pack_node/pkg_pack_node/install/kuka_common/share/kuka_common/environment/ament_prefix_path.dsv
[0.339s] -- Installing: /home/docker/ros2_ws/src/pkg_pack_node/pkg_pack_node/install/kuka_common/share/kuka_common/environment/path.sh
[0.339s] -- Up-to-date: /home/docker/ros2_ws/src/pkg_pack_node/pkg_pack_node/install/kuka_common/share/kuka_common/environment/path.dsv
[0.339s] -- Up-to-date: /home/docker/ros2_ws/src/pkg_pack_node/pkg_pack_node/install/kuka_common/share/kuka_common/local_setup.bash
[0.339s] -- Up-to-date: /home/docker/ros2_ws/src/pkg_pack_node/pkg_pack_node/install/kuka_common/share/kuka_common/local_setup.sh
[0.339s] -- Up-to-date: /home/docker/ros2_ws/src/pkg_pack_node/pkg_pack_node/install/kuka_common/share/kuka_common/local_setup.zsh
[0.340s] -- Up-to-date: /home/docker/ros2_ws/src/pkg_pack_node/pkg_pack_node/install/kuka_common/share/kuka_common/local_setup.dsv
[0.340s] -- Installing: /home/docker/ros2_ws/src/pkg_pack_node/pkg_pack_node/install/kuka_common/share/kuka_common/package.dsv
[0.340s] -- Up-to-date: /home/docker/ros2_ws/src/pkg_pack_node/pkg_pack_node/install/kuka_common/share/ament_index/resource_index/packages/kuka_common
[0.340s] -- Up-to-date: /home/docker/ros2_ws/src/pkg_pack_node/pkg_pack_node/install/kuka_common/share/kuka_common/cmake/kuka_commonConfig.cmake
[0.340s] -- Up-to-date: /home/docker/ros2_ws/src/pkg_pack_node/pkg_pack_node/install/kuka_common/share/kuka_common/cmake/kuka_commonConfig-version.cmake
[0.341s] -- Up-to-date: /home/docker/ros2_ws/src/pkg_pack_node/pkg_pack_node/install/kuka_common/share/kuka_common/package.xml
[0.403s] Invoked command in '/home/docker/ros2_ws/src/pkg_pack_node/pkg_pack_node/build/kuka_common' returned '0': CMAKE_PREFIX_PATH=${CMAKE_PREFIX_PATH}:/home/docker/ros2_ws/install/pkg_pack_node:/opt/ros/humble /usr/bin/cmake --install /home/docker/ros2_ws/src/pkg_pack_node/pkg_pack_node/build/kuka_common
