[0.320s] Invoking command in '/home/docker/ros2_ws/src/pkg_pack_node/pkg_pack_node/build/kuka_kr150_description': CMAKE_PREFIX_PATH=${CMAKE_PREFIX_PATH}:/home/docker/ros2_ws/install/pkg_pack_node:/opt/ros/humble /usr/bin/cmake /home/docker/ros2_ws/src/pkg_pack_node/pkg_pack_node/Old/kuka_eki/kuka_kr150_description -DCMAKE_INSTALL_PREFIX=/home/docker/ros2_ws/src/pkg_pack_node/pkg_pack_node/install/kuka_kr150_description
[1.979s] -- The C compiler identification is GNU 11.4.0
[1.979s] -- The CXX compiler identification is GNU 11.4.0
[1.979s] -- Detecting C compiler ABI info
[1.979s] -- Detecting C compiler ABI info - done
[1.979s] -- Check for working C compiler: /usr/bin/cc - skipped
[1.979s] -- Detecting C compile features
[1.979s] -- Detecting C compile features - done
[1.980s] -- Detecting CXX compiler ABI info
[1.980s] -- Detecting CXX compiler ABI info - done
[1.980s] -- Check for working CXX compiler: /usr/bin/c++ - skipped
[1.980s] -- Detecting CXX compile features
[1.980s] -- Detecting CXX compile features - done
[1.980s] -- Found ament_cmake: 1.3.9 (/opt/ros/humble/share/ament_cmake/cmake)
[1.980s] -- Found Python3: /usr/bin/python3 (found version "3.10.12") found components: Interpreter 
[2.034s] -- Found ament_lint_auto: 0.12.11 (/opt/ros/humble/share/ament_lint_auto/cmake)
[2.196s] -- Added test 'copyright' to check source files copyright and LICENSE
[2.205s] -- Added test 'lint_cmake' to check CMake code style
[2.211s] -- Added test 'xmllint' to check XML markup files
[2.225s] -- Configuring done
[2.225s] -- Generating done
[2.225s] -- Build files have been written to: /home/docker/ros2_ws/src/pkg_pack_node/pkg_pack_node/build/kuka_kr150_description
