-- Found ament_cmake: 1.3.8 (/opt/ros/humble/share/ament_cmake/cmake)
-- Found geometry_msgs: 4.2.3 (/opt/ros/humble/share/geometry_msgs/cmake)
-- Found rosidl_generator_c: 3.1.5 (/opt/ros/humble/share/rosidl_generator_c/cmake)
-- Found rosidl_adapter: 3.1.5 (/opt/ros/humble/share/rosidl_adapter/cmake)
-- Found rosidl_generator_cpp: 3.1.5 (/opt/ros/humble/share/rosidl_generator_cpp/cmake)
-- Using all available rosidl_typesupport_c: rosidl_typesupport_fastrtps_c;rosidl_typesupport_introspection_c
-- Using all available rosidl_typesupport_cpp: rosidl_typesupport_fastrtps_cpp;rosidl_typesupport_introspection_cpp
-- Found shape_msgs: 4.2.3 (/opt/ros/humble/share/shape_msgs/cmake)
[31mCMake Error at CMakeLists.txt:16 (find_package):
  By not providing "Findmoveit_msgs.cmake" in CMAKE_MODULE_PATH this project
  has asked CMake to find a package configuration file provided by
  "moveit_msgs", but CMake did not find one.

  Could not find a package configuration file provided by "moveit_msgs" with
  any of the following names:

    moveit_msgsConfig.cmake
    moveit_msgs-config.cmake

  Add the installation prefix of "moveit_msgs" to CMAKE_PREFIX_PATH or set
  "moveit_msgs_DIR" to a directory containing one of the above files.  If
  "moveit_msgs" provides a separate development package or SDK, be sure it
  has been installed.

[0m
-- Configuring incomplete, errors occurred!
See also "/home/docker/ros2_ws/src/pkg_pack_node/pkg_pack_node/build/iras_srvs/CMakeFiles/CMakeOutput.log".
