[0.319s] Invoking command in '/home/docker/ros2_ws/src/pkg_pack_node/pkg_pack_node/build/kuka_kr10r1100sixx_cell_description': CMAKE_PREFIX_PATH=${CMAKE_PREFIX_PATH}:/home/docker/ros2_ws/install/pkg_pack_node:/opt/ros/humble /usr/bin/cmake /home/docker/ros2_ws/src/pkg_pack_node/pkg_pack_node/Old/kuka_kr10r1100sixx_cell_description -DCMAKE_INSTALL_PREFIX=/home/docker/ros2_ws/src/pkg_pack_node/pkg_pack_node/install/kuka_kr10r1100sixx_cell_description
[0.453s] -- The C compiler identification is GNU 11.4.0
[0.578s] -- The CXX compiler identification is GNU 11.4.0
[0.602s] -- Detecting C compiler ABI info
[0.773s] -- Detecting C compiler ABI info - done
[0.791s] -- Check for working C compiler: /usr/bin/cc - skipped
[0.791s] -- Detecting C compile features
[0.792s] -- Detecting C compile features - done
[0.796s] -- Detecting CXX compiler ABI info
[1.073s] -- Detecting CXX compiler ABI info - done
[1.109s] -- Check for working CXX compiler: /usr/bin/c++ - skipped
[1.109s] -- Detecting CXX compile features
[1.110s] -- Detecting CXX compile features - done
[1.114s] -- Found ament_cmake: 1.3.9 (/opt/ros/humble/share/ament_cmake/cmake)
[1.917s] -- Found Python3: /usr/bin/python3 (found version "3.10.12") found components: Interpreter 
[2.093s] -- Found ament_lint_auto: 0.12.11 (/opt/ros/humble/share/ament_lint_auto/cmake)
[2.257s] -- Added test 'copyright' to check source files copyright and LICENSE
[2.278s] -- Added test 'flake8' to check Python code syntax and style conventions
[2.281s] -- Added test 'lint_cmake' to check CMake code style
[2.283s] -- Added test 'pep257' to check Python code against some of the docstring style conventions in PEP 257
[2.293s] -- Added test 'xmllint' to check XML markup files
[2.295s] -- Configuring done
[2.299s] -- Generating done
[2.301s] -- Build files have been written to: /home/docker/ros2_ws/src/pkg_pack_node/pkg_pack_node/build/kuka_kr10r1100sixx_cell_description
