[0.231s] Invoking command in '/home/docker/ros2_ws/src/pkg_pack_node/pkg_pack_node/build/kuka_kr120_description': CMAKE_PREFIX_PATH=${CMAKE_PREFIX_PATH}:/home/docker/ros2_ws/install/pkg_pack_node:/opt/ros/humble /usr/bin/cmake /home/docker/ros2_ws/src/pkg_pack_node/pkg_pack_node/Old/kuka_eki/kuka_kr120_description -DCMAKE_INSTALL_PREFIX=/home/docker/ros2_ws/src/pkg_pack_node/pkg_pack_node/install/kuka_kr120_description
[0.330s] -- The C compiler identification is GNU 11.4.0
[0.465s] -- The CXX compiler identification is GNU 11.4.0
[0.481s] -- Detecting C compiler ABI info
[0.641s] -- Detecting C compiler ABI info - done
[0.655s] -- Check for working C compiler: /usr/bin/cc - skipped
[0.655s] -- Detecting C compile features
[0.656s] -- Detecting C compile features - done
[0.672s] -- Detecting CXX compiler ABI info
[0.903s] -- Detecting CXX compiler ABI info - done
[0.920s] -- Check for working CXX compiler: /usr/bin/c++ - skipped
[0.920s] -- Detecting CXX compile features
[0.922s] -- Detecting CXX compile features - done
[0.952s] -- Found ament_cmake: 1.3.8 (/opt/ros/humble/share/ament_cmake/cmake)
[1.865s] -- Found Python3: /usr/bin/python3 (found version "3.10.12") found components: Interpreter 
[2.201s] -- Found ament_lint_auto: 0.12.10 (/opt/ros/humble/share/ament_lint_auto/cmake)
[2.385s] -- Added test 'copyright' to check source files copyright and LICENSE
[2.396s] -- Added test 'lint_cmake' to check CMake code style
[2.402s] -- Added test 'xmllint' to check XML markup files
[2.405s] -- Configuring done
[2.411s] -- Generating done
[2.412s] -- Build files have been written to: /home/docker/ros2_ws/src/pkg_pack_node/pkg_pack_node/build/kuka_kr120_description
