-- Install configuration: ""
-- Installing: /home/docker/ros2_ws/src/pkg_pack_node/pkg_pack_node/install/kuka_kr10r1100sixx_cell_description/share/kuka_kr10r1100sixx_cell_description//urdf
-- Installing: /home/docker/ros2_ws/src/pkg_pack_node/pkg_pack_node/install/kuka_kr10r1100sixx_cell_description/share/kuka_kr10r1100sixx_cell_description//urdf/kr10_container_x06.xacro
-- Installing: /home/docker/ros2_ws/src/pkg_pack_node/pkg_pack_node/install/kuka_kr10r1100sixx_cell_description/share/kuka_kr10r1100sixx_cell_description//urdf/kr10_container_x08_macro.xacro
-- Installing: /home/docker/ros2_ws/src/pkg_pack_node/pkg_pack_node/install/kuka_kr10r1100sixx_cell_description/share/kuka_kr10r1100sixx_cell_description//urdf/kr10_container_x06_macro.xacro
-- Installing: /home/docker/ros2_ws/src/pkg_pack_node/pkg_pack_node/install/kuka_kr10r1100sixx_cell_description/share/kuka_kr10r1100sixx_cell_description//urdf/kr10_container_x22_macro.xacro
-- Installing: /home/docker/ros2_ws/src/pkg_pack_node/pkg_pack_node/install/kuka_kr10r1100sixx_cell_description/share/kuka_kr10r1100sixx_cell_description//urdf/kr10_container_x07.xacro
-- Installing: /home/docker/ros2_ws/src/pkg_pack_node/pkg_pack_node/install/kuka_kr10r1100sixx_cell_description/share/kuka_kr10r1100sixx_cell_description//urdf/kr10_container_x04_macro.xacro
-- Installing: /home/docker/ros2_ws/src/pkg_pack_node/pkg_pack_node/install/kuka_kr10r1100sixx_cell_description/share/kuka_kr10r1100sixx_cell_description//urdf/kr10_container_x05.xacro
-- Installing: /home/docker/ros2_ws/src/pkg_pack_node/pkg_pack_node/install/kuka_kr10r1100sixx_cell_description/share/kuka_kr10r1100sixx_cell_description//urdf/kr10_container_x07_macro.xacro
-- Installing: /home/docker/ros2_ws/src/pkg_pack_node/pkg_pack_node/install/kuka_kr10r1100sixx_cell_description/share/kuka_kr10r1100sixx_cell_description//urdf/kr10_container_x22.xacro
-- Installing: /home/docker/ros2_ws/src/pkg_pack_node/pkg_pack_node/install/kuka_kr10r1100sixx_cell_description/share/kuka_kr10r1100sixx_cell_description//urdf/kr10_cylinder.xacro
-- Installing: /home/docker/ros2_ws/src/pkg_pack_node/pkg_pack_node/install/kuka_kr10r1100sixx_cell_description/share/kuka_kr10r1100sixx_cell_description//urdf/kr10_container_x03.xacro
-- Installing: /home/docker/ros2_ws/src/pkg_pack_node/pkg_pack_node/install/kuka_kr10r1100sixx_cell_description/share/kuka_kr10r1100sixx_cell_description//urdf/kr10_macro.ros2_control.xacro
-- Installing: /home/docker/ros2_ws/src/pkg_pack_node/pkg_pack_node/install/kuka_kr10r1100sixx_cell_description/share/kuka_kr10r1100sixx_cell_description//urdf/kr10_container_x01_macro.xacro
-- Installing: /home/docker/ros2_ws/src/pkg_pack_node/pkg_pack_node/install/kuka_kr10r1100sixx_cell_description/share/kuka_kr10r1100sixx_cell_description//urdf/kr10_cylinder_macro.xacro
-- Installing: /home/docker/ros2_ws/src/pkg_pack_node/pkg_pack_node/install/kuka_kr10r1100sixx_cell_description/share/kuka_kr10r1100sixx_cell_description//urdf/kr10_container_x03_macro.xacro
-- Installing: /home/docker/ros2_ws/src/pkg_pack_node/pkg_pack_node/install/kuka_kr10r1100sixx_cell_description/share/kuka_kr10r1100sixx_cell_description//urdf/kr10_container_x01.xacro
-- Installing: /home/docker/ros2_ws/src/pkg_pack_node/pkg_pack_node/install/kuka_kr10r1100sixx_cell_description/share/kuka_kr10r1100sixx_cell_description//urdf/kr10_container_x04.xacro
-- Installing: /home/docker/ros2_ws/src/pkg_pack_node/pkg_pack_node/install/kuka_kr10r1100sixx_cell_description/share/kuka_kr10r1100sixx_cell_description//urdf/kr10_container_x05_macro.xacro
-- Installing: /home/docker/ros2_ws/src/pkg_pack_node/pkg_pack_node/install/kuka_kr10r1100sixx_cell_description/share/kuka_kr10r1100sixx_cell_description//urdf/kr10_container_x08.xacro
-- Installing: /home/docker/ros2_ws/src/pkg_pack_node/pkg_pack_node/install/kuka_kr10r1100sixx_cell_description/share/kuka_kr10r1100sixx_cell_description//urdf/kr10_container_x02_macro.xacro
-- Installing: /home/docker/ros2_ws/src/pkg_pack_node/pkg_pack_node/install/kuka_kr10r1100sixx_cell_description/share/kuka_kr10r1100sixx_cell_description//urdf/kr10_container_x02.xacro
-- Installing: /home/docker/ros2_ws/src/pkg_pack_node/pkg_pack_node/install/kuka_kr10r1100sixx_cell_description/share/kuka_kr10r1100sixx_cell_description//meshes
-- Installing: /home/docker/ros2_ws/src/pkg_pack_node/pkg_pack_node/install/kuka_kr10r1100sixx_cell_description/share/kuka_kr10r1100sixx_cell_description//meshes/kr10r1100sixx_cell
-- Installing: /home/docker/ros2_ws/src/pkg_pack_node/pkg_pack_node/install/kuka_kr10r1100sixx_cell_description/share/kuka_kr10r1100sixx_cell_description//meshes/kr10r1100sixx_cell/collision
-- Installing: /home/docker/ros2_ws/src/pkg_pack_node/pkg_pack_node/install/kuka_kr10r1100sixx_cell_description/share/kuka_kr10r1100sixx_cell_description//meshes/kr10r1100sixx_cell/collision/link_2.stl
-- Installing: /home/docker/ros2_ws/src/pkg_pack_node/pkg_pack_node/install/kuka_kr10r1100sixx_cell_description/share/kuka_kr10r1100sixx_cell_description//meshes/kr10r1100sixx_cell/collision/container_x03.stl
-- Installing: /home/docker/ros2_ws/src/pkg_pack_node/pkg_pack_node/install/kuka_kr10r1100sixx_cell_description/share/kuka_kr10r1100sixx_cell_description//meshes/kr10r1100sixx_cell/collision/link_6.stl
-- Installing: /home/docker/ros2_ws/src/pkg_pack_node/pkg_pack_node/install/kuka_kr10r1100sixx_cell_description/share/kuka_kr10r1100sixx_cell_description//meshes/kr10r1100sixx_cell/collision/PS_0986580371.stl
-- Installing: /home/docker/ros2_ws/src/pkg_pack_node/pkg_pack_node/install/kuka_kr10r1100sixx_cell_description/share/kuka_kr10r1100sixx_cell_description//meshes/kr10r1100sixx_cell/collision/cylinder_col_br.stl
-- Installing: /home/docker/ros2_ws/src/pkg_pack_node/pkg_pack_node/install/kuka_kr10r1100sixx_cell_description/share/kuka_kr10r1100sixx_cell_description//meshes/kr10r1100sixx_cell/collision/container_x04.stl
-- Installing: /home/docker/ros2_ws/src/pkg_pack_node/pkg_pack_node/install/kuka_kr10r1100sixx_cell_description/share/kuka_kr10r1100sixx_cell_description//meshes/kr10r1100sixx_cell/collision/container_x01.stl
-- Installing: /home/docker/ros2_ws/src/pkg_pack_node/pkg_pack_node/install/kuka_kr10r1100sixx_cell_description/share/kuka_kr10r1100sixx_cell_description//meshes/kr10r1100sixx_cell/collision/PS_0281002497.stl
-- Installing: /home/docker/ros2_ws/src/pkg_pack_node/pkg_pack_node/install/kuka_kr10r1100sixx_cell_description/share/kuka_kr10r1100sixx_cell_description//meshes/kr10r1100sixx_cell/collision/link_5.stl
-- Installing: /home/docker/ros2_ws/src/pkg_pack_node/pkg_pack_node/install/kuka_kr10r1100sixx_cell_description/share/kuka_kr10r1100sixx_cell_description//meshes/kr10r1100sixx_cell/collision/table0.001.stl
-- Installing: /home/docker/ros2_ws/src/pkg_pack_node/pkg_pack_node/install/kuka_kr10r1100sixx_cell_description/share/kuka_kr10r1100sixx_cell_description//meshes/kr10r1100sixx_cell/collision/gripper_collision.stl
-- Installing: /home/docker/ros2_ws/src/pkg_pack_node/pkg_pack_node/install/kuka_kr10r1100sixx_cell_description/share/kuka_kr10r1100sixx_cell_description//meshes/kr10r1100sixx_cell/collision/shelf.stl
-- Installing: /home/docker/ros2_ws/src/pkg_pack_node/pkg_pack_node/install/kuka_kr10r1100sixx_cell_description/share/kuka_kr10r1100sixx_cell_description//meshes/kr10r1100sixx_cell/collision/link_4.stl
-- Installing: /home/docker/ros2_ws/src/pkg_pack_node/pkg_pack_node/install/kuka_kr10r1100sixx_cell_description/share/kuka_kr10r1100sixx_cell_description//meshes/kr10r1100sixx_cell/collision/PS_098601831.stl
-- Installing: /home/docker/ros2_ws/src/pkg_pack_node/pkg_pack_node/install/kuka_kr10r1100sixx_cell_description/share/kuka_kr10r1100sixx_cell_description//meshes/kr10r1100sixx_cell/collision/container_x08.stl
-- Installing: /home/docker/ros2_ws/src/pkg_pack_node/pkg_pack_node/install/kuka_kr10r1100sixx_cell_description/share/kuka_kr10r1100sixx_cell_description//meshes/kr10r1100sixx_cell/collision/gripper_col_base.stl
-- Installing: /home/docker/ros2_ws/src/pkg_pack_node/pkg_pack_node/install/kuka_kr10r1100sixx_cell_description/share/kuka_kr10r1100sixx_cell_description//meshes/kr10r1100sixx_cell/collision/PS_0986475039.stl
-- Installing: /home/docker/ros2_ws/src/pkg_pack_node/pkg_pack_node/install/kuka_kr10r1100sixx_cell_description/share/kuka_kr10r1100sixx_cell_description//meshes/kr10r1100sixx_cell/collision/container_x22.stl
-- Installing: /home/docker/ros2_ws/src/pkg_pack_node/pkg_pack_node/install/kuka_kr10r1100sixx_cell_description/share/kuka_kr10r1100sixx_cell_description//meshes/kr10r1100sixx_cell/collision/cylinder_col_bl.stl
-- Installing: /home/docker/ros2_ws/src/pkg_pack_node/pkg_pack_node/install/kuka_kr10r1100sixx_cell_description/share/kuka_kr10r1100sixx_cell_description//meshes/kr10r1100sixx_cell/collision/RoboterTisch v1.stl
-- Installing: /home/docker/ros2_ws/src/pkg_pack_node/pkg_pack_node/install/kuka_kr10r1100sixx_cell_description/share/kuka_kr10r1100sixx_cell_description//meshes/kr10r1100sixx_cell/collision/container_x06.stl
-- Installing: /home/docker/ros2_ws/src/pkg_pack_node/pkg_pack_node/install/kuka_kr10r1100sixx_cell_description/share/kuka_kr10r1100sixx_cell_description//meshes/kr10r1100sixx_cell/collision/container_x05.stl
-- Installing: /home/docker/ros2_ws/src/pkg_pack_node/pkg_pack_node/install/kuka_kr10r1100sixx_cell_description/share/kuka_kr10r1100sixx_cell_description//meshes/kr10r1100sixx_cell/collision/cylinder_col_fr.stl
-- Installing: /home/docker/ros2_ws/src/pkg_pack_node/pkg_pack_node/install/kuka_kr10r1100sixx_cell_description/share/kuka_kr10r1100sixx_cell_description//meshes/kr10r1100sixx_cell/collision/container_x02.stl
-- Installing: /home/docker/ros2_ws/src/pkg_pack_node/pkg_pack_node/install/kuka_kr10r1100sixx_cell_description/share/kuka_kr10r1100sixx_cell_description//meshes/kr10r1100sixx_cell/collision/base_link.stl
-- Installing: /home/docker/ros2_ws/src/pkg_pack_node/pkg_pack_node/install/kuka_kr10r1100sixx_cell_description/share/kuka_kr10r1100sixx_cell_description//meshes/kr10r1100sixx_cell/collision/cylinder_col_fl.stl
-- Installing: /home/docker/ros2_ws/src/pkg_pack_node/pkg_pack_node/install/kuka_kr10r1100sixx_cell_description/share/kuka_kr10r1100sixx_cell_description//meshes/kr10r1100sixx_cell/collision/link_1.stl
-- Installing: /home/docker/ros2_ws/src/pkg_pack_node/pkg_pack_node/install/kuka_kr10r1100sixx_cell_description/share/kuka_kr10r1100sixx_cell_description//meshes/kr10r1100sixx_cell/collision/link_3.stl
-- Installing: /home/docker/ros2_ws/src/pkg_pack_node/pkg_pack_node/install/kuka_kr10r1100sixx_cell_description/share/kuka_kr10r1100sixx_cell_description//meshes/kr10r1100sixx_cell/collision/shelf_new.stl
-- Installing: /home/docker/ros2_ws/src/pkg_pack_node/pkg_pack_node/install/kuka_kr10r1100sixx_cell_description/share/kuka_kr10r1100sixx_cell_description//meshes/kr10r1100sixx_cell/collision/container_x07.stl
-- Installing: /home/docker/ros2_ws/src/pkg_pack_node/pkg_pack_node/install/kuka_kr10r1100sixx_cell_description/share/kuka_kr10r1100sixx_cell_description//meshes/kr10r1100sixx_cell/visual
-- Installing: /home/docker/ros2_ws/src/pkg_pack_node/pkg_pack_node/install/kuka_kr10r1100sixx_cell_description/share/kuka_kr10r1100sixx_cell_description//meshes/kr10r1100sixx_cell/visual/link_2.stl
-- Installing: /home/docker/ros2_ws/src/pkg_pack_node/pkg_pack_node/install/kuka_kr10r1100sixx_cell_description/share/kuka_kr10r1100sixx_cell_description//meshes/kr10r1100sixx_cell/visual/container_x03.stl
-- Installing: /home/docker/ros2_ws/src/pkg_pack_node/pkg_pack_node/install/kuka_kr10r1100sixx_cell_description/share/kuka_kr10r1100sixx_cell_description//meshes/kr10r1100sixx_cell/visual/gripper_visual_base.stl
-- Installing: /home/docker/ros2_ws/src/pkg_pack_node/pkg_pack_node/install/kuka_kr10r1100sixx_cell_description/share/kuka_kr10r1100sixx_cell_description//meshes/kr10r1100sixx_cell/visual/cylinder_back_left.stl
-- Installing: /home/docker/ros2_ws/src/pkg_pack_node/pkg_pack_node/install/kuka_kr10r1100sixx_cell_description/share/kuka_kr10r1100sixx_cell_description//meshes/kr10r1100sixx_cell/visual/cylinder_front_left.stl
-- Installing: /home/docker/ros2_ws/src/pkg_pack_node/pkg_pack_node/install/kuka_kr10r1100sixx_cell_description/share/kuka_kr10r1100sixx_cell_description//meshes/kr10r1100sixx_cell/visual/link_6.stl
-- Installing: /home/docker/ros2_ws/src/pkg_pack_node/pkg_pack_node/install/kuka_kr10r1100sixx_cell_description/share/kuka_kr10r1100sixx_cell_description//meshes/kr10r1100sixx_cell/visual/PS_0986580371.stl
-- Installing: /home/docker/ros2_ws/src/pkg_pack_node/pkg_pack_node/install/kuka_kr10r1100sixx_cell_description/share/kuka_kr10r1100sixx_cell_description//meshes/kr10r1100sixx_cell/visual/container_x04.stl
-- Installing: /home/docker/ros2_ws/src/pkg_pack_node/pkg_pack_node/install/kuka_kr10r1100sixx_cell_description/share/kuka_kr10r1100sixx_cell_description//meshes/kr10r1100sixx_cell/visual/container_x01.stl
-- Installing: /home/docker/ros2_ws/src/pkg_pack_node/pkg_pack_node/install/kuka_kr10r1100sixx_cell_description/share/kuka_kr10r1100sixx_cell_description//meshes/kr10r1100sixx_cell/visual/PS_0281002497.stl
-- Installing: /home/docker/ros2_ws/src/pkg_pack_node/pkg_pack_node/install/kuka_kr10r1100sixx_cell_description/share/kuka_kr10r1100sixx_cell_description//meshes/kr10r1100sixx_cell/visual/link_5.stl
-- Installing: /home/docker/ros2_ws/src/pkg_pack_node/pkg_pack_node/install/kuka_kr10r1100sixx_cell_description/share/kuka_kr10r1100sixx_cell_description//meshes/kr10r1100sixx_cell/visual/table0.001.stl
-- Installing: /home/docker/ros2_ws/src/pkg_pack_node/pkg_pack_node/install/kuka_kr10r1100sixx_cell_description/share/kuka_kr10r1100sixx_cell_description//meshes/kr10r1100sixx_cell/visual/gripper_collision.stl
-- Installing: /home/docker/ros2_ws/src/pkg_pack_node/pkg_pack_node/install/kuka_kr10r1100sixx_cell_description/share/kuka_kr10r1100sixx_cell_description//meshes/kr10r1100sixx_cell/visual/shelf.stl
-- Installing: /home/docker/ros2_ws/src/pkg_pack_node/pkg_pack_node/install/kuka_kr10r1100sixx_cell_description/share/kuka_kr10r1100sixx_cell_description//meshes/kr10r1100sixx_cell/visual/link_4.stl
-- Installing: /home/docker/ros2_ws/src/pkg_pack_node/pkg_pack_node/install/kuka_kr10r1100sixx_cell_description/share/kuka_kr10r1100sixx_cell_description//meshes/kr10r1100sixx_cell/visual/PS_098601831.stl
-- Installing: /home/docker/ros2_ws/src/pkg_pack_node/pkg_pack_node/install/kuka_kr10r1100sixx_cell_description/share/kuka_kr10r1100sixx_cell_description//meshes/kr10r1100sixx_cell/visual/container_x08.stl
-- Installing: /home/docker/ros2_ws/src/pkg_pack_node/pkg_pack_node/install/kuka_kr10r1100sixx_cell_description/share/kuka_kr10r1100sixx_cell_description//meshes/kr10r1100sixx_cell/visual/cylinder_front_right.stl
-- Installing: /home/docker/ros2_ws/src/pkg_pack_node/pkg_pack_node/install/kuka_kr10r1100sixx_cell_description/share/kuka_kr10r1100sixx_cell_description//meshes/kr10r1100sixx_cell/visual/PS_0986475039.stl
-- Installing: /home/docker/ros2_ws/src/pkg_pack_node/pkg_pack_node/install/kuka_kr10r1100sixx_cell_description/share/kuka_kr10r1100sixx_cell_description//meshes/kr10r1100sixx_cell/visual/container_x22.stl
-- Installing: /home/docker/ros2_ws/src/pkg_pack_node/pkg_pack_node/install/kuka_kr10r1100sixx_cell_description/share/kuka_kr10r1100sixx_cell_description//meshes/kr10r1100sixx_cell/visual/gripper_visual.stl
-- Installing: /home/docker/ros2_ws/src/pkg_pack_node/pkg_pack_node/install/kuka_kr10r1100sixx_cell_description/share/kuka_kr10r1100sixx_cell_description//meshes/kr10r1100sixx_cell/visual/RoboterTisch v1.stl
-- Installing: /home/docker/ros2_ws/src/pkg_pack_node/pkg_pack_node/install/kuka_kr10r1100sixx_cell_description/share/kuka_kr10r1100sixx_cell_description//meshes/kr10r1100sixx_cell/visual/container_x06.stl
-- Installing: /home/docker/ros2_ws/src/pkg_pack_node/pkg_pack_node/install/kuka_kr10r1100sixx_cell_description/share/kuka_kr10r1100sixx_cell_description//meshes/kr10r1100sixx_cell/visual/container_x05.stl
-- Installing: /home/docker/ros2_ws/src/pkg_pack_node/pkg_pack_node/install/kuka_kr10r1100sixx_cell_description/share/kuka_kr10r1100sixx_cell_description//meshes/kr10r1100sixx_cell/visual/container_x02.stl
-- Installing: /home/docker/ros2_ws/src/pkg_pack_node/pkg_pack_node/install/kuka_kr10r1100sixx_cell_description/share/kuka_kr10r1100sixx_cell_description//meshes/kr10r1100sixx_cell/visual/base_link.stl
-- Installing: /home/docker/ros2_ws/src/pkg_pack_node/pkg_pack_node/install/kuka_kr10r1100sixx_cell_description/share/kuka_kr10r1100sixx_cell_description//meshes/kr10r1100sixx_cell/visual/cylinder_back_right.stl
-- Installing: /home/docker/ros2_ws/src/pkg_pack_node/pkg_pack_node/install/kuka_kr10r1100sixx_cell_description/share/kuka_kr10r1100sixx_cell_description//meshes/kr10r1100sixx_cell/visual/link_1.stl
-- Installing: /home/docker/ros2_ws/src/pkg_pack_node/pkg_pack_node/install/kuka_kr10r1100sixx_cell_description/share/kuka_kr10r1100sixx_cell_description//meshes/kr10r1100sixx_cell/visual/link_3.stl
-- Installing: /home/docker/ros2_ws/src/pkg_pack_node/pkg_pack_node/install/kuka_kr10r1100sixx_cell_description/share/kuka_kr10r1100sixx_cell_description//meshes/kr10r1100sixx_cell/visual/shelf_new.stl
-- Installing: /home/docker/ros2_ws/src/pkg_pack_node/pkg_pack_node/install/kuka_kr10r1100sixx_cell_description/share/kuka_kr10r1100sixx_cell_description//meshes/kr10r1100sixx_cell/visual/container_x07.stl
-- Installing: /home/docker/ros2_ws/src/pkg_pack_node/pkg_pack_node/install/kuka_kr10r1100sixx_cell_description/share/kuka_kr10r1100sixx_cell_description//launch
-- Installing: /home/docker/ros2_ws/src/pkg_pack_node/pkg_pack_node/install/kuka_kr10r1100sixx_cell_description/share/kuka_kr10r1100sixx_cell_description//launch/kr10.launch.py
-- Installing: /home/docker/ros2_ws/src/pkg_pack_node/pkg_pack_node/install/kuka_kr10r1100sixx_cell_description/share/kuka_kr10r1100sixx_cell_description//launch/demo_modified.launch.py
-- Installing: /home/docker/ros2_ws/src/pkg_pack_node/pkg_pack_node/install/kuka_kr10r1100sixx_cell_description/share/kuka_kr10r1100sixx_cell_description//launch/test_gripper_controller.launch.py
-- Installing: /home/docker/ros2_ws/src/pkg_pack_node/pkg_pack_node/install/kuka_kr10r1100sixx_cell_description/share/kuka_kr10r1100sixx_cell_description//launch/demo.launch.py
-- Installing: /home/docker/ros2_ws/src/pkg_pack_node/pkg_pack_node/install/kuka_kr10r1100sixx_cell_description/share/kuka_kr10r1100sixx_cell_description//launch/view_robot.launch.py
-- Installing: /home/docker/ros2_ws/src/pkg_pack_node/pkg_pack_node/install/kuka_kr10r1100sixx_cell_description/share/kuka_kr10r1100sixx_cell_description//launch/test.launch.py
-- Installing: /home/docker/ros2_ws/src/pkg_pack_node/pkg_pack_node/install/kuka_kr10r1100sixx_cell_description/share/kuka_kr10r1100sixx_cell_description//config
-- Installing: /home/docker/ros2_ws/src/pkg_pack_node/pkg_pack_node/install/kuka_kr10r1100sixx_cell_description/share/kuka_kr10r1100sixx_cell_description//config/ros2_controllers.yaml
-- Installing: /home/docker/ros2_ws/src/pkg_pack_node/pkg_pack_node/install/kuka_kr10r1100sixx_cell_description/share/kuka_kr10r1100sixx_cell_description//config/kr10_cylinder.srdf
-- Installing: /home/docker/ros2_ws/src/pkg_pack_node/pkg_pack_node/install/kuka_kr10r1100sixx_cell_description/share/kuka_kr10r1100sixx_cell_description//config/moveit.rviz
-- Installing: /home/docker/ros2_ws/src/pkg_pack_node/pkg_pack_node/install/kuka_kr10r1100sixx_cell_description/share/kuka_kr10r1100sixx_cell_description//config/robot.srdf
-- Installing: /home/docker/ros2_ws/src/pkg_pack_node/pkg_pack_node/install/kuka_kr10r1100sixx_cell_description/share/kuka_kr10r1100sixx_cell_description//config/ompl_planning.yaml
-- Installing: /home/docker/ros2_ws/src/pkg_pack_node/pkg_pack_node/install/kuka_kr10r1100sixx_cell_description/share/kuka_kr10r1100sixx_cell_description//config/initial_positions.yaml
-- Installing: /home/docker/ros2_ws/src/pkg_pack_node/pkg_pack_node/install/kuka_kr10r1100sixx_cell_description/share/kuka_kr10r1100sixx_cell_description//config/kinematics.yaml
-- Installing: /home/docker/ros2_ws/src/pkg_pack_node/pkg_pack_node/install/kuka_kr10r1100sixx_cell_description/share/kuka_kr10r1100sixx_cell_description//config/gripper_publisher.yaml
-- Installing: /home/docker/ros2_ws/src/pkg_pack_node/pkg_pack_node/install/kuka_kr10r1100sixx_cell_description/share/ament_index/resource_index/package_run_dependencies/kuka_kr10r1100sixx_cell_description
-- Installing: /home/docker/ros2_ws/src/pkg_pack_node/pkg_pack_node/install/kuka_kr10r1100sixx_cell_description/share/ament_index/resource_index/parent_prefix_path/kuka_kr10r1100sixx_cell_description
-- Installing: /home/docker/ros2_ws/src/pkg_pack_node/pkg_pack_node/install/kuka_kr10r1100sixx_cell_description/share/kuka_kr10r1100sixx_cell_description/environment/ament_prefix_path.sh
-- Installing: /home/docker/ros2_ws/src/pkg_pack_node/pkg_pack_node/install/kuka_kr10r1100sixx_cell_description/share/kuka_kr10r1100sixx_cell_description/environment/ament_prefix_path.dsv
-- Installing: /home/docker/ros2_ws/src/pkg_pack_node/pkg_pack_node/install/kuka_kr10r1100sixx_cell_description/share/kuka_kr10r1100sixx_cell_description/environment/path.sh
-- Installing: /home/docker/ros2_ws/src/pkg_pack_node/pkg_pack_node/install/kuka_kr10r1100sixx_cell_description/share/kuka_kr10r1100sixx_cell_description/environment/path.dsv
-- Installing: /home/docker/ros2_ws/src/pkg_pack_node/pkg_pack_node/install/kuka_kr10r1100sixx_cell_description/share/kuka_kr10r1100sixx_cell_description/local_setup.bash
-- Installing: /home/docker/ros2_ws/src/pkg_pack_node/pkg_pack_node/install/kuka_kr10r1100sixx_cell_description/share/kuka_kr10r1100sixx_cell_description/local_setup.sh
-- Installing: /home/docker/ros2_ws/src/pkg_pack_node/pkg_pack_node/install/kuka_kr10r1100sixx_cell_description/share/kuka_kr10r1100sixx_cell_description/local_setup.zsh
-- Installing: /home/docker/ros2_ws/src/pkg_pack_node/pkg_pack_node/install/kuka_kr10r1100sixx_cell_description/share/kuka_kr10r1100sixx_cell_description/local_setup.dsv
-- Installing: /home/docker/ros2_ws/src/pkg_pack_node/pkg_pack_node/install/kuka_kr10r1100sixx_cell_description/share/kuka_kr10r1100sixx_cell_description/package.dsv
-- Installing: /home/docker/ros2_ws/src/pkg_pack_node/pkg_pack_node/install/kuka_kr10r1100sixx_cell_description/share/ament_index/resource_index/packages/kuka_kr10r1100sixx_cell_description
-- Installing: /home/docker/ros2_ws/src/pkg_pack_node/pkg_pack_node/install/kuka_kr10r1100sixx_cell_description/share/kuka_kr10r1100sixx_cell_description/cmake/kuka_kr10r1100sixx_cell_descriptionConfig.cmake
-- Installing: /home/docker/ros2_ws/src/pkg_pack_node/pkg_pack_node/install/kuka_kr10r1100sixx_cell_description/share/kuka_kr10r1100sixx_cell_description/cmake/kuka_kr10r1100sixx_cell_descriptionConfig-version.cmake
-- Installing: /home/docker/ros2_ws/src/pkg_pack_node/pkg_pack_node/install/kuka_kr10r1100sixx_cell_description/share/kuka_kr10r1100sixx_cell_description/package.xml
