running egg_info
writing ../build/pkg_pack_node/pkg_pack_node.egg-info/PKG-INFO
writing dependency_links to ../build/pkg_pack_node/pkg_pack_node.egg-info/dependency_links.txt
writing entry points to ../build/pkg_pack_node/pkg_pack_node.egg-info/entry_points.txt
writing requirements to ../build/pkg_pack_node/pkg_pack_node.egg-info/requires.txt
writing top-level names to ../build/pkg_pack_node/pkg_pack_node.egg-info/top_level.txt
reading manifest file '../build/pkg_pack_node/pkg_pack_node.egg-info/SOURCES.txt'
adding license file 'LICENSE'
writing manifest file '../build/pkg_pack_node/pkg_pack_node.egg-info/SOURCES.txt'
running build
running build_py
copying pkg_pack_node/order_subscriber.py -> /home/robot/ros_ws/src/build/pkg_pack_node/build/lib/pkg_pack_node
copying pkg_pack_node/Pack_Algorithm.py -> /home/robot/ros_ws/src/build/pkg_pack_node/build/lib/pkg_pack_node
running install
/usr/lib/python3/dist-packages/setuptools/command/install.py:34: SetuptoolsDeprecationWarning: setup.py install is deprecated. Use build and pip and other standards-based tools.
  warnings.warn(
running install_lib
copying /home/robot/ros_ws/src/build/pkg_pack_node/build/lib/pkg_pack_node/order_subscriber.py -> /home/robot/ros_ws/src/install/pkg_pack_node/lib/python3.10/site-packages/pkg_pack_node
copying /home/robot/ros_ws/src/build/pkg_pack_node/build/lib/pkg_pack_node/Pack_Algorithm.py -> /home/robot/ros_ws/src/install/pkg_pack_node/lib/python3.10/site-packages/pkg_pack_node
byte-compiling /home/robot/ros_ws/src/install/pkg_pack_node/lib/python3.10/site-packages/pkg_pack_node/order_subscriber.py to order_subscriber.cpython-310.pyc
byte-compiling /home/robot/ros_ws/src/install/pkg_pack_node/lib/python3.10/site-packages/pkg_pack_node/Pack_Algorithm.py to Pack_Algorithm.cpython-310.pyc
running install_data
running install_egg_info
removing '/home/robot/ros_ws/src/install/pkg_pack_node/lib/python3.10/site-packages/pkg_pack_node-0.0.0-py3.10.egg-info' (and everything under it)
Copying ../build/pkg_pack_node/pkg_pack_node.egg-info to /home/robot/ros_ws/src/install/pkg_pack_node/lib/python3.10/site-packages/pkg_pack_node-0.0.0-py3.10.egg-info
running install_scripts
Installing pack_node script to /home/robot/ros_ws/src/install/pkg_pack_node/lib/pkg_pack_node
writing list of installed files to '/home/robot/ros_ws/src/build/pkg_pack_node/install.log'
