[0.692s] Invoking command in '/home/robot/ros_ws/src/pkg_pack_node': PYTHONPATH=/home/robot/ros_ws/src/build/pkg_pack_node/prefix_override:/home/robot/ros_ws/src/install/pkg_pack_node/lib/python3.10/site-packages:${PYTHONPATH} /usr/bin/python3 setup.py egg_info --egg-base ../build/pkg_pack_node build --build-base /home/robot/ros_ws/src/build/pkg_pack_node/build install --record /home/robot/ros_ws/src/build/pkg_pack_node/install.log --single-version-externally-managed
[0.872s] running egg_info
[0.872s] writing ../build/pkg_pack_node/pkg_pack_node.egg-info/PKG-INFO
[0.872s] writing dependency_links to ../build/pkg_pack_node/pkg_pack_node.egg-info/dependency_links.txt
[0.873s] writing entry points to ../build/pkg_pack_node/pkg_pack_node.egg-info/entry_points.txt
[0.873s] writing requirements to ../build/pkg_pack_node/pkg_pack_node.egg-info/requires.txt
[0.873s] writing top-level names to ../build/pkg_pack_node/pkg_pack_node.egg-info/top_level.txt
[0.874s] reading manifest file '../build/pkg_pack_node/pkg_pack_node.egg-info/SOURCES.txt'
[0.875s] adding license file 'LICENSE'
[0.875s] writing manifest file '../build/pkg_pack_node/pkg_pack_node.egg-info/SOURCES.txt'
[0.875s] running build
[0.875s] running build_py
[0.875s] copying pkg_pack_node/order_subscriber.py -> /home/robot/ros_ws/src/build/pkg_pack_node/build/lib/pkg_pack_node
[0.875s] copying pkg_pack_node/Pack_Algorithm.py -> /home/robot/ros_ws/src/build/pkg_pack_node/build/lib/pkg_pack_node
[0.876s] running install
[0.876s] /usr/lib/python3/dist-packages/setuptools/command/install.py:34: SetuptoolsDeprecationWarning: setup.py install is deprecated. Use build and pip and other standards-based tools.
[0.876s]   warnings.warn(
[0.876s] running install_lib
[0.876s] copying /home/robot/ros_ws/src/build/pkg_pack_node/build/lib/pkg_pack_node/order_subscriber.py -> /home/robot/ros_ws/src/install/pkg_pack_node/lib/python3.10/site-packages/pkg_pack_node
[0.877s] copying /home/robot/ros_ws/src/build/pkg_pack_node/build/lib/pkg_pack_node/Pack_Algorithm.py -> /home/robot/ros_ws/src/install/pkg_pack_node/lib/python3.10/site-packages/pkg_pack_node
[0.877s] byte-compiling /home/robot/ros_ws/src/install/pkg_pack_node/lib/python3.10/site-packages/pkg_pack_node/order_subscriber.py to order_subscriber.cpython-310.pyc
[0.878s] byte-compiling /home/robot/ros_ws/src/install/pkg_pack_node/lib/python3.10/site-packages/pkg_pack_node/Pack_Algorithm.py to Pack_Algorithm.cpython-310.pyc
[0.879s] running install_data
[0.880s] running install_egg_info
[0.881s] removing '/home/robot/ros_ws/src/install/pkg_pack_node/lib/python3.10/site-packages/pkg_pack_node-0.0.0-py3.10.egg-info' (and everything under it)
[0.881s] Copying ../build/pkg_pack_node/pkg_pack_node.egg-info to /home/robot/ros_ws/src/install/pkg_pack_node/lib/python3.10/site-packages/pkg_pack_node-0.0.0-py3.10.egg-info
[0.882s] running install_scripts
[0.899s] Installing pack_node script to /home/robot/ros_ws/src/install/pkg_pack_node/lib/pkg_pack_node
[0.900s] writing list of installed files to '/home/robot/ros_ws/src/build/pkg_pack_node/install.log'
[0.932s] Invoked command in '/home/robot/ros_ws/src/pkg_pack_node' returned '0': PYTHONPATH=/home/robot/ros_ws/src/build/pkg_pack_node/prefix_override:/home/robot/ros_ws/src/install/pkg_pack_node/lib/python3.10/site-packages:${PYTHONPATH} /usr/bin/python3 setup.py egg_info --egg-base ../build/pkg_pack_node build --build-base /home/robot/ros_ws/src/build/pkg_pack_node/build install --record /home/robot/ros_ws/src/build/pkg_pack_node/install.log --single-version-externally-managed
