-- Install configuration: ""
-- Installing: /home/docker/ros2_ws/src/pkg_pack_node/pkg_pack_node/install/kuka_kr210_description/share/kuka_kr210_description//urdf
-- Installing: /home/docker/ros2_ws/src/pkg_pack_node/pkg_pack_node/install/kuka_kr210_description/share/kuka_kr210_description//urdf/robot.urdf.xacro
-- Installing: /home/docker/ros2_ws/src/pkg_pack_node/pkg_pack_node/install/kuka_kr210_description/share/kuka_kr210_description//urdf/kr210l150_macro.xacro
-- Installing: /home/docker/ros2_ws/src/pkg_pack_node/pkg_pack_node/install/kuka_kr210_description/share/kuka_kr210_description//meshes
-- Installing: /home/docker/ros2_ws/src/pkg_pack_node/pkg_pack_node/install/kuka_kr210_description/share/kuka_kr210_description//meshes/kr210l150
-- Installing: /home/docker/ros2_ws/src/pkg_pack_node/pkg_pack_node/install/kuka_kr210_description/share/kuka_kr210_description//meshes/kr210l150/collision
-- Installing: /home/docker/ros2_ws/src/pkg_pack_node/pkg_pack_node/install/kuka_kr210_description/share/kuka_kr210_description//meshes/kr210l150/collision/link_2.stl
-- Installing: /home/docker/ros2_ws/src/pkg_pack_node/pkg_pack_node/install/kuka_kr210_description/share/kuka_kr210_description//meshes/kr210l150/collision/link_6.stl
-- Installing: /home/docker/ros2_ws/src/pkg_pack_node/pkg_pack_node/install/kuka_kr210_description/share/kuka_kr210_description//meshes/kr210l150/collision/link_5.stl
-- Installing: /home/docker/ros2_ws/src/pkg_pack_node/pkg_pack_node/install/kuka_kr210_description/share/kuka_kr210_description//meshes/kr210l150/collision/link_4.stl
-- Installing: /home/docker/ros2_ws/src/pkg_pack_node/pkg_pack_node/install/kuka_kr210_description/share/kuka_kr210_description//meshes/kr210l150/collision/base_link.stl
-- Installing: /home/docker/ros2_ws/src/pkg_pack_node/pkg_pack_node/install/kuka_kr210_description/share/kuka_kr210_description//meshes/kr210l150/collision/link_1.stl
-- Installing: /home/docker/ros2_ws/src/pkg_pack_node/pkg_pack_node/install/kuka_kr210_description/share/kuka_kr210_description//meshes/kr210l150/collision/link_3.stl
-- Installing: /home/docker/ros2_ws/src/pkg_pack_node/pkg_pack_node/install/kuka_kr210_description/share/kuka_kr210_description//meshes/kr210l150/visual
-- Installing: /home/docker/ros2_ws/src/pkg_pack_node/pkg_pack_node/install/kuka_kr210_description/share/kuka_kr210_description//meshes/kr210l150/visual/link_5.dae
-- Installing: /home/docker/ros2_ws/src/pkg_pack_node/pkg_pack_node/install/kuka_kr210_description/share/kuka_kr210_description//meshes/kr210l150/visual/link_4.dae
-- Installing: /home/docker/ros2_ws/src/pkg_pack_node/pkg_pack_node/install/kuka_kr210_description/share/kuka_kr210_description//meshes/kr210l150/visual/link_3.dae
-- Installing: /home/docker/ros2_ws/src/pkg_pack_node/pkg_pack_node/install/kuka_kr210_description/share/kuka_kr210_description//meshes/kr210l150/visual/base_link.dae
-- Installing: /home/docker/ros2_ws/src/pkg_pack_node/pkg_pack_node/install/kuka_kr210_description/share/kuka_kr210_description//meshes/kr210l150/visual/link_2.dae
-- Installing: /home/docker/ros2_ws/src/pkg_pack_node/pkg_pack_node/install/kuka_kr210_description/share/kuka_kr210_description//meshes/kr210l150/visual/link_6.dae
-- Installing: /home/docker/ros2_ws/src/pkg_pack_node/pkg_pack_node/install/kuka_kr210_description/share/kuka_kr210_description//meshes/kr210l150/visual/link_1.dae
-- Installing: /home/docker/ros2_ws/src/pkg_pack_node/pkg_pack_node/install/kuka_kr210_description/share/kuka_kr210_description//config
-- Installing: /home/docker/ros2_ws/src/pkg_pack_node/pkg_pack_node/install/kuka_kr210_description/share/kuka_kr210_description//config/robot.srdf
-- Installing: /home/docker/ros2_ws/src/pkg_pack_node/pkg_pack_node/install/kuka_kr210_description/share/ament_index/resource_index/package_run_dependencies/kuka_kr210_description
-- Installing: /home/docker/ros2_ws/src/pkg_pack_node/pkg_pack_node/install/kuka_kr210_description/share/ament_index/resource_index/parent_prefix_path/kuka_kr210_description
-- Installing: /home/docker/ros2_ws/src/pkg_pack_node/pkg_pack_node/install/kuka_kr210_description/share/kuka_kr210_description/environment/ament_prefix_path.sh
-- Installing: /home/docker/ros2_ws/src/pkg_pack_node/pkg_pack_node/install/kuka_kr210_description/share/kuka_kr210_description/environment/ament_prefix_path.dsv
-- Installing: /home/docker/ros2_ws/src/pkg_pack_node/pkg_pack_node/install/kuka_kr210_description/share/kuka_kr210_description/environment/path.sh
-- Installing: /home/docker/ros2_ws/src/pkg_pack_node/pkg_pack_node/install/kuka_kr210_description/share/kuka_kr210_description/environment/path.dsv
-- Installing: /home/docker/ros2_ws/src/pkg_pack_node/pkg_pack_node/install/kuka_kr210_description/share/kuka_kr210_description/local_setup.bash
-- Installing: /home/docker/ros2_ws/src/pkg_pack_node/pkg_pack_node/install/kuka_kr210_description/share/kuka_kr210_description/local_setup.sh
-- Installing: /home/docker/ros2_ws/src/pkg_pack_node/pkg_pack_node/install/kuka_kr210_description/share/kuka_kr210_description/local_setup.zsh
-- Installing: /home/docker/ros2_ws/src/pkg_pack_node/pkg_pack_node/install/kuka_kr210_description/share/kuka_kr210_description/local_setup.dsv
-- Installing: /home/docker/ros2_ws/src/pkg_pack_node/pkg_pack_node/install/kuka_kr210_description/share/kuka_kr210_description/package.dsv
-- Installing: /home/docker/ros2_ws/src/pkg_pack_node/pkg_pack_node/install/kuka_kr210_description/share/ament_index/resource_index/packages/kuka_kr210_description
-- Installing: /home/docker/ros2_ws/src/pkg_pack_node/pkg_pack_node/install/kuka_kr210_description/share/kuka_kr210_description/cmake/kuka_kr210_descriptionConfig.cmake
-- Installing: /home/docker/ros2_ws/src/pkg_pack_node/pkg_pack_node/install/kuka_kr210_description/share/kuka_kr210_description/cmake/kuka_kr210_descriptionConfig-version.cmake
-- Installing: /home/docker/ros2_ws/src/pkg_pack_node/pkg_pack_node/install/kuka_kr210_description/share/kuka_kr210_description/package.xml
