[0.048s] Invoking command in '/home/docker/ros2_ws/src/pkg_pack_node/pkg_pack_node/build/iras_srvs': CMAKE_PREFIX_PATH=${CMAKE_PREFIX_PATH}:/home/docker/ros2_ws/install/pkg_pack_node:/opt/ros/humble /usr/bin/cmake /home/docker/ros2_ws/src/pkg_pack_node/pkg_pack_node/Old/iras_srvs -DCMAKE_INSTALL_PREFIX=/home/docker/ros2_ws/src/pkg_pack_node/pkg_pack_node/install/iras_srvs
[0.238s] -- Found ament_cmake: 1.3.9 (/opt/ros/humble/share/ament_cmake/cmake)
[0.239s] -- Found geometry_msgs: 4.2.4 (/opt/ros/humble/share/geometry_msgs/cmake)
[0.239s] -- Found rosidl_generator_c: 3.1.5 (/opt/ros/humble/share/rosidl_generator_c/cmake)
[0.239s] -- Found rosidl_adapter: 3.1.5 (/opt/ros/humble/share/rosidl_adapter/cmake)
[0.239s] -- Found rosidl_generator_cpp: 3.1.5 (/opt/ros/humble/share/rosidl_generator_cpp/cmake)
[0.239s] -- Using all available rosidl_typesupport_c: rosidl_typesupport_fastrtps_c;rosidl_typesupport_introspection_c
[0.239s] -- Using all available rosidl_typesupport_cpp: rosidl_typesupport_fastrtps_cpp;rosidl_typesupport_introspection_cpp
[0.350s] -- Found shape_msgs: 4.2.4 (/opt/ros/humble/share/shape_msgs/cmake)
[0.425s] [31mCMake Error at CMakeLists.txt:16 (find_package):
[0.425s]   By not providing "Findmoveit_msgs.cmake" in CMAKE_MODULE_PATH this project
[0.425s]   has asked CMake to find a package configuration file provided by
[0.425s]   "moveit_msgs", but CMake did not find one.
[0.425s] 
[0.426s]   Could not find a package configuration file provided by "moveit_msgs" with
[0.426s]   any of the following names:
[0.426s] 
[0.426s]     moveit_msgsConfig.cmake
[0.426s]     moveit_msgs-config.cmake
[0.426s] 
[0.426s]   Add the installation prefix of "moveit_msgs" to CMAKE_PREFIX_PATH or set
[0.426s]   "moveit_msgs_DIR" to a directory containing one of the above files.  If
[0.427s]   "moveit_msgs" provides a separate development package or SDK, be sure it
[0.427s]   has been installed.
[0.427s] 
[0.427s] -- Configuring incomplete, errors occurred!
[0.427s] See also "/home/docker/ros2_ws/src/pkg_pack_node/pkg_pack_node/build/iras_srvs/CMakeFiles/CMakeOutput.log".
[0.427s] [0m
[0.452s] Invoked command in '/home/docker/ros2_ws/src/pkg_pack_node/pkg_pack_node/build/iras_srvs' returned '1': CMAKE_PREFIX_PATH=${CMAKE_PREFIX_PATH}:/home/docker/ros2_ws/install/pkg_pack_node:/opt/ros/humble /usr/bin/cmake /home/docker/ros2_ws/src/pkg_pack_node/pkg_pack_node/Old/iras_srvs -DCMAKE_INSTALL_PREFIX=/home/docker/ros2_ws/src/pkg_pack_node/pkg_pack_node/install/iras_srvs
