[0.196s] Invoking command in '/home/docker/ros2_ws/src/pkg_pack_node/pkg_pack_node/build/kuka_kr150_description': CMAKE_PREFIX_PATH=${CMAKE_PREFIX_PATH}:/home/docker/ros2_ws/install/pkg_pack_node:/opt/ros/humble /usr/bin/cmake --build /home/docker/ros2_ws/src/pkg_pack_node/pkg_pack_node/build/kuka_kr150_description -- -j16 -l16
[0.258s] Invoked command in '/home/docker/ros2_ws/src/pkg_pack_node/pkg_pack_node/build/kuka_kr150_description' returned '0': CMAKE_PREFIX_PATH=${CMAKE_PREFIX_PATH}:/home/docker/ros2_ws/install/pkg_pack_node:/opt/ros/humble /usr/bin/cmake --build /home/docker/ros2_ws/src/pkg_pack_node/pkg_pack_node/build/kuka_kr150_description -- -j16 -l16
[0.318s] Invoking command in '/home/docker/ros2_ws/src/pkg_pack_node/pkg_pack_node/build/kuka_kr150_description': CMAKE_PREFIX_PATH=${CMAKE_PREFIX_PATH}:/home/docker/ros2_ws/install/pkg_pack_node:/opt/ros/humble /usr/bin/cmake --install /home/docker/ros2_ws/src/pkg_pack_node/pkg_pack_node/build/kuka_kr150_description
[0.374s] -- Install configuration: ""
[0.375s] -- Installing: /home/docker/ros2_ws/src/pkg_pack_node/pkg_pack_node/install/kuka_kr150_description/share/kuka_kr150_description//urdf
[0.375s] -- Installing: /home/docker/ros2_ws/src/pkg_pack_node/pkg_pack_node/install/kuka_kr150_description/share/kuka_kr150_description//urdf/robot.urdf.xacro
[0.375s] -- Installing: /home/docker/ros2_ws/src/pkg_pack_node/pkg_pack_node/install/kuka_kr150_description/share/kuka_kr150_description//urdf/kr150_2_macro.xacro
[0.375s] -- Installing: /home/docker/ros2_ws/src/pkg_pack_node/pkg_pack_node/install/kuka_kr150_description/share/kuka_kr150_description//meshes
[0.376s] -- Installing: /home/docker/ros2_ws/src/pkg_pack_node/pkg_pack_node/install/kuka_kr150_description/share/kuka_kr150_description//meshes/kr150_2
[0.376s] -- Installing: /home/docker/ros2_ws/src/pkg_pack_node/pkg_pack_node/install/kuka_kr150_description/share/kuka_kr150_description//meshes/kr150_2/collision
[0.376s] -- Installing: /home/docker/ros2_ws/src/pkg_pack_node/pkg_pack_node/install/kuka_kr150_description/share/kuka_kr150_description//meshes/kr150_2/collision/link_2.stl
[0.377s] -- Installing: /home/docker/ros2_ws/src/pkg_pack_node/pkg_pack_node/install/kuka_kr150_description/share/kuka_kr150_description//meshes/kr150_2/collision/link_6.stl
[0.377s] -- Installing: /home/docker/ros2_ws/src/pkg_pack_node/pkg_pack_node/install/kuka_kr150_description/share/kuka_kr150_description//meshes/kr150_2/collision/link_5.stl
[0.378s] -- Installing: /home/docker/ros2_ws/src/pkg_pack_node/pkg_pack_node/install/kuka_kr150_description/share/kuka_kr150_description//meshes/kr150_2/collision/link_4.stl
[0.378s] -- Installing: /home/docker/ros2_ws/src/pkg_pack_node/pkg_pack_node/install/kuka_kr150_description/share/kuka_kr150_description//meshes/kr150_2/collision/base_link.stl
[0.379s] -- Installing: /home/docker/ros2_ws/src/pkg_pack_node/pkg_pack_node/install/kuka_kr150_description/share/kuka_kr150_description//meshes/kr150_2/collision/link_1.stl
[0.379s] -- Installing: /home/docker/ros2_ws/src/pkg_pack_node/pkg_pack_node/install/kuka_kr150_description/share/kuka_kr150_description//meshes/kr150_2/collision/link_3.stl
[0.380s] -- Installing: /home/docker/ros2_ws/src/pkg_pack_node/pkg_pack_node/install/kuka_kr150_description/share/kuka_kr150_description//meshes/kr150_2/visual
[0.381s] -- Installing: /home/docker/ros2_ws/src/pkg_pack_node/pkg_pack_node/install/kuka_kr150_description/share/kuka_kr150_description//meshes/kr150_2/visual/link_5.dae
[0.381s] -- Installing: /home/docker/ros2_ws/src/pkg_pack_node/pkg_pack_node/install/kuka_kr150_description/share/kuka_kr150_description//meshes/kr150_2/visual/link_4.dae
[0.381s] -- Installing: /home/docker/ros2_ws/src/pkg_pack_node/pkg_pack_node/install/kuka_kr150_description/share/kuka_kr150_description//meshes/kr150_2/visual/link_3.dae
[0.405s] -- Installing: /home/docker/ros2_ws/src/pkg_pack_node/pkg_pack_node/install/kuka_kr150_description/share/kuka_kr150_description//meshes/kr150_2/visual/base_link.dae
[0.405s] -- Installing: /home/docker/ros2_ws/src/pkg_pack_node/pkg_pack_node/install/kuka_kr150_description/share/kuka_kr150_description//meshes/kr150_2/visual/link_2.dae
[0.408s] -- Installing: /home/docker/ros2_ws/src/pkg_pack_node/pkg_pack_node/install/kuka_kr150_description/share/kuka_kr150_description//meshes/kr150_2/visual/link_6.dae
[0.416s] -- Installing: /home/docker/ros2_ws/src/pkg_pack_node/pkg_pack_node/install/kuka_kr150_description/share/kuka_kr150_description//meshes/kr150_2/visual/link_1.dae
[0.423s] -- Installing: /home/docker/ros2_ws/src/pkg_pack_node/pkg_pack_node/install/kuka_kr150_description/share/kuka_kr150_description//config
[0.423s] -- Installing: /home/docker/ros2_ws/src/pkg_pack_node/pkg_pack_node/install/kuka_kr150_description/share/kuka_kr150_description//config/robot.srdf
[0.425s] -- Installing: /home/docker/ros2_ws/src/pkg_pack_node/pkg_pack_node/install/kuka_kr150_description/share/ament_index/resource_index/package_run_dependencies/kuka_kr150_description
[0.427s] -- Installing: /home/docker/ros2_ws/src/pkg_pack_node/pkg_pack_node/install/kuka_kr150_description/share/ament_index/resource_index/parent_prefix_path/kuka_kr150_description
[0.427s] -- Installing: /home/docker/ros2_ws/src/pkg_pack_node/pkg_pack_node/install/kuka_kr150_description/share/kuka_kr150_description/environment/ament_prefix_path.sh
[0.428s] -- Installing: /home/docker/ros2_ws/src/pkg_pack_node/pkg_pack_node/install/kuka_kr150_description/share/kuka_kr150_description/environment/ament_prefix_path.dsv
[0.428s] -- Installing: /home/docker/ros2_ws/src/pkg_pack_node/pkg_pack_node/install/kuka_kr150_description/share/kuka_kr150_description/environment/path.sh
[0.429s] -- Installing: /home/docker/ros2_ws/src/pkg_pack_node/pkg_pack_node/install/kuka_kr150_description/share/kuka_kr150_description/environment/path.dsv
[0.431s] -- Installing: /home/docker/ros2_ws/src/pkg_pack_node/pkg_pack_node/install/kuka_kr150_description/share/kuka_kr150_description/local_setup.bash
[0.432s] -- Installing: /home/docker/ros2_ws/src/pkg_pack_node/pkg_pack_node/install/kuka_kr150_description/share/kuka_kr150_description/local_setup.sh
[0.434s] -- Installing: /home/docker/ros2_ws/src/pkg_pack_node/pkg_pack_node/install/kuka_kr150_description/share/kuka_kr150_description/local_setup.zsh
[0.434s] -- Installing: /home/docker/ros2_ws/src/pkg_pack_node/pkg_pack_node/install/kuka_kr150_description/share/kuka_kr150_description/local_setup.dsv
[0.434s] -- Installing: /home/docker/ros2_ws/src/pkg_pack_node/pkg_pack_node/install/kuka_kr150_description/share/kuka_kr150_description/package.dsv
[0.434s] -- Installing: /home/docker/ros2_ws/src/pkg_pack_node/pkg_pack_node/install/kuka_kr150_description/share/ament_index/resource_index/packages/kuka_kr150_description
[0.434s] -- Installing: /home/docker/ros2_ws/src/pkg_pack_node/pkg_pack_node/install/kuka_kr150_description/share/kuka_kr150_description/cmake/kuka_kr150_descriptionConfig.cmake
[0.435s] -- Installing: /home/docker/ros2_ws/src/pkg_pack_node/pkg_pack_node/install/kuka_kr150_description/share/kuka_kr150_description/cmake/kuka_kr150_descriptionConfig-version.cmake
[0.435s] -- Installing: /home/docker/ros2_ws/src/pkg_pack_node/pkg_pack_node/install/kuka_kr150_description/share/kuka_kr150_description/package.xml
[0.454s] Invoked command in '/home/docker/ros2_ws/src/pkg_pack_node/pkg_pack_node/build/kuka_kr150_description' returned '0': CMAKE_PREFIX_PATH=${CMAKE_PREFIX_PATH}:/home/docker/ros2_ws/install/pkg_pack_node:/opt/ros/humble /usr/bin/cmake --install /home/docker/ros2_ws/src/pkg_pack_node/pkg_pack_node/build/kuka_kr150_description
