[0.194s] Invoking command in '/home/docker/ros2_ws/src/pkg_pack_node/pkg_pack_node/build/kuka_kr120_description': CMAKE_PREFIX_PATH=${CMAKE_PREFIX_PATH}:/home/docker/ros2_ws/install/pkg_pack_node:/opt/ros/humble /usr/bin/cmake --build /home/docker/ros2_ws/src/pkg_pack_node/pkg_pack_node/build/kuka_kr120_description -- -j16 -l16
[0.252s] Invoked command in '/home/docker/ros2_ws/src/pkg_pack_node/pkg_pack_node/build/kuka_kr120_description' returned '0': CMAKE_PREFIX_PATH=${CMAKE_PREFIX_PATH}:/home/docker/ros2_ws/install/pkg_pack_node:/opt/ros/humble /usr/bin/cmake --build /home/docker/ros2_ws/src/pkg_pack_node/pkg_pack_node/build/kuka_kr120_description -- -j16 -l16
[0.297s] Invoking command in '/home/docker/ros2_ws/src/pkg_pack_node/pkg_pack_node/build/kuka_kr120_description': CMAKE_PREFIX_PATH=${CMAKE_PREFIX_PATH}:/home/docker/ros2_ws/install/pkg_pack_node:/opt/ros/humble /usr/bin/cmake --install /home/docker/ros2_ws/src/pkg_pack_node/pkg_pack_node/build/kuka_kr120_description
[0.346s] -- Install configuration: ""
[0.356s] -- Up-to-date: /home/docker/ros2_ws/src/pkg_pack_node/pkg_pack_node/install/kuka_kr120_description/share/kuka_kr120_description//urdf
[0.356s] -- Up-to-date: /home/docker/ros2_ws/src/pkg_pack_node/pkg_pack_node/install/kuka_kr120_description/share/kuka_kr120_description//urdf/robot.urdf.xacro
[0.356s] -- Up-to-date: /home/docker/ros2_ws/src/pkg_pack_node/pkg_pack_node/install/kuka_kr120_description/share/kuka_kr120_description//urdf/kr120r2500pro_macro.xacro
[0.356s] -- Up-to-date: /home/docker/ros2_ws/src/pkg_pack_node/pkg_pack_node/install/kuka_kr120_description/share/kuka_kr120_description//meshes
[0.356s] -- Up-to-date: /home/docker/ros2_ws/src/pkg_pack_node/pkg_pack_node/install/kuka_kr120_description/share/kuka_kr120_description//meshes/kr120r2500pro
[0.356s] -- Up-to-date: /home/docker/ros2_ws/src/pkg_pack_node/pkg_pack_node/install/kuka_kr120_description/share/kuka_kr120_description//meshes/kr120r2500pro/collision
[0.357s] -- Up-to-date: /home/docker/ros2_ws/src/pkg_pack_node/pkg_pack_node/install/kuka_kr120_description/share/kuka_kr120_description//meshes/kr120r2500pro/collision/link_2.stl
[0.357s] -- Up-to-date: /home/docker/ros2_ws/src/pkg_pack_node/pkg_pack_node/install/kuka_kr120_description/share/kuka_kr120_description//meshes/kr120r2500pro/collision/link_6.stl
[0.357s] -- Up-to-date: /home/docker/ros2_ws/src/pkg_pack_node/pkg_pack_node/install/kuka_kr120_description/share/kuka_kr120_description//meshes/kr120r2500pro/collision/link_5.stl
[0.357s] -- Up-to-date: /home/docker/ros2_ws/src/pkg_pack_node/pkg_pack_node/install/kuka_kr120_description/share/kuka_kr120_description//meshes/kr120r2500pro/collision/link_4.stl
[0.357s] -- Up-to-date: /home/docker/ros2_ws/src/pkg_pack_node/pkg_pack_node/install/kuka_kr120_description/share/kuka_kr120_description//meshes/kr120r2500pro/collision/base_link.stl
[0.357s] -- Up-to-date: /home/docker/ros2_ws/src/pkg_pack_node/pkg_pack_node/install/kuka_kr120_description/share/kuka_kr120_description//meshes/kr120r2500pro/collision/link_1.stl
[0.357s] -- Up-to-date: /home/docker/ros2_ws/src/pkg_pack_node/pkg_pack_node/install/kuka_kr120_description/share/kuka_kr120_description//meshes/kr120r2500pro/collision/link_3.stl
[0.357s] -- Up-to-date: /home/docker/ros2_ws/src/pkg_pack_node/pkg_pack_node/install/kuka_kr120_description/share/kuka_kr120_description//meshes/kr120r2500pro/visual
[0.358s] -- Up-to-date: /home/docker/ros2_ws/src/pkg_pack_node/pkg_pack_node/install/kuka_kr120_description/share/kuka_kr120_description//meshes/kr120r2500pro/visual/link_5.dae
[0.358s] -- Up-to-date: /home/docker/ros2_ws/src/pkg_pack_node/pkg_pack_node/install/kuka_kr120_description/share/kuka_kr120_description//meshes/kr120r2500pro/visual/link_4.dae
[0.358s] -- Up-to-date: /home/docker/ros2_ws/src/pkg_pack_node/pkg_pack_node/install/kuka_kr120_description/share/kuka_kr120_description//meshes/kr120r2500pro/visual/link_3.dae
[0.359s] -- Up-to-date: /home/docker/ros2_ws/src/pkg_pack_node/pkg_pack_node/install/kuka_kr120_description/share/kuka_kr120_description//meshes/kr120r2500pro/visual/base_link.dae
[0.359s] -- Up-to-date: /home/docker/ros2_ws/src/pkg_pack_node/pkg_pack_node/install/kuka_kr120_description/share/kuka_kr120_description//meshes/kr120r2500pro/visual/link_2.dae
[0.359s] -- Up-to-date: /home/docker/ros2_ws/src/pkg_pack_node/pkg_pack_node/install/kuka_kr120_description/share/kuka_kr120_description//meshes/kr120r2500pro/visual/link_6.dae
[0.359s] -- Up-to-date: /home/docker/ros2_ws/src/pkg_pack_node/pkg_pack_node/install/kuka_kr120_description/share/kuka_kr120_description//meshes/kr120r2500pro/visual/link_1.dae
[0.359s] -- Up-to-date: /home/docker/ros2_ws/src/pkg_pack_node/pkg_pack_node/install/kuka_kr120_description/share/kuka_kr120_description//config
[0.359s] -- Up-to-date: /home/docker/ros2_ws/src/pkg_pack_node/pkg_pack_node/install/kuka_kr120_description/share/kuka_kr120_description//config/robot.srdf
[0.360s] -- Up-to-date: /home/docker/ros2_ws/src/pkg_pack_node/pkg_pack_node/install/kuka_kr120_description/share/ament_index/resource_index/package_run_dependencies/kuka_kr120_description
[0.360s] -- Up-to-date: /home/docker/ros2_ws/src/pkg_pack_node/pkg_pack_node/install/kuka_kr120_description/share/ament_index/resource_index/parent_prefix_path/kuka_kr120_description
[0.360s] -- Installing: /home/docker/ros2_ws/src/pkg_pack_node/pkg_pack_node/install/kuka_kr120_description/share/kuka_kr120_description/environment/ament_prefix_path.sh
[0.360s] -- Up-to-date: /home/docker/ros2_ws/src/pkg_pack_node/pkg_pack_node/install/kuka_kr120_description/share/kuka_kr120_description/environment/ament_prefix_path.dsv
[0.360s] -- Installing: /home/docker/ros2_ws/src/pkg_pack_node/pkg_pack_node/install/kuka_kr120_description/share/kuka_kr120_description/environment/path.sh
[0.378s] -- Up-to-date: /home/docker/ros2_ws/src/pkg_pack_node/pkg_pack_node/install/kuka_kr120_description/share/kuka_kr120_description/environment/path.dsv
[0.378s] -- Up-to-date: /home/docker/ros2_ws/src/pkg_pack_node/pkg_pack_node/install/kuka_kr120_description/share/kuka_kr120_description/local_setup.bash
[0.379s] -- Up-to-date: /home/docker/ros2_ws/src/pkg_pack_node/pkg_pack_node/install/kuka_kr120_description/share/kuka_kr120_description/local_setup.sh
[0.379s] -- Up-to-date: /home/docker/ros2_ws/src/pkg_pack_node/pkg_pack_node/install/kuka_kr120_description/share/kuka_kr120_description/local_setup.zsh
[0.379s] -- Up-to-date: /home/docker/ros2_ws/src/pkg_pack_node/pkg_pack_node/install/kuka_kr120_description/share/kuka_kr120_description/local_setup.dsv
[0.379s] -- Installing: /home/docker/ros2_ws/src/pkg_pack_node/pkg_pack_node/install/kuka_kr120_description/share/kuka_kr120_description/package.dsv
[0.379s] -- Up-to-date: /home/docker/ros2_ws/src/pkg_pack_node/pkg_pack_node/install/kuka_kr120_description/share/ament_index/resource_index/packages/kuka_kr120_description
[0.379s] -- Up-to-date: /home/docker/ros2_ws/src/pkg_pack_node/pkg_pack_node/install/kuka_kr120_description/share/kuka_kr120_description/cmake/kuka_kr120_descriptionConfig.cmake
[0.380s] -- Up-to-date: /home/docker/ros2_ws/src/pkg_pack_node/pkg_pack_node/install/kuka_kr120_description/share/kuka_kr120_description/cmake/kuka_kr120_descriptionConfig-version.cmake
[0.380s] -- Up-to-date: /home/docker/ros2_ws/src/pkg_pack_node/pkg_pack_node/install/kuka_kr120_description/share/kuka_kr120_description/package.xml
[0.403s] Invoked command in '/home/docker/ros2_ws/src/pkg_pack_node/pkg_pack_node/build/kuka_kr120_description' returned '0': CMAKE_PREFIX_PATH=${CMAKE_PREFIX_PATH}:/home/docker/ros2_ws/install/pkg_pack_node:/opt/ros/humble /usr/bin/cmake --install /home/docker/ros2_ws/src/pkg_pack_node/pkg_pack_node/build/kuka_kr120_description
