[0.327s] Invoking command in '/home/docker/ros2_ws/src/pkg_pack_node/pkg_pack_node/build/kuka_eki_hw_interface': CMAKE_PREFIX_PATH=${CMAKE_PREFIX_PATH}:/home/docker/ros2_ws/install/pkg_pack_node:/opt/ros/humble /usr/bin/cmake /home/docker/ros2_ws/src/pkg_pack_node/pkg_pack_node/Old/kuka_eki/kuka_eki_hw_interface -DCMAKE_INSTALL_PREFIX=/home/docker/ros2_ws/src/pkg_pack_node/pkg_pack_node/install/kuka_eki_hw_interface
[0.453s] -- The C compiler identification is GNU 11.4.0
[0.587s] -- The CXX compiler identification is GNU 11.4.0
[0.629s] -- Detecting C compiler ABI info
[0.802s] -- Detecting C compiler ABI info - done
[0.817s] -- Check for working C compiler: /usr/bin/cc - skipped
[0.817s] -- Detecting C compile features
[0.818s] -- Detecting C compile features - done
[0.823s] -- Detecting CXX compiler ABI info
[0.993s] -- Detecting CXX compiler ABI info - done
[1.009s] -- Check for working CXX compiler: /usr/bin/c++ - skipped
[1.010s] -- Detecting CXX compile features
[1.011s] -- Detecting CXX compile features - done
[1.018s] -- Found ament_cmake: 1.3.9 (/opt/ros/humble/share/ament_cmake/cmake)
[1.737s] -- Found Python3: /usr/bin/python3 (found version "3.10.12") found components: Interpreter 
[2.048s] [31mCMake Error at /usr/share/cmake-3.22/Modules/FindPackageHandleStandardArgs.cmake:230 (message):
[2.049s]   Could NOT find Boost (missing: Boost_INCLUDE_DIR system)
[2.049s] Call Stack (most recent call first):
[2.049s]   /usr/share/cmake-3.22/Modules/FindPackageHandleStandardArgs.cmake:594 (_FPHSA_FAILURE_MESSAGE)
[2.049s]   /usr/share/cmake-3.22/Modules/FindBoost.cmake:2360 (find_package_handle_standard_args)
[2.049s]   CMakeLists.txt:20 (find_package)
[2.049s] 
[2.049s] [0m
[2.049s] -- Configuring incomplete, errors occurred!
[2.049s] See also "/home/docker/ros2_ws/src/pkg_pack_node/pkg_pack_node/build/kuka_eki_hw_interface/CMakeFiles/CMakeOutput.log".
