[0.217s] Invoking command in '/home/docker/ros2_ws/src/pkg_pack_node/pkg_pack_node/build/kuka_kr6_description': CMAKE_PREFIX_PATH=${CMAKE_PREFIX_PATH}:/home/docker/ros2_ws/install/pkg_pack_node:/opt/ros/humble /usr/bin/cmake --build /home/docker/ros2_ws/src/pkg_pack_node/pkg_pack_node/build/kuka_kr6_description -- -j16 -l16
[0.304s] Invoked command in '/home/docker/ros2_ws/src/pkg_pack_node/pkg_pack_node/build/kuka_kr6_description' returned '0': CMAKE_PREFIX_PATH=${CMAKE_PREFIX_PATH}:/home/docker/ros2_ws/install/pkg_pack_node:/opt/ros/humble /usr/bin/cmake --build /home/docker/ros2_ws/src/pkg_pack_node/pkg_pack_node/build/kuka_kr6_description -- -j16 -l16
[0.410s] Invoking command in '/home/docker/ros2_ws/src/pkg_pack_node/pkg_pack_node/build/kuka_kr6_description': CMAKE_PREFIX_PATH=${CMAKE_PREFIX_PATH}:/home/docker/ros2_ws/install/pkg_pack_node:/opt/ros/humble /usr/bin/cmake --install /home/docker/ros2_ws/src/pkg_pack_node/pkg_pack_node/build/kuka_kr6_description
[0.418s] -- Install configuration: ""
[0.418s] -- Up-to-date: /home/docker/ros2_ws/src/pkg_pack_node/pkg_pack_node/install/kuka_kr6_description/share/kuka_kr6_description//urdf
[0.419s] -- Up-to-date: /home/docker/ros2_ws/src/pkg_pack_node/pkg_pack_node/install/kuka_kr6_description/share/kuka_kr6_description//urdf/kr6r700sixx_macro.xacro
[0.420s] -- Up-to-date: /home/docker/ros2_ws/src/pkg_pack_node/pkg_pack_node/install/kuka_kr6_description/share/kuka_kr6_description//urdf/kr6r900_2.xacro
[0.420s] -- Up-to-date: /home/docker/ros2_ws/src/pkg_pack_node/pkg_pack_node/install/kuka_kr6_description/share/kuka_kr6_description//urdf/kr6r700sixx.xacro
[0.420s] -- Up-to-date: /home/docker/ros2_ws/src/pkg_pack_node/pkg_pack_node/install/kuka_kr6_description/share/kuka_kr6_description//urdf/kr6r900sixx_macro.xacro
[0.420s] -- Up-to-date: /home/docker/ros2_ws/src/pkg_pack_node/pkg_pack_node/install/kuka_kr6_description/share/kuka_kr6_description//urdf/kr6r900sixx.xacro
[0.420s] -- Up-to-date: /home/docker/ros2_ws/src/pkg_pack_node/pkg_pack_node/install/kuka_kr6_description/share/kuka_kr6_description//urdf/kr6r900_2_macro.xacro
[0.420s] -- Up-to-date: /home/docker/ros2_ws/src/pkg_pack_node/pkg_pack_node/install/kuka_kr6_description/share/kuka_kr6_description//meshes
[0.421s] -- Up-to-date: /home/docker/ros2_ws/src/pkg_pack_node/pkg_pack_node/install/kuka_kr6_description/share/kuka_kr6_description//meshes/kr6r900sixx
[0.421s] -- Up-to-date: /home/docker/ros2_ws/src/pkg_pack_node/pkg_pack_node/install/kuka_kr6_description/share/kuka_kr6_description//meshes/kr6r900sixx/collision
[0.421s] -- Up-to-date: /home/docker/ros2_ws/src/pkg_pack_node/pkg_pack_node/install/kuka_kr6_description/share/kuka_kr6_description//meshes/kr6r900sixx/collision/link_2.stl
[0.421s] -- Up-to-date: /home/docker/ros2_ws/src/pkg_pack_node/pkg_pack_node/install/kuka_kr6_description/share/kuka_kr6_description//meshes/kr6r900sixx/collision/link_4.stl
[0.421s] -- Up-to-date: /home/docker/ros2_ws/src/pkg_pack_node/pkg_pack_node/install/kuka_kr6_description/share/kuka_kr6_description//meshes/kr6r900sixx/visual
[0.422s] -- Up-to-date: /home/docker/ros2_ws/src/pkg_pack_node/pkg_pack_node/install/kuka_kr6_description/share/kuka_kr6_description//meshes/kr6r900sixx/visual/link_4.dae
[0.422s] -- Up-to-date: /home/docker/ros2_ws/src/pkg_pack_node/pkg_pack_node/install/kuka_kr6_description/share/kuka_kr6_description//meshes/kr6r900sixx/visual/link_2.dae
[0.422s] -- Up-to-date: /home/docker/ros2_ws/src/pkg_pack_node/pkg_pack_node/install/kuka_kr6_description/share/kuka_kr6_description//meshes/kr6r700sixx
[0.422s] -- Up-to-date: /home/docker/ros2_ws/src/pkg_pack_node/pkg_pack_node/install/kuka_kr6_description/share/kuka_kr6_description//meshes/kr6r700sixx/collision
[0.423s] -- Up-to-date: /home/docker/ros2_ws/src/pkg_pack_node/pkg_pack_node/install/kuka_kr6_description/share/kuka_kr6_description//meshes/kr6r700sixx/collision/link_2.stl
[0.423s] -- Up-to-date: /home/docker/ros2_ws/src/pkg_pack_node/pkg_pack_node/install/kuka_kr6_description/share/kuka_kr6_description//meshes/kr6r700sixx/collision/link_4.stl
[0.423s] -- Up-to-date: /home/docker/ros2_ws/src/pkg_pack_node/pkg_pack_node/install/kuka_kr6_description/share/kuka_kr6_description//meshes/kr6r700sixx/visual
[0.423s] -- Up-to-date: /home/docker/ros2_ws/src/pkg_pack_node/pkg_pack_node/install/kuka_kr6_description/share/kuka_kr6_description//meshes/kr6r700sixx/visual/link_4.dae
[0.423s] -- Up-to-date: /home/docker/ros2_ws/src/pkg_pack_node/pkg_pack_node/install/kuka_kr6_description/share/kuka_kr6_description//meshes/kr6r700sixx/visual/link_2.dae
[0.423s] -- Up-to-date: /home/docker/ros2_ws/src/pkg_pack_node/pkg_pack_node/install/kuka_kr6_description/share/kuka_kr6_description//meshes/kr6_agilus
[0.424s] -- Up-to-date: /home/docker/ros2_ws/src/pkg_pack_node/pkg_pack_node/install/kuka_kr6_description/share/kuka_kr6_description//meshes/kr6_agilus/collision
[0.424s] -- Up-to-date: /home/docker/ros2_ws/src/pkg_pack_node/pkg_pack_node/install/kuka_kr6_description/share/kuka_kr6_description//meshes/kr6_agilus/collision/link_6.stl
[0.425s] -- Up-to-date: /home/docker/ros2_ws/src/pkg_pack_node/pkg_pack_node/install/kuka_kr6_description/share/kuka_kr6_description//meshes/kr6_agilus/collision/link_5.stl
[0.425s] -- Up-to-date: /home/docker/ros2_ws/src/pkg_pack_node/pkg_pack_node/install/kuka_kr6_description/share/kuka_kr6_description//meshes/kr6_agilus/collision/base_link.stl
[0.425s] -- Up-to-date: /home/docker/ros2_ws/src/pkg_pack_node/pkg_pack_node/install/kuka_kr6_description/share/kuka_kr6_description//meshes/kr6_agilus/collision/link_1.stl
[0.425s] -- Up-to-date: /home/docker/ros2_ws/src/pkg_pack_node/pkg_pack_node/install/kuka_kr6_description/share/kuka_kr6_description//meshes/kr6_agilus/collision/link_3.stl
[0.425s] -- Up-to-date: /home/docker/ros2_ws/src/pkg_pack_node/pkg_pack_node/install/kuka_kr6_description/share/kuka_kr6_description//meshes/kr6_agilus/visual
[0.425s] -- Up-to-date: /home/docker/ros2_ws/src/pkg_pack_node/pkg_pack_node/install/kuka_kr6_description/share/kuka_kr6_description//meshes/kr6_agilus/visual/link_5.dae
[0.425s] -- Up-to-date: /home/docker/ros2_ws/src/pkg_pack_node/pkg_pack_node/install/kuka_kr6_description/share/kuka_kr6_description//meshes/kr6_agilus/visual/link_3.dae
[0.425s] -- Up-to-date: /home/docker/ros2_ws/src/pkg_pack_node/pkg_pack_node/install/kuka_kr6_description/share/kuka_kr6_description//meshes/kr6_agilus/visual/base_link.dae
[0.425s] -- Up-to-date: /home/docker/ros2_ws/src/pkg_pack_node/pkg_pack_node/install/kuka_kr6_description/share/kuka_kr6_description//meshes/kr6_agilus/visual/link_6.dae
[0.425s] -- Up-to-date: /home/docker/ros2_ws/src/pkg_pack_node/pkg_pack_node/install/kuka_kr6_description/share/kuka_kr6_description//meshes/kr6_agilus/visual/link_1.dae
[0.425s] -- Up-to-date: /home/docker/ros2_ws/src/pkg_pack_node/pkg_pack_node/install/kuka_kr6_description/share/kuka_kr6_description//config
[0.426s] -- Up-to-date: /home/docker/ros2_ws/src/pkg_pack_node/pkg_pack_node/install/kuka_kr6_description/share/kuka_kr6_description//config/kr6r700sixx.srdf
[0.426s] -- Up-to-date: /home/docker/ros2_ws/src/pkg_pack_node/pkg_pack_node/install/kuka_kr6_description/share/kuka_kr6_description//config/kr6r900_2.srdf
[0.426s] -- Up-to-date: /home/docker/ros2_ws/src/pkg_pack_node/pkg_pack_node/install/kuka_kr6_description/share/kuka_kr6_description//config/robot.srdf
[0.426s] -- Up-to-date: /home/docker/ros2_ws/src/pkg_pack_node/pkg_pack_node/install/kuka_kr6_description/share/kuka_kr6_description//config/kr6r900sixx.srdf
[0.426s] -- Up-to-date: /home/docker/ros2_ws/src/pkg_pack_node/pkg_pack_node/install/kuka_kr6_description/share/ament_index/resource_index/package_run_dependencies/kuka_kr6_description
[0.426s] -- Up-to-date: /home/docker/ros2_ws/src/pkg_pack_node/pkg_pack_node/install/kuka_kr6_description/share/ament_index/resource_index/parent_prefix_path/kuka_kr6_description
[0.426s] -- Installing: /home/docker/ros2_ws/src/pkg_pack_node/pkg_pack_node/install/kuka_kr6_description/share/kuka_kr6_description/environment/ament_prefix_path.sh
[0.426s] -- Up-to-date: /home/docker/ros2_ws/src/pkg_pack_node/pkg_pack_node/install/kuka_kr6_description/share/kuka_kr6_description/environment/ament_prefix_path.dsv
[0.427s] -- Installing: /home/docker/ros2_ws/src/pkg_pack_node/pkg_pack_node/install/kuka_kr6_description/share/kuka_kr6_description/environment/path.sh
[0.427s] -- Up-to-date: /home/docker/ros2_ws/src/pkg_pack_node/pkg_pack_node/install/kuka_kr6_description/share/kuka_kr6_description/environment/path.dsv
[0.427s] -- Up-to-date: /home/docker/ros2_ws/src/pkg_pack_node/pkg_pack_node/install/kuka_kr6_description/share/kuka_kr6_description/local_setup.bash
[0.427s] -- Up-to-date: /home/docker/ros2_ws/src/pkg_pack_node/pkg_pack_node/install/kuka_kr6_description/share/kuka_kr6_description/local_setup.sh
[0.427s] -- Up-to-date: /home/docker/ros2_ws/src/pkg_pack_node/pkg_pack_node/install/kuka_kr6_description/share/kuka_kr6_description/local_setup.zsh
[0.427s] -- Up-to-date: /home/docker/ros2_ws/src/pkg_pack_node/pkg_pack_node/install/kuka_kr6_description/share/kuka_kr6_description/local_setup.dsv
[0.427s] -- Installing: /home/docker/ros2_ws/src/pkg_pack_node/pkg_pack_node/install/kuka_kr6_description/share/kuka_kr6_description/package.dsv
[0.428s] -- Up-to-date: /home/docker/ros2_ws/src/pkg_pack_node/pkg_pack_node/install/kuka_kr6_description/share/ament_index/resource_index/packages/kuka_kr6_description
[0.428s] -- Up-to-date: /home/docker/ros2_ws/src/pkg_pack_node/pkg_pack_node/install/kuka_kr6_description/share/kuka_kr6_description/cmake/kuka_kr6_descriptionConfig.cmake
[0.428s] -- Up-to-date: /home/docker/ros2_ws/src/pkg_pack_node/pkg_pack_node/install/kuka_kr6_description/share/kuka_kr6_description/cmake/kuka_kr6_descriptionConfig-version.cmake
[0.428s] -- Up-to-date: /home/docker/ros2_ws/src/pkg_pack_node/pkg_pack_node/install/kuka_kr6_description/share/kuka_kr6_description/package.xml
[0.472s] Invoked command in '/home/docker/ros2_ws/src/pkg_pack_node/pkg_pack_node/build/kuka_kr6_description' returned '0': CMAKE_PREFIX_PATH=${CMAKE_PREFIX_PATH}:/home/docker/ros2_ws/install/pkg_pack_node:/opt/ros/humble /usr/bin/cmake --install /home/docker/ros2_ws/src/pkg_pack_node/pkg_pack_node/build/kuka_kr6_description
