-- Install configuration: ""
-- Installing: /home/docker/ros2_ws/src/pkg_pack_node/pkg_pack_node/install/kuka_kr6_description/share/kuka_kr6_description//urdf
-- Installing: /home/docker/ros2_ws/src/pkg_pack_node/pkg_pack_node/install/kuka_kr6_description/share/kuka_kr6_description//urdf/kr6r700sixx_macro.xacro
-- Installing: /home/docker/ros2_ws/src/pkg_pack_node/pkg_pack_node/install/kuka_kr6_description/share/kuka_kr6_description//urdf/kr6r900_2.xacro
-- Installing: /home/docker/ros2_ws/src/pkg_pack_node/pkg_pack_node/install/kuka_kr6_description/share/kuka_kr6_description//urdf/kr6r700sixx.xacro
-- Installing: /home/docker/ros2_ws/src/pkg_pack_node/pkg_pack_node/install/kuka_kr6_description/share/kuka_kr6_description//urdf/kr6r900sixx_macro.xacro
-- Installing: /home/docker/ros2_ws/src/pkg_pack_node/pkg_pack_node/install/kuka_kr6_description/share/kuka_kr6_description//urdf/kr6r900sixx.xacro
-- Installing: /home/docker/ros2_ws/src/pkg_pack_node/pkg_pack_node/install/kuka_kr6_description/share/kuka_kr6_description//urdf/kr6r900_2_macro.xacro
-- Installing: /home/docker/ros2_ws/src/pkg_pack_node/pkg_pack_node/install/kuka_kr6_description/share/kuka_kr6_description//meshes
-- Installing: /home/docker/ros2_ws/src/pkg_pack_node/pkg_pack_node/install/kuka_kr6_description/share/kuka_kr6_description//meshes/kr6r900sixx
-- Installing: /home/docker/ros2_ws/src/pkg_pack_node/pkg_pack_node/install/kuka_kr6_description/share/kuka_kr6_description//meshes/kr6r900sixx/collision
-- Installing: /home/docker/ros2_ws/src/pkg_pack_node/pkg_pack_node/install/kuka_kr6_description/share/kuka_kr6_description//meshes/kr6r900sixx/collision/link_2.stl
-- Installing: /home/docker/ros2_ws/src/pkg_pack_node/pkg_pack_node/install/kuka_kr6_description/share/kuka_kr6_description//meshes/kr6r900sixx/collision/link_4.stl
-- Installing: /home/docker/ros2_ws/src/pkg_pack_node/pkg_pack_node/install/kuka_kr6_description/share/kuka_kr6_description//meshes/kr6r900sixx/visual
-- Installing: /home/docker/ros2_ws/src/pkg_pack_node/pkg_pack_node/install/kuka_kr6_description/share/kuka_kr6_description//meshes/kr6r900sixx/visual/link_4.dae
-- Installing: /home/docker/ros2_ws/src/pkg_pack_node/pkg_pack_node/install/kuka_kr6_description/share/kuka_kr6_description//meshes/kr6r900sixx/visual/link_2.dae
-- Installing: /home/docker/ros2_ws/src/pkg_pack_node/pkg_pack_node/install/kuka_kr6_description/share/kuka_kr6_description//meshes/kr6r700sixx
-- Installing: /home/docker/ros2_ws/src/pkg_pack_node/pkg_pack_node/install/kuka_kr6_description/share/kuka_kr6_description//meshes/kr6r700sixx/collision
-- Installing: /home/docker/ros2_ws/src/pkg_pack_node/pkg_pack_node/install/kuka_kr6_description/share/kuka_kr6_description//meshes/kr6r700sixx/collision/link_2.stl
-- Installing: /home/docker/ros2_ws/src/pkg_pack_node/pkg_pack_node/install/kuka_kr6_description/share/kuka_kr6_description//meshes/kr6r700sixx/collision/link_4.stl
-- Installing: /home/docker/ros2_ws/src/pkg_pack_node/pkg_pack_node/install/kuka_kr6_description/share/kuka_kr6_description//meshes/kr6r700sixx/visual
-- Installing: /home/docker/ros2_ws/src/pkg_pack_node/pkg_pack_node/install/kuka_kr6_description/share/kuka_kr6_description//meshes/kr6r700sixx/visual/link_4.dae
-- Installing: /home/docker/ros2_ws/src/pkg_pack_node/pkg_pack_node/install/kuka_kr6_description/share/kuka_kr6_description//meshes/kr6r700sixx/visual/link_2.dae
-- Installing: /home/docker/ros2_ws/src/pkg_pack_node/pkg_pack_node/install/kuka_kr6_description/share/kuka_kr6_description//meshes/kr6_agilus
-- Installing: /home/docker/ros2_ws/src/pkg_pack_node/pkg_pack_node/install/kuka_kr6_description/share/kuka_kr6_description//meshes/kr6_agilus/collision
-- Installing: /home/docker/ros2_ws/src/pkg_pack_node/pkg_pack_node/install/kuka_kr6_description/share/kuka_kr6_description//meshes/kr6_agilus/collision/link_6.stl
-- Installing: /home/docker/ros2_ws/src/pkg_pack_node/pkg_pack_node/install/kuka_kr6_description/share/kuka_kr6_description//meshes/kr6_agilus/collision/link_5.stl
-- Installing: /home/docker/ros2_ws/src/pkg_pack_node/pkg_pack_node/install/kuka_kr6_description/share/kuka_kr6_description//meshes/kr6_agilus/collision/base_link.stl
-- Installing: /home/docker/ros2_ws/src/pkg_pack_node/pkg_pack_node/install/kuka_kr6_description/share/kuka_kr6_description//meshes/kr6_agilus/collision/link_1.stl
-- Installing: /home/docker/ros2_ws/src/pkg_pack_node/pkg_pack_node/install/kuka_kr6_description/share/kuka_kr6_description//meshes/kr6_agilus/collision/link_3.stl
-- Installing: /home/docker/ros2_ws/src/pkg_pack_node/pkg_pack_node/install/kuka_kr6_description/share/kuka_kr6_description//meshes/kr6_agilus/visual
-- Installing: /home/docker/ros2_ws/src/pkg_pack_node/pkg_pack_node/install/kuka_kr6_description/share/kuka_kr6_description//meshes/kr6_agilus/visual/link_5.dae
-- Installing: /home/docker/ros2_ws/src/pkg_pack_node/pkg_pack_node/install/kuka_kr6_description/share/kuka_kr6_description//meshes/kr6_agilus/visual/link_3.dae
-- Installing: /home/docker/ros2_ws/src/pkg_pack_node/pkg_pack_node/install/kuka_kr6_description/share/kuka_kr6_description//meshes/kr6_agilus/visual/base_link.dae
-- Installing: /home/docker/ros2_ws/src/pkg_pack_node/pkg_pack_node/install/kuka_kr6_description/share/kuka_kr6_description//meshes/kr6_agilus/visual/link_6.dae
-- Installing: /home/docker/ros2_ws/src/pkg_pack_node/pkg_pack_node/install/kuka_kr6_description/share/kuka_kr6_description//meshes/kr6_agilus/visual/link_1.dae
-- Installing: /home/docker/ros2_ws/src/pkg_pack_node/pkg_pack_node/install/kuka_kr6_description/share/kuka_kr6_description//config
-- Installing: /home/docker/ros2_ws/src/pkg_pack_node/pkg_pack_node/install/kuka_kr6_description/share/kuka_kr6_description//config/kr6r700sixx.srdf
-- Installing: /home/docker/ros2_ws/src/pkg_pack_node/pkg_pack_node/install/kuka_kr6_description/share/kuka_kr6_description//config/kr6r900_2.srdf
-- Installing: /home/docker/ros2_ws/src/pkg_pack_node/pkg_pack_node/install/kuka_kr6_description/share/kuka_kr6_description//config/robot.srdf
-- Installing: /home/docker/ros2_ws/src/pkg_pack_node/pkg_pack_node/install/kuka_kr6_description/share/kuka_kr6_description//config/kr6r900sixx.srdf
-- Installing: /home/docker/ros2_ws/src/pkg_pack_node/pkg_pack_node/install/kuka_kr6_description/share/ament_index/resource_index/package_run_dependencies/kuka_kr6_description
-- Installing: /home/docker/ros2_ws/src/pkg_pack_node/pkg_pack_node/install/kuka_kr6_description/share/ament_index/resource_index/parent_prefix_path/kuka_kr6_description
-- Installing: /home/docker/ros2_ws/src/pkg_pack_node/pkg_pack_node/install/kuka_kr6_description/share/kuka_kr6_description/environment/ament_prefix_path.sh
-- Installing: /home/docker/ros2_ws/src/pkg_pack_node/pkg_pack_node/install/kuka_kr6_description/share/kuka_kr6_description/environment/ament_prefix_path.dsv
-- Installing: /home/docker/ros2_ws/src/pkg_pack_node/pkg_pack_node/install/kuka_kr6_description/share/kuka_kr6_description/environment/path.sh
-- Installing: /home/docker/ros2_ws/src/pkg_pack_node/pkg_pack_node/install/kuka_kr6_description/share/kuka_kr6_description/environment/path.dsv
-- Installing: /home/docker/ros2_ws/src/pkg_pack_node/pkg_pack_node/install/kuka_kr6_description/share/kuka_kr6_description/local_setup.bash
-- Installing: /home/docker/ros2_ws/src/pkg_pack_node/pkg_pack_node/install/kuka_kr6_description/share/kuka_kr6_description/local_setup.sh
-- Installing: /home/docker/ros2_ws/src/pkg_pack_node/pkg_pack_node/install/kuka_kr6_description/share/kuka_kr6_description/local_setup.zsh
-- Installing: /home/docker/ros2_ws/src/pkg_pack_node/pkg_pack_node/install/kuka_kr6_description/share/kuka_kr6_description/local_setup.dsv
-- Installing: /home/docker/ros2_ws/src/pkg_pack_node/pkg_pack_node/install/kuka_kr6_description/share/kuka_kr6_description/package.dsv
-- Installing: /home/docker/ros2_ws/src/pkg_pack_node/pkg_pack_node/install/kuka_kr6_description/share/ament_index/resource_index/packages/kuka_kr6_description
-- Installing: /home/docker/ros2_ws/src/pkg_pack_node/pkg_pack_node/install/kuka_kr6_description/share/kuka_kr6_description/cmake/kuka_kr6_descriptionConfig.cmake
-- Installing: /home/docker/ros2_ws/src/pkg_pack_node/pkg_pack_node/install/kuka_kr6_description/share/kuka_kr6_description/cmake/kuka_kr6_descriptionConfig-version.cmake
-- Installing: /home/docker/ros2_ws/src/pkg_pack_node/pkg_pack_node/install/kuka_kr6_description/share/kuka_kr6_description/package.xml
