[0.222s] Invoking command in '/home/docker/ros2_ws/src/pkg_pack_node/pkg_pack_node/build/kuka_kr6_description': CMAKE_PREFIX_PATH=${CMAKE_PREFIX_PATH}:/home/docker/ros2_ws/install/pkg_pack_node:/opt/ros/humble /usr/bin/cmake --build /home/docker/ros2_ws/src/pkg_pack_node/pkg_pack_node/build/kuka_kr6_description -- -j16 -l16
[0.312s] Invoked command in '/home/docker/ros2_ws/src/pkg_pack_node/pkg_pack_node/build/kuka_kr6_description' returned '0': CMAKE_PREFIX_PATH=${CMAKE_PREFIX_PATH}:/home/docker/ros2_ws/install/pkg_pack_node:/opt/ros/humble /usr/bin/cmake --build /home/docker/ros2_ws/src/pkg_pack_node/pkg_pack_node/build/kuka_kr6_description -- -j16 -l16
[0.462s] Invoking command in '/home/docker/ros2_ws/src/pkg_pack_node/pkg_pack_node/build/kuka_kr6_description': CMAKE_PREFIX_PATH=${CMAKE_PREFIX_PATH}:/home/docker/ros2_ws/install/pkg_pack_node:/opt/ros/humble /usr/bin/cmake --install /home/docker/ros2_ws/src/pkg_pack_node/pkg_pack_node/build/kuka_kr6_description
[0.484s] -- Install configuration: ""
[0.485s] -- Installing: /home/docker/ros2_ws/src/pkg_pack_node/pkg_pack_node/install/kuka_kr6_description/share/kuka_kr6_description//urdf
[0.485s] -- Installing: /home/docker/ros2_ws/src/pkg_pack_node/pkg_pack_node/install/kuka_kr6_description/share/kuka_kr6_description//urdf/kr6r700sixx_macro.xacro
[0.485s] -- Installing: /home/docker/ros2_ws/src/pkg_pack_node/pkg_pack_node/install/kuka_kr6_description/share/kuka_kr6_description//urdf/kr6r900_2.xacro
[0.485s] -- Installing: /home/docker/ros2_ws/src/pkg_pack_node/pkg_pack_node/install/kuka_kr6_description/share/kuka_kr6_description//urdf/kr6r700sixx.xacro
[0.486s] -- Installing: /home/docker/ros2_ws/src/pkg_pack_node/pkg_pack_node/install/kuka_kr6_description/share/kuka_kr6_description//urdf/kr6r900sixx_macro.xacro
[0.487s] -- Installing: /home/docker/ros2_ws/src/pkg_pack_node/pkg_pack_node/install/kuka_kr6_description/share/kuka_kr6_description//urdf/kr6r900sixx.xacro
[0.487s] -- Installing: /home/docker/ros2_ws/src/pkg_pack_node/pkg_pack_node/install/kuka_kr6_description/share/kuka_kr6_description//urdf/kr6r900_2_macro.xacro
[0.487s] -- Installing: /home/docker/ros2_ws/src/pkg_pack_node/pkg_pack_node/install/kuka_kr6_description/share/kuka_kr6_description//meshes
[0.487s] -- Installing: /home/docker/ros2_ws/src/pkg_pack_node/pkg_pack_node/install/kuka_kr6_description/share/kuka_kr6_description//meshes/kr6r900sixx
[0.488s] -- Installing: /home/docker/ros2_ws/src/pkg_pack_node/pkg_pack_node/install/kuka_kr6_description/share/kuka_kr6_description//meshes/kr6r900sixx/collision
[0.490s] -- Installing: /home/docker/ros2_ws/src/pkg_pack_node/pkg_pack_node/install/kuka_kr6_description/share/kuka_kr6_description//meshes/kr6r900sixx/collision/link_2.stl
[0.490s] -- Installing: /home/docker/ros2_ws/src/pkg_pack_node/pkg_pack_node/install/kuka_kr6_description/share/kuka_kr6_description//meshes/kr6r900sixx/collision/link_4.stl
[0.491s] -- Installing: /home/docker/ros2_ws/src/pkg_pack_node/pkg_pack_node/install/kuka_kr6_description/share/kuka_kr6_description//meshes/kr6r900sixx/visual
[0.491s] -- Installing: /home/docker/ros2_ws/src/pkg_pack_node/pkg_pack_node/install/kuka_kr6_description/share/kuka_kr6_description//meshes/kr6r900sixx/visual/link_4.dae
[0.491s] -- Installing: /home/docker/ros2_ws/src/pkg_pack_node/pkg_pack_node/install/kuka_kr6_description/share/kuka_kr6_description//meshes/kr6r900sixx/visual/link_2.dae
[0.492s] -- Installing: /home/docker/ros2_ws/src/pkg_pack_node/pkg_pack_node/install/kuka_kr6_description/share/kuka_kr6_description//meshes/kr6r700sixx
[0.492s] -- Installing: /home/docker/ros2_ws/src/pkg_pack_node/pkg_pack_node/install/kuka_kr6_description/share/kuka_kr6_description//meshes/kr6r700sixx/collision
[0.492s] -- Installing: /home/docker/ros2_ws/src/pkg_pack_node/pkg_pack_node/install/kuka_kr6_description/share/kuka_kr6_description//meshes/kr6r700sixx/collision/link_2.stl
[0.492s] -- Installing: /home/docker/ros2_ws/src/pkg_pack_node/pkg_pack_node/install/kuka_kr6_description/share/kuka_kr6_description//meshes/kr6r700sixx/collision/link_4.stl
[0.493s] -- Installing: /home/docker/ros2_ws/src/pkg_pack_node/pkg_pack_node/install/kuka_kr6_description/share/kuka_kr6_description//meshes/kr6r700sixx/visual
[0.493s] -- Installing: /home/docker/ros2_ws/src/pkg_pack_node/pkg_pack_node/install/kuka_kr6_description/share/kuka_kr6_description//meshes/kr6r700sixx/visual/link_4.dae
[0.493s] -- Installing: /home/docker/ros2_ws/src/pkg_pack_node/pkg_pack_node/install/kuka_kr6_description/share/kuka_kr6_description//meshes/kr6r700sixx/visual/link_2.dae
[0.493s] -- Installing: /home/docker/ros2_ws/src/pkg_pack_node/pkg_pack_node/install/kuka_kr6_description/share/kuka_kr6_description//meshes/kr6_agilus
[0.493s] -- Installing: /home/docker/ros2_ws/src/pkg_pack_node/pkg_pack_node/install/kuka_kr6_description/share/kuka_kr6_description//meshes/kr6_agilus/collision
[0.494s] -- Installing: /home/docker/ros2_ws/src/pkg_pack_node/pkg_pack_node/install/kuka_kr6_description/share/kuka_kr6_description//meshes/kr6_agilus/collision/link_6.stl
[0.494s] -- Installing: /home/docker/ros2_ws/src/pkg_pack_node/pkg_pack_node/install/kuka_kr6_description/share/kuka_kr6_description//meshes/kr6_agilus/collision/link_5.stl
[0.495s] -- Installing: /home/docker/ros2_ws/src/pkg_pack_node/pkg_pack_node/install/kuka_kr6_description/share/kuka_kr6_description//meshes/kr6_agilus/collision/base_link.stl
[0.495s] -- Installing: /home/docker/ros2_ws/src/pkg_pack_node/pkg_pack_node/install/kuka_kr6_description/share/kuka_kr6_description//meshes/kr6_agilus/collision/link_1.stl
[0.496s] -- Installing: /home/docker/ros2_ws/src/pkg_pack_node/pkg_pack_node/install/kuka_kr6_description/share/kuka_kr6_description//meshes/kr6_agilus/collision/link_3.stl
[0.497s] -- Installing: /home/docker/ros2_ws/src/pkg_pack_node/pkg_pack_node/install/kuka_kr6_description/share/kuka_kr6_description//meshes/kr6_agilus/visual
[0.497s] -- Installing: /home/docker/ros2_ws/src/pkg_pack_node/pkg_pack_node/install/kuka_kr6_description/share/kuka_kr6_description//meshes/kr6_agilus/visual/link_5.dae
[0.498s] -- Installing: /home/docker/ros2_ws/src/pkg_pack_node/pkg_pack_node/install/kuka_kr6_description/share/kuka_kr6_description//meshes/kr6_agilus/visual/link_3.dae
[0.501s] -- Installing: /home/docker/ros2_ws/src/pkg_pack_node/pkg_pack_node/install/kuka_kr6_description/share/kuka_kr6_description//meshes/kr6_agilus/visual/base_link.dae
[0.502s] -- Installing: /home/docker/ros2_ws/src/pkg_pack_node/pkg_pack_node/install/kuka_kr6_description/share/kuka_kr6_description//meshes/kr6_agilus/visual/link_6.dae
[0.502s] -- Installing: /home/docker/ros2_ws/src/pkg_pack_node/pkg_pack_node/install/kuka_kr6_description/share/kuka_kr6_description//meshes/kr6_agilus/visual/link_1.dae
[0.502s] -- Installing: /home/docker/ros2_ws/src/pkg_pack_node/pkg_pack_node/install/kuka_kr6_description/share/kuka_kr6_description//config
[0.503s] -- Installing: /home/docker/ros2_ws/src/pkg_pack_node/pkg_pack_node/install/kuka_kr6_description/share/kuka_kr6_description//config/kr6r700sixx.srdf
[0.503s] -- Installing: /home/docker/ros2_ws/src/pkg_pack_node/pkg_pack_node/install/kuka_kr6_description/share/kuka_kr6_description//config/kr6r900_2.srdf
[0.503s] -- Installing: /home/docker/ros2_ws/src/pkg_pack_node/pkg_pack_node/install/kuka_kr6_description/share/kuka_kr6_description//config/robot.srdf
[0.504s] -- Installing: /home/docker/ros2_ws/src/pkg_pack_node/pkg_pack_node/install/kuka_kr6_description/share/kuka_kr6_description//config/kr6r900sixx.srdf
[0.504s] -- Installing: /home/docker/ros2_ws/src/pkg_pack_node/pkg_pack_node/install/kuka_kr6_description/share/ament_index/resource_index/package_run_dependencies/kuka_kr6_description
[0.505s] -- Installing: /home/docker/ros2_ws/src/pkg_pack_node/pkg_pack_node/install/kuka_kr6_description/share/ament_index/resource_index/parent_prefix_path/kuka_kr6_description
[0.505s] -- Installing: /home/docker/ros2_ws/src/pkg_pack_node/pkg_pack_node/install/kuka_kr6_description/share/kuka_kr6_description/environment/ament_prefix_path.sh
[0.505s] -- Installing: /home/docker/ros2_ws/src/pkg_pack_node/pkg_pack_node/install/kuka_kr6_description/share/kuka_kr6_description/environment/ament_prefix_path.dsv
[0.506s] -- Installing: /home/docker/ros2_ws/src/pkg_pack_node/pkg_pack_node/install/kuka_kr6_description/share/kuka_kr6_description/environment/path.sh
[0.507s] -- Installing: /home/docker/ros2_ws/src/pkg_pack_node/pkg_pack_node/install/kuka_kr6_description/share/kuka_kr6_description/environment/path.dsv
[0.507s] -- Installing: /home/docker/ros2_ws/src/pkg_pack_node/pkg_pack_node/install/kuka_kr6_description/share/kuka_kr6_description/local_setup.bash
[0.507s] -- Installing: /home/docker/ros2_ws/src/pkg_pack_node/pkg_pack_node/install/kuka_kr6_description/share/kuka_kr6_description/local_setup.sh
[0.508s] -- Installing: /home/docker/ros2_ws/src/pkg_pack_node/pkg_pack_node/install/kuka_kr6_description/share/kuka_kr6_description/local_setup.zsh
[0.508s] -- Installing: /home/docker/ros2_ws/src/pkg_pack_node/pkg_pack_node/install/kuka_kr6_description/share/kuka_kr6_description/local_setup.dsv
[0.509s] -- Installing: /home/docker/ros2_ws/src/pkg_pack_node/pkg_pack_node/install/kuka_kr6_description/share/kuka_kr6_description/package.dsv
[0.509s] -- Installing: /home/docker/ros2_ws/src/pkg_pack_node/pkg_pack_node/install/kuka_kr6_description/share/ament_index/resource_index/packages/kuka_kr6_description
[0.509s] -- Installing: /home/docker/ros2_ws/src/pkg_pack_node/pkg_pack_node/install/kuka_kr6_description/share/kuka_kr6_description/cmake/kuka_kr6_descriptionConfig.cmake
[0.510s] -- Installing: /home/docker/ros2_ws/src/pkg_pack_node/pkg_pack_node/install/kuka_kr6_description/share/kuka_kr6_description/cmake/kuka_kr6_descriptionConfig-version.cmake
[0.510s] -- Installing: /home/docker/ros2_ws/src/pkg_pack_node/pkg_pack_node/install/kuka_kr6_description/share/kuka_kr6_description/package.xml
[0.547s] Invoked command in '/home/docker/ros2_ws/src/pkg_pack_node/pkg_pack_node/build/kuka_kr6_description' returned '0': CMAKE_PREFIX_PATH=${CMAKE_PREFIX_PATH}:/home/docker/ros2_ws/install/pkg_pack_node:/opt/ros/humble /usr/bin/cmake --install /home/docker/ros2_ws/src/pkg_pack_node/pkg_pack_node/build/kuka_kr6_description
