[1.393s] Invoking command in '/home/docker/ros2_ws/src/pkg_pack_node/pkg_pack_node/Old/control_node': PYTHONPATH=/home/docker/ros2_ws/src/pkg_pack_node/pkg_pack_node/build/control_node/prefix_override:/home/docker/ros2_ws/src/pkg_pack_node/pkg_pack_node/install/control_node/lib/python3.10/site-packages:${PYTHONPATH} /usr/bin/python3 -W ignore:setup.py install is deprecated setup.py egg_info --egg-base ../../build/control_node build --build-base /home/docker/ros2_ws/src/pkg_pack_node/pkg_pack_node/build/control_node/build install --record /home/docker/ros2_ws/src/pkg_pack_node/pkg_pack_node/build/control_node/install.log --install-scripts $base/lib/control_node --single-version-externally-managed install_data
[2.398s] running egg_info
[2.399s] creating ../../build/control_node/control_node.egg-info
[2.399s] writing ../../build/control_node/control_node.egg-info/PKG-INFO
[2.399s] writing dependency_links to ../../build/control_node/control_node.egg-info/dependency_links.txt
[2.399s] writing entry points to ../../build/control_node/control_node.egg-info/entry_points.txt
[2.399s] writing requirements to ../../build/control_node/control_node.egg-info/requires.txt
[2.399s] writing top-level names to ../../build/control_node/control_node.egg-info/top_level.txt
[2.399s] writing manifest file '../../build/control_node/control_node.egg-info/SOURCES.txt'
[2.399s] reading manifest file '../../build/control_node/control_node.egg-info/SOURCES.txt'
[2.399s] writing manifest file '../../build/control_node/control_node.egg-info/SOURCES.txt'
[2.400s] running build
[2.400s] running build_py
[2.400s] creating /home/docker/ros2_ws/src/pkg_pack_node/pkg_pack_node/build/control_node/build
[2.400s] creating /home/docker/ros2_ws/src/pkg_pack_node/pkg_pack_node/build/control_node/build/lib
[2.400s] creating /home/docker/ros2_ws/src/pkg_pack_node/pkg_pack_node/build/control_node/build/lib/control_node
[2.400s] copying control_node/publisher_gripper_controller.py -> /home/docker/ros2_ws/src/pkg_pack_node/pkg_pack_node/build/control_node/build/lib/control_node
[2.400s] copying control_node/__init__.py -> /home/docker/ros2_ws/src/pkg_pack_node/pkg_pack_node/build/control_node/build/lib/control_node
[2.400s] copying control_node/pub_gripper.py -> /home/docker/ros2_ws/src/pkg_pack_node/pkg_pack_node/build/control_node/build/lib/control_node
[2.401s] running install
[2.401s] running install_lib
[2.401s] creating /home/docker/ros2_ws/src/pkg_pack_node/pkg_pack_node/install/control_node/lib/python3.10/site-packages/control_node
[2.401s] copying /home/docker/ros2_ws/src/pkg_pack_node/pkg_pack_node/build/control_node/build/lib/control_node/publisher_gripper_controller.py -> /home/docker/ros2_ws/src/pkg_pack_node/pkg_pack_node/install/control_node/lib/python3.10/site-packages/control_node
[2.401s] copying /home/docker/ros2_ws/src/pkg_pack_node/pkg_pack_node/build/control_node/build/lib/control_node/__init__.py -> /home/docker/ros2_ws/src/pkg_pack_node/pkg_pack_node/install/control_node/lib/python3.10/site-packages/control_node
[2.401s] copying /home/docker/ros2_ws/src/pkg_pack_node/pkg_pack_node/build/control_node/build/lib/control_node/pub_gripper.py -> /home/docker/ros2_ws/src/pkg_pack_node/pkg_pack_node/install/control_node/lib/python3.10/site-packages/control_node
[2.401s] byte-compiling /home/docker/ros2_ws/src/pkg_pack_node/pkg_pack_node/install/control_node/lib/python3.10/site-packages/control_node/publisher_gripper_controller.py to publisher_gripper_controller.cpython-310.pyc
[2.401s] byte-compiling /home/docker/ros2_ws/src/pkg_pack_node/pkg_pack_node/install/control_node/lib/python3.10/site-packages/control_node/__init__.py to __init__.cpython-310.pyc
[2.402s] byte-compiling /home/docker/ros2_ws/src/pkg_pack_node/pkg_pack_node/install/control_node/lib/python3.10/site-packages/control_node/pub_gripper.py to pub_gripper.cpython-310.pyc
[2.402s] running install_data
[2.402s] creating /home/docker/ros2_ws/src/pkg_pack_node/pkg_pack_node/install/control_node/share/ament_index
[2.402s] creating /home/docker/ros2_ws/src/pkg_pack_node/pkg_pack_node/install/control_node/share/ament_index/resource_index
[2.402s] creating /home/docker/ros2_ws/src/pkg_pack_node/pkg_pack_node/install/control_node/share/ament_index/resource_index/packages
[2.402s] copying resource/control_node -> /home/docker/ros2_ws/src/pkg_pack_node/pkg_pack_node/install/control_node/share/ament_index/resource_index/packages
[2.402s] copying package.xml -> /home/docker/ros2_ws/src/pkg_pack_node/pkg_pack_node/install/control_node/share/control_node
[2.402s] creating /home/docker/ros2_ws/src/pkg_pack_node/pkg_pack_node/install/control_node/share/control_node/configs
[2.403s] running install_egg_info
[2.403s] Copying ../../build/control_node/control_node.egg-info to /home/docker/ros2_ws/src/pkg_pack_node/pkg_pack_node/install/control_node/lib/python3.10/site-packages/control_node-0.0.1-py3.10.egg-info
[2.403s] running install_scripts
[2.403s] Installing publisher_gripper_controller script to /home/docker/ros2_ws/src/pkg_pack_node/pkg_pack_node/install/control_node/lib/control_node
[2.403s] writing list of installed files to '/home/docker/ros2_ws/src/pkg_pack_node/pkg_pack_node/build/control_node/install.log'
[2.403s] /usr/local/lib/python3.10/dist-packages/setuptools/dist.py:476: SetuptoolsDeprecationWarning: Invalid dash-separated options
[2.403s] !!
[2.403s] 
[2.403s]         ********************************************************************************
[2.403s]         Usage of dash-separated 'script-dir' will not be supported in future
[2.404s]         versions. Please use the underscore name 'script_dir' instead.
[2.404s] 
[2.404s]         By 2024-Sep-26, you need to update your project and remove deprecated calls
[2.404s]         or your builds will no longer be supported.
[2.404s] 
[2.404s]         See https://setuptools.pypa.io/en/latest/userguide/declarative_config.html for details.
[2.404s]         ********************************************************************************
[2.404s] 
[2.404s] !!
[2.404s]   opt = self.warn_dash_deprecation(opt, section)
