-- Install configuration: ""
-- Up-to-date: /home/docker/ros2_ws/src/pkg_pack_node/pkg_pack_node/install/kuka_kr3_description/share/kuka_kr3_description//urdf
-- Up-to-date: /home/docker/ros2_ws/src/pkg_pack_node/pkg_pack_node/install/kuka_kr3_description/share/kuka_kr3_description//urdf/kr3r540_macro.xacro
-- Up-to-date: /home/docker/ros2_ws/src/pkg_pack_node/pkg_pack_node/install/kuka_kr3_description/share/kuka_kr3_description//urdf/robot.urdf.xacro
-- Up-to-date: /home/docker/ros2_ws/src/pkg_pack_node/pkg_pack_node/install/kuka_kr3_description/share/kuka_kr3_description//meshes
-- Up-to-date: /home/docker/ros2_ws/src/pkg_pack_node/pkg_pack_node/install/kuka_kr3_description/share/kuka_kr3_description//meshes/kr3r540
-- Up-to-date: /home/docker/ros2_ws/src/pkg_pack_node/pkg_pack_node/install/kuka_kr3_description/share/kuka_kr3_description//meshes/kr3r540/collision
-- Up-to-date: /home/docker/ros2_ws/src/pkg_pack_node/pkg_pack_node/install/kuka_kr3_description/share/kuka_kr3_description//meshes/kr3r540/collision/link_2.stl
-- Up-to-date: /home/docker/ros2_ws/src/pkg_pack_node/pkg_pack_node/install/kuka_kr3_description/share/kuka_kr3_description//meshes/kr3r540/collision/link_6.stl
-- Up-to-date: /home/docker/ros2_ws/src/pkg_pack_node/pkg_pack_node/install/kuka_kr3_description/share/kuka_kr3_description//meshes/kr3r540/collision/link_5.stl
-- Up-to-date: /home/docker/ros2_ws/src/pkg_pack_node/pkg_pack_node/install/kuka_kr3_description/share/kuka_kr3_description//meshes/kr3r540/collision/link_4.stl
-- Up-to-date: /home/docker/ros2_ws/src/pkg_pack_node/pkg_pack_node/install/kuka_kr3_description/share/kuka_kr3_description//meshes/kr3r540/collision/base_link.stl
-- Up-to-date: /home/docker/ros2_ws/src/pkg_pack_node/pkg_pack_node/install/kuka_kr3_description/share/kuka_kr3_description//meshes/kr3r540/collision/link_1.stl
-- Up-to-date: /home/docker/ros2_ws/src/pkg_pack_node/pkg_pack_node/install/kuka_kr3_description/share/kuka_kr3_description//meshes/kr3r540/collision/link_3.stl
-- Up-to-date: /home/docker/ros2_ws/src/pkg_pack_node/pkg_pack_node/install/kuka_kr3_description/share/kuka_kr3_description//meshes/kr3r540/visual
-- Up-to-date: /home/docker/ros2_ws/src/pkg_pack_node/pkg_pack_node/install/kuka_kr3_description/share/kuka_kr3_description//meshes/kr3r540/visual/link_2.stl
-- Up-to-date: /home/docker/ros2_ws/src/pkg_pack_node/pkg_pack_node/install/kuka_kr3_description/share/kuka_kr3_description//meshes/kr3r540/visual/link_6.stl
-- Up-to-date: /home/docker/ros2_ws/src/pkg_pack_node/pkg_pack_node/install/kuka_kr3_description/share/kuka_kr3_description//meshes/kr3r540/visual/link_5.stl
-- Up-to-date: /home/docker/ros2_ws/src/pkg_pack_node/pkg_pack_node/install/kuka_kr3_description/share/kuka_kr3_description//meshes/kr3r540/visual/link_4.stl
-- Up-to-date: /home/docker/ros2_ws/src/pkg_pack_node/pkg_pack_node/install/kuka_kr3_description/share/kuka_kr3_description//meshes/kr3r540/visual/base_link.stl
-- Up-to-date: /home/docker/ros2_ws/src/pkg_pack_node/pkg_pack_node/install/kuka_kr3_description/share/kuka_kr3_description//meshes/kr3r540/visual/link_1.stl
-- Up-to-date: /home/docker/ros2_ws/src/pkg_pack_node/pkg_pack_node/install/kuka_kr3_description/share/kuka_kr3_description//meshes/kr3r540/visual/link_3.stl
-- Up-to-date: /home/docker/ros2_ws/src/pkg_pack_node/pkg_pack_node/install/kuka_kr3_description/share/kuka_kr3_description//config
-- Up-to-date: /home/docker/ros2_ws/src/pkg_pack_node/pkg_pack_node/install/kuka_kr3_description/share/kuka_kr3_description//config/robot.srdf
-- Up-to-date: /home/docker/ros2_ws/src/pkg_pack_node/pkg_pack_node/install/kuka_kr3_description/share/ament_index/resource_index/package_run_dependencies/kuka_kr3_description
-- Up-to-date: /home/docker/ros2_ws/src/pkg_pack_node/pkg_pack_node/install/kuka_kr3_description/share/ament_index/resource_index/parent_prefix_path/kuka_kr3_description
-- Installing: /home/docker/ros2_ws/src/pkg_pack_node/pkg_pack_node/install/kuka_kr3_description/share/kuka_kr3_description/environment/ament_prefix_path.sh
-- Up-to-date: /home/docker/ros2_ws/src/pkg_pack_node/pkg_pack_node/install/kuka_kr3_description/share/kuka_kr3_description/environment/ament_prefix_path.dsv
-- Installing: /home/docker/ros2_ws/src/pkg_pack_node/pkg_pack_node/install/kuka_kr3_description/share/kuka_kr3_description/environment/path.sh
-- Up-to-date: /home/docker/ros2_ws/src/pkg_pack_node/pkg_pack_node/install/kuka_kr3_description/share/kuka_kr3_description/environment/path.dsv
-- Up-to-date: /home/docker/ros2_ws/src/pkg_pack_node/pkg_pack_node/install/kuka_kr3_description/share/kuka_kr3_description/local_setup.bash
-- Up-to-date: /home/docker/ros2_ws/src/pkg_pack_node/pkg_pack_node/install/kuka_kr3_description/share/kuka_kr3_description/local_setup.sh
-- Up-to-date: /home/docker/ros2_ws/src/pkg_pack_node/pkg_pack_node/install/kuka_kr3_description/share/kuka_kr3_description/local_setup.zsh
-- Up-to-date: /home/docker/ros2_ws/src/pkg_pack_node/pkg_pack_node/install/kuka_kr3_description/share/kuka_kr3_description/local_setup.dsv
-- Installing: /home/docker/ros2_ws/src/pkg_pack_node/pkg_pack_node/install/kuka_kr3_description/share/kuka_kr3_description/package.dsv
-- Up-to-date: /home/docker/ros2_ws/src/pkg_pack_node/pkg_pack_node/install/kuka_kr3_description/share/ament_index/resource_index/packages/kuka_kr3_description
-- Up-to-date: /home/docker/ros2_ws/src/pkg_pack_node/pkg_pack_node/install/kuka_kr3_description/share/kuka_kr3_description/cmake/kuka_kr3_descriptionConfig.cmake
-- Up-to-date: /home/docker/ros2_ws/src/pkg_pack_node/pkg_pack_node/install/kuka_kr3_description/share/kuka_kr3_description/cmake/kuka_kr3_descriptionConfig-version.cmake
-- Up-to-date: /home/docker/ros2_ws/src/pkg_pack_node/pkg_pack_node/install/kuka_kr3_description/share/kuka_kr3_description/package.xml
