-- Install configuration: ""
-- Installing: /home/docker/ros2_ws/src/pkg_pack_node/pkg_pack_node/install/kuka_common_moveit_config/share/kuka_common_moveit_config//config
-- Installing: /home/docker/ros2_ws/src/pkg_pack_node/pkg_pack_node/install/kuka_common_moveit_config/share/kuka_common_moveit_config//config/joint_limits.yaml
-- Installing: /home/docker/ros2_ws/src/pkg_pack_node/pkg_pack_node/install/kuka_common_moveit_config/share/kuka_common_moveit_config//config/sensors_3d.yaml
-- Installing: /home/docker/ros2_ws/src/pkg_pack_node/pkg_pack_node/install/kuka_common_moveit_config/share/kuka_common_moveit_config//config/ros_controllers.yaml
-- Installing: /home/docker/ros2_ws/src/pkg_pack_node/pkg_pack_node/install/kuka_common_moveit_config/share/kuka_common_moveit_config//config/moveit.rviz
-- Installing: /home/docker/ros2_ws/src/pkg_pack_node/pkg_pack_node/install/kuka_common_moveit_config/share/kuka_common_moveit_config//config/kuka_controllers.yaml
-- Installing: /home/docker/ros2_ws/src/pkg_pack_node/pkg_pack_node/install/kuka_common_moveit_config/share/kuka_common_moveit_config//config/fake_controllers.yaml
-- Installing: /home/docker/ros2_ws/src/pkg_pack_node/pkg_pack_node/install/kuka_common_moveit_config/share/kuka_common_moveit_config//config/ompl_planning.yaml
-- Installing: /home/docker/ros2_ws/src/pkg_pack_node/pkg_pack_node/install/kuka_common_moveit_config/share/kuka_common_moveit_config//config/kinematics.yaml
-- Installing: /home/docker/ros2_ws/src/pkg_pack_node/pkg_pack_node/install/kuka_common_moveit_config/share/kuka_common_moveit_config//config/chomp_planning.yaml
-- Installing: /home/docker/ros2_ws/src/pkg_pack_node/pkg_pack_node/install/kuka_common_moveit_config/share/kuka_common_moveit_config//launch
-- Installing: /home/docker/ros2_ws/src/pkg_pack_node/pkg_pack_node/install/kuka_common_moveit_config/share/kuka_common_moveit_config//launch/demo.launch.py
-- Installing: /home/docker/ros2_ws/src/pkg_pack_node/pkg_pack_node/install/kuka_common_moveit_config/share/ament_index/resource_index/package_run_dependencies/kuka_common_moveit_config
-- Installing: /home/docker/ros2_ws/src/pkg_pack_node/pkg_pack_node/install/kuka_common_moveit_config/share/ament_index/resource_index/parent_prefix_path/kuka_common_moveit_config
-- Installing: /home/docker/ros2_ws/src/pkg_pack_node/pkg_pack_node/install/kuka_common_moveit_config/share/kuka_common_moveit_config/environment/ament_prefix_path.sh
-- Installing: /home/docker/ros2_ws/src/pkg_pack_node/pkg_pack_node/install/kuka_common_moveit_config/share/kuka_common_moveit_config/environment/ament_prefix_path.dsv
-- Installing: /home/docker/ros2_ws/src/pkg_pack_node/pkg_pack_node/install/kuka_common_moveit_config/share/kuka_common_moveit_config/environment/path.sh
-- Installing: /home/docker/ros2_ws/src/pkg_pack_node/pkg_pack_node/install/kuka_common_moveit_config/share/kuka_common_moveit_config/environment/path.dsv
-- Installing: /home/docker/ros2_ws/src/pkg_pack_node/pkg_pack_node/install/kuka_common_moveit_config/share/kuka_common_moveit_config/local_setup.bash
-- Installing: /home/docker/ros2_ws/src/pkg_pack_node/pkg_pack_node/install/kuka_common_moveit_config/share/kuka_common_moveit_config/local_setup.sh
-- Installing: /home/docker/ros2_ws/src/pkg_pack_node/pkg_pack_node/install/kuka_common_moveit_config/share/kuka_common_moveit_config/local_setup.zsh
-- Installing: /home/docker/ros2_ws/src/pkg_pack_node/pkg_pack_node/install/kuka_common_moveit_config/share/kuka_common_moveit_config/local_setup.dsv
-- Installing: /home/docker/ros2_ws/src/pkg_pack_node/pkg_pack_node/install/kuka_common_moveit_config/share/kuka_common_moveit_config/package.dsv
-- Installing: /home/docker/ros2_ws/src/pkg_pack_node/pkg_pack_node/install/kuka_common_moveit_config/share/ament_index/resource_index/packages/kuka_common_moveit_config
-- Installing: /home/docker/ros2_ws/src/pkg_pack_node/pkg_pack_node/install/kuka_common_moveit_config/share/kuka_common_moveit_config/cmake/kuka_common_moveit_configConfig.cmake
-- Installing: /home/docker/ros2_ws/src/pkg_pack_node/pkg_pack_node/install/kuka_common_moveit_config/share/kuka_common_moveit_config/cmake/kuka_common_moveit_configConfig-version.cmake
-- Installing: /home/docker/ros2_ws/src/pkg_pack_node/pkg_pack_node/install/kuka_common_moveit_config/share/kuka_common_moveit_config/package.xml
