[0.193s] Invoking command in '/home/docker/ros2_ws/src/pkg_pack_node/pkg_pack_node/build/kuka_kr10r1100sixx_cell_description': CMAKE_PREFIX_PATH=${CMAKE_PREFIX_PATH}:/home/docker/ros2_ws/install/pkg_pack_node:/opt/ros/humble /usr/bin/cmake --build /home/docker/ros2_ws/src/pkg_pack_node/pkg_pack_node/build/kuka_kr10r1100sixx_cell_description -- -j16 -l16
[0.252s] Invoked command in '/home/docker/ros2_ws/src/pkg_pack_node/pkg_pack_node/build/kuka_kr10r1100sixx_cell_description' returned '0': CMAKE_PREFIX_PATH=${CMAKE_PREFIX_PATH}:/home/docker/ros2_ws/install/pkg_pack_node:/opt/ros/humble /usr/bin/cmake --build /home/docker/ros2_ws/src/pkg_pack_node/pkg_pack_node/build/kuka_kr10r1100sixx_cell_description -- -j16 -l16
[0.296s] Invoking command in '/home/docker/ros2_ws/src/pkg_pack_node/pkg_pack_node/build/kuka_kr10r1100sixx_cell_description': CMAKE_PREFIX_PATH=${CMAKE_PREFIX_PATH}:/home/docker/ros2_ws/install/pkg_pack_node:/opt/ros/humble /usr/bin/cmake --install /home/docker/ros2_ws/src/pkg_pack_node/pkg_pack_node/build/kuka_kr10r1100sixx_cell_description
[0.328s] -- Install configuration: ""
[0.328s] -- Up-to-date: /home/docker/ros2_ws/src/pkg_pack_node/pkg_pack_node/install/kuka_kr10r1100sixx_cell_description/share/kuka_kr10r1100sixx_cell_description//urdf
[0.328s] -- Up-to-date: /home/docker/ros2_ws/src/pkg_pack_node/pkg_pack_node/install/kuka_kr10r1100sixx_cell_description/share/kuka_kr10r1100sixx_cell_description//urdf/kr10_container_x06.xacro
[0.328s] -- Up-to-date: /home/docker/ros2_ws/src/pkg_pack_node/pkg_pack_node/install/kuka_kr10r1100sixx_cell_description/share/kuka_kr10r1100sixx_cell_description//urdf/kr10_container_x08_macro.xacro
[0.328s] -- Up-to-date: /home/docker/ros2_ws/src/pkg_pack_node/pkg_pack_node/install/kuka_kr10r1100sixx_cell_description/share/kuka_kr10r1100sixx_cell_description//urdf/kr10_container_x06_macro.xacro
[0.328s] -- Up-to-date: /home/docker/ros2_ws/src/pkg_pack_node/pkg_pack_node/install/kuka_kr10r1100sixx_cell_description/share/kuka_kr10r1100sixx_cell_description//urdf/kr10_container_x22_macro.xacro
[0.328s] -- Up-to-date: /home/docker/ros2_ws/src/pkg_pack_node/pkg_pack_node/install/kuka_kr10r1100sixx_cell_description/share/kuka_kr10r1100sixx_cell_description//urdf/kr10_container_x07.xacro
[0.329s] -- Up-to-date: /home/docker/ros2_ws/src/pkg_pack_node/pkg_pack_node/install/kuka_kr10r1100sixx_cell_description/share/kuka_kr10r1100sixx_cell_description//urdf/kr10_container_x04_macro.xacro
[0.329s] -- Up-to-date: /home/docker/ros2_ws/src/pkg_pack_node/pkg_pack_node/install/kuka_kr10r1100sixx_cell_description/share/kuka_kr10r1100sixx_cell_description//urdf/kr10_container_x05.xacro
[0.330s] -- Up-to-date: /home/docker/ros2_ws/src/pkg_pack_node/pkg_pack_node/install/kuka_kr10r1100sixx_cell_description/share/kuka_kr10r1100sixx_cell_description//urdf/kr10_container_x07_macro.xacro
[0.330s] -- Up-to-date: /home/docker/ros2_ws/src/pkg_pack_node/pkg_pack_node/install/kuka_kr10r1100sixx_cell_description/share/kuka_kr10r1100sixx_cell_description//urdf/kr10_container_x22.xacro
[0.330s] -- Up-to-date: /home/docker/ros2_ws/src/pkg_pack_node/pkg_pack_node/install/kuka_kr10r1100sixx_cell_description/share/kuka_kr10r1100sixx_cell_description//urdf/kr10_cylinder.xacro
[0.330s] -- Up-to-date: /home/docker/ros2_ws/src/pkg_pack_node/pkg_pack_node/install/kuka_kr10r1100sixx_cell_description/share/kuka_kr10r1100sixx_cell_description//urdf/kr10_container_x03.xacro
[0.330s] -- Up-to-date: /home/docker/ros2_ws/src/pkg_pack_node/pkg_pack_node/install/kuka_kr10r1100sixx_cell_description/share/kuka_kr10r1100sixx_cell_description//urdf/kr10_macro.ros2_control.xacro
[0.330s] -- Up-to-date: /home/docker/ros2_ws/src/pkg_pack_node/pkg_pack_node/install/kuka_kr10r1100sixx_cell_description/share/kuka_kr10r1100sixx_cell_description//urdf/kr10_container_x01_macro.xacro
[0.330s] -- Up-to-date: /home/docker/ros2_ws/src/pkg_pack_node/pkg_pack_node/install/kuka_kr10r1100sixx_cell_description/share/kuka_kr10r1100sixx_cell_description//urdf/kr10_cylinder_macro.xacro
[0.331s] -- Up-to-date: /home/docker/ros2_ws/src/pkg_pack_node/pkg_pack_node/install/kuka_kr10r1100sixx_cell_description/share/kuka_kr10r1100sixx_cell_description//urdf/kr10_container_x03_macro.xacro
[0.331s] -- Up-to-date: /home/docker/ros2_ws/src/pkg_pack_node/pkg_pack_node/install/kuka_kr10r1100sixx_cell_description/share/kuka_kr10r1100sixx_cell_description//urdf/kr10_container_x01.xacro
[0.331s] -- Up-to-date: /home/docker/ros2_ws/src/pkg_pack_node/pkg_pack_node/install/kuka_kr10r1100sixx_cell_description/share/kuka_kr10r1100sixx_cell_description//urdf/kr10_container_x04.xacro
[0.331s] -- Up-to-date: /home/docker/ros2_ws/src/pkg_pack_node/pkg_pack_node/install/kuka_kr10r1100sixx_cell_description/share/kuka_kr10r1100sixx_cell_description//urdf/kr10_container_x05_macro.xacro
[0.331s] -- Up-to-date: /home/docker/ros2_ws/src/pkg_pack_node/pkg_pack_node/install/kuka_kr10r1100sixx_cell_description/share/kuka_kr10r1100sixx_cell_description//urdf/kr10_container_x08.xacro
[0.331s] -- Up-to-date: /home/docker/ros2_ws/src/pkg_pack_node/pkg_pack_node/install/kuka_kr10r1100sixx_cell_description/share/kuka_kr10r1100sixx_cell_description//urdf/kr10_container_x02_macro.xacro
[0.332s] -- Up-to-date: /home/docker/ros2_ws/src/pkg_pack_node/pkg_pack_node/install/kuka_kr10r1100sixx_cell_description/share/kuka_kr10r1100sixx_cell_description//urdf/kr10_container_x02.xacro
[0.332s] -- Up-to-date: /home/docker/ros2_ws/src/pkg_pack_node/pkg_pack_node/install/kuka_kr10r1100sixx_cell_description/share/kuka_kr10r1100sixx_cell_description//meshes
[0.332s] -- Up-to-date: /home/docker/ros2_ws/src/pkg_pack_node/pkg_pack_node/install/kuka_kr10r1100sixx_cell_description/share/kuka_kr10r1100sixx_cell_description//meshes/kr10r1100sixx_cell
[0.332s] -- Up-to-date: /home/docker/ros2_ws/src/pkg_pack_node/pkg_pack_node/install/kuka_kr10r1100sixx_cell_description/share/kuka_kr10r1100sixx_cell_description//meshes/kr10r1100sixx_cell/collision
[0.332s] -- Up-to-date: /home/docker/ros2_ws/src/pkg_pack_node/pkg_pack_node/install/kuka_kr10r1100sixx_cell_description/share/kuka_kr10r1100sixx_cell_description//meshes/kr10r1100sixx_cell/collision/link_2.stl
[0.333s] -- Up-to-date: /home/docker/ros2_ws/src/pkg_pack_node/pkg_pack_node/install/kuka_kr10r1100sixx_cell_description/share/kuka_kr10r1100sixx_cell_description//meshes/kr10r1100sixx_cell/collision/container_x03.stl
[0.333s] -- Up-to-date: /home/docker/ros2_ws/src/pkg_pack_node/pkg_pack_node/install/kuka_kr10r1100sixx_cell_description/share/kuka_kr10r1100sixx_cell_description//meshes/kr10r1100sixx_cell/collision/link_6.stl
[0.333s] -- Up-to-date: /home/docker/ros2_ws/src/pkg_pack_node/pkg_pack_node/install/kuka_kr10r1100sixx_cell_description/share/kuka_kr10r1100sixx_cell_description//meshes/kr10r1100sixx_cell/collision/PS_0986580371.stl
[0.333s] -- Up-to-date: /home/docker/ros2_ws/src/pkg_pack_node/pkg_pack_node/install/kuka_kr10r1100sixx_cell_description/share/kuka_kr10r1100sixx_cell_description//meshes/kr10r1100sixx_cell/collision/cylinder_col_br.stl
[0.333s] -- Up-to-date: /home/docker/ros2_ws/src/pkg_pack_node/pkg_pack_node/install/kuka_kr10r1100sixx_cell_description/share/kuka_kr10r1100sixx_cell_description//meshes/kr10r1100sixx_cell/collision/container_x04.stl
[0.333s] -- Up-to-date: /home/docker/ros2_ws/src/pkg_pack_node/pkg_pack_node/install/kuka_kr10r1100sixx_cell_description/share/kuka_kr10r1100sixx_cell_description//meshes/kr10r1100sixx_cell/collision/container_x01.stl
[0.333s] -- Up-to-date: /home/docker/ros2_ws/src/pkg_pack_node/pkg_pack_node/install/kuka_kr10r1100sixx_cell_description/share/kuka_kr10r1100sixx_cell_description//meshes/kr10r1100sixx_cell/collision/PS_0281002497.stl
[0.334s] -- Up-to-date: /home/docker/ros2_ws/src/pkg_pack_node/pkg_pack_node/install/kuka_kr10r1100sixx_cell_description/share/kuka_kr10r1100sixx_cell_description//meshes/kr10r1100sixx_cell/collision/link_5.stl
[0.334s] -- Up-to-date: /home/docker/ros2_ws/src/pkg_pack_node/pkg_pack_node/install/kuka_kr10r1100sixx_cell_description/share/kuka_kr10r1100sixx_cell_description//meshes/kr10r1100sixx_cell/collision/table0.001.stl
[0.334s] -- Up-to-date: /home/docker/ros2_ws/src/pkg_pack_node/pkg_pack_node/install/kuka_kr10r1100sixx_cell_description/share/kuka_kr10r1100sixx_cell_description//meshes/kr10r1100sixx_cell/collision/gripper_collision.stl
[0.334s] -- Up-to-date: /home/docker/ros2_ws/src/pkg_pack_node/pkg_pack_node/install/kuka_kr10r1100sixx_cell_description/share/kuka_kr10r1100sixx_cell_description//meshes/kr10r1100sixx_cell/collision/shelf.stl
[0.334s] -- Up-to-date: /home/docker/ros2_ws/src/pkg_pack_node/pkg_pack_node/install/kuka_kr10r1100sixx_cell_description/share/kuka_kr10r1100sixx_cell_description//meshes/kr10r1100sixx_cell/collision/link_4.stl
[0.334s] -- Up-to-date: /home/docker/ros2_ws/src/pkg_pack_node/pkg_pack_node/install/kuka_kr10r1100sixx_cell_description/share/kuka_kr10r1100sixx_cell_description//meshes/kr10r1100sixx_cell/collision/PS_098601831.stl
[0.334s] -- Up-to-date: /home/docker/ros2_ws/src/pkg_pack_node/pkg_pack_node/install/kuka_kr10r1100sixx_cell_description/share/kuka_kr10r1100sixx_cell_description//meshes/kr10r1100sixx_cell/collision/container_x08.stl
[0.335s] -- Up-to-date: /home/docker/ros2_ws/src/pkg_pack_node/pkg_pack_node/install/kuka_kr10r1100sixx_cell_description/share/kuka_kr10r1100sixx_cell_description//meshes/kr10r1100sixx_cell/collision/gripper_col_base.stl
[0.335s] -- Up-to-date: /home/docker/ros2_ws/src/pkg_pack_node/pkg_pack_node/install/kuka_kr10r1100sixx_cell_description/share/kuka_kr10r1100sixx_cell_description//meshes/kr10r1100sixx_cell/collision/PS_0986475039.stl
[0.335s] -- Up-to-date: /home/docker/ros2_ws/src/pkg_pack_node/pkg_pack_node/install/kuka_kr10r1100sixx_cell_description/share/kuka_kr10r1100sixx_cell_description//meshes/kr10r1100sixx_cell/collision/container_x22.stl
[0.336s] -- Up-to-date: /home/docker/ros2_ws/src/pkg_pack_node/pkg_pack_node/install/kuka_kr10r1100sixx_cell_description/share/kuka_kr10r1100sixx_cell_description//meshes/kr10r1100sixx_cell/collision/cylinder_col_bl.stl
[0.336s] -- Up-to-date: /home/docker/ros2_ws/src/pkg_pack_node/pkg_pack_node/install/kuka_kr10r1100sixx_cell_description/share/kuka_kr10r1100sixx_cell_description//meshes/kr10r1100sixx_cell/collision/RoboterTisch v1.stl
[0.337s] -- Up-to-date: /home/docker/ros2_ws/src/pkg_pack_node/pkg_pack_node/install/kuka_kr10r1100sixx_cell_description/share/kuka_kr10r1100sixx_cell_description//meshes/kr10r1100sixx_cell/collision/container_x06.stl
[0.337s] -- Up-to-date: /home/docker/ros2_ws/src/pkg_pack_node/pkg_pack_node/install/kuka_kr10r1100sixx_cell_description/share/kuka_kr10r1100sixx_cell_description//meshes/kr10r1100sixx_cell/collision/container_x05.stl
[0.337s] -- Up-to-date: /home/docker/ros2_ws/src/pkg_pack_node/pkg_pack_node/install/kuka_kr10r1100sixx_cell_description/share/kuka_kr10r1100sixx_cell_description//meshes/kr10r1100sixx_cell/collision/cylinder_col_fr.stl
[0.337s] -- Up-to-date: /home/docker/ros2_ws/src/pkg_pack_node/pkg_pack_node/install/kuka_kr10r1100sixx_cell_description/share/kuka_kr10r1100sixx_cell_description//meshes/kr10r1100sixx_cell/collision/container_x02.stl
[0.337s] -- Up-to-date: /home/docker/ros2_ws/src/pkg_pack_node/pkg_pack_node/install/kuka_kr10r1100sixx_cell_description/share/kuka_kr10r1100sixx_cell_description//meshes/kr10r1100sixx_cell/collision/base_link.stl
[0.337s] -- Up-to-date: /home/docker/ros2_ws/src/pkg_pack_node/pkg_pack_node/install/kuka_kr10r1100sixx_cell_description/share/kuka_kr10r1100sixx_cell_description//meshes/kr10r1100sixx_cell/collision/cylinder_col_fl.stl
[0.340s] -- Up-to-date: /home/docker/ros2_ws/src/pkg_pack_node/pkg_pack_node/install/kuka_kr10r1100sixx_cell_description/share/kuka_kr10r1100sixx_cell_description//meshes/kr10r1100sixx_cell/collision/link_1.stl
[0.341s] -- Up-to-date: /home/docker/ros2_ws/src/pkg_pack_node/pkg_pack_node/install/kuka_kr10r1100sixx_cell_description/share/kuka_kr10r1100sixx_cell_description//meshes/kr10r1100sixx_cell/collision/link_3.stl
[0.341s] -- Up-to-date: /home/docker/ros2_ws/src/pkg_pack_node/pkg_pack_node/install/kuka_kr10r1100sixx_cell_description/share/kuka_kr10r1100sixx_cell_description//meshes/kr10r1100sixx_cell/collision/shelf_new.stl
[0.342s] -- Up-to-date: /home/docker/ros2_ws/src/pkg_pack_node/pkg_pack_node/install/kuka_kr10r1100sixx_cell_description/share/kuka_kr10r1100sixx_cell_description//meshes/kr10r1100sixx_cell/collision/container_x07.stl
[0.343s] -- Up-to-date: /home/docker/ros2_ws/src/pkg_pack_node/pkg_pack_node/install/kuka_kr10r1100sixx_cell_description/share/kuka_kr10r1100sixx_cell_description//meshes/kr10r1100sixx_cell/visual
[0.344s] -- Up-to-date: /home/docker/ros2_ws/src/pkg_pack_node/pkg_pack_node/install/kuka_kr10r1100sixx_cell_description/share/kuka_kr10r1100sixx_cell_description//meshes/kr10r1100sixx_cell/visual/link_2.stl
[0.344s] -- Up-to-date: /home/docker/ros2_ws/src/pkg_pack_node/pkg_pack_node/install/kuka_kr10r1100sixx_cell_description/share/kuka_kr10r1100sixx_cell_description//meshes/kr10r1100sixx_cell/visual/container_x03.stl
[0.344s] -- Up-to-date: /home/docker/ros2_ws/src/pkg_pack_node/pkg_pack_node/install/kuka_kr10r1100sixx_cell_description/share/kuka_kr10r1100sixx_cell_description//meshes/kr10r1100sixx_cell/visual/gripper_visual_base.stl
[0.344s] -- Up-to-date: /home/docker/ros2_ws/src/pkg_pack_node/pkg_pack_node/install/kuka_kr10r1100sixx_cell_description/share/kuka_kr10r1100sixx_cell_description//meshes/kr10r1100sixx_cell/visual/cylinder_back_left.stl
[0.344s] -- Up-to-date: /home/docker/ros2_ws/src/pkg_pack_node/pkg_pack_node/install/kuka_kr10r1100sixx_cell_description/share/kuka_kr10r1100sixx_cell_description//meshes/kr10r1100sixx_cell/visual/cylinder_front_left.stl
[0.345s] -- Up-to-date: /home/docker/ros2_ws/src/pkg_pack_node/pkg_pack_node/install/kuka_kr10r1100sixx_cell_description/share/kuka_kr10r1100sixx_cell_description//meshes/kr10r1100sixx_cell/visual/link_6.stl
[0.345s] -- Up-to-date: /home/docker/ros2_ws/src/pkg_pack_node/pkg_pack_node/install/kuka_kr10r1100sixx_cell_description/share/kuka_kr10r1100sixx_cell_description//meshes/kr10r1100sixx_cell/visual/PS_0986580371.stl
[0.345s] -- Up-to-date: /home/docker/ros2_ws/src/pkg_pack_node/pkg_pack_node/install/kuka_kr10r1100sixx_cell_description/share/kuka_kr10r1100sixx_cell_description//meshes/kr10r1100sixx_cell/visual/container_x04.stl
[0.345s] -- Up-to-date: /home/docker/ros2_ws/src/pkg_pack_node/pkg_pack_node/install/kuka_kr10r1100sixx_cell_description/share/kuka_kr10r1100sixx_cell_description//meshes/kr10r1100sixx_cell/visual/container_x01.stl
[0.345s] -- Up-to-date: /home/docker/ros2_ws/src/pkg_pack_node/pkg_pack_node/install/kuka_kr10r1100sixx_cell_description/share/kuka_kr10r1100sixx_cell_description//meshes/kr10r1100sixx_cell/visual/PS_0281002497.stl
[0.346s] -- Up-to-date: /home/docker/ros2_ws/src/pkg_pack_node/pkg_pack_node/install/kuka_kr10r1100sixx_cell_description/share/kuka_kr10r1100sixx_cell_description//meshes/kr10r1100sixx_cell/visual/link_5.stl
[0.346s] -- Up-to-date: /home/docker/ros2_ws/src/pkg_pack_node/pkg_pack_node/install/kuka_kr10r1100sixx_cell_description/share/kuka_kr10r1100sixx_cell_description//meshes/kr10r1100sixx_cell/visual/table0.001.stl
[0.346s] -- Up-to-date: /home/docker/ros2_ws/src/pkg_pack_node/pkg_pack_node/install/kuka_kr10r1100sixx_cell_description/share/kuka_kr10r1100sixx_cell_description//meshes/kr10r1100sixx_cell/visual/gripper_collision.stl
[0.346s] -- Up-to-date: /home/docker/ros2_ws/src/pkg_pack_node/pkg_pack_node/install/kuka_kr10r1100sixx_cell_description/share/kuka_kr10r1100sixx_cell_description//meshes/kr10r1100sixx_cell/visual/shelf.stl
[0.346s] -- Up-to-date: /home/docker/ros2_ws/src/pkg_pack_node/pkg_pack_node/install/kuka_kr10r1100sixx_cell_description/share/kuka_kr10r1100sixx_cell_description//meshes/kr10r1100sixx_cell/visual/link_4.stl
[0.346s] -- Up-to-date: /home/docker/ros2_ws/src/pkg_pack_node/pkg_pack_node/install/kuka_kr10r1100sixx_cell_description/share/kuka_kr10r1100sixx_cell_description//meshes/kr10r1100sixx_cell/visual/PS_098601831.stl
[0.346s] -- Up-to-date: /home/docker/ros2_ws/src/pkg_pack_node/pkg_pack_node/install/kuka_kr10r1100sixx_cell_description/share/kuka_kr10r1100sixx_cell_description//meshes/kr10r1100sixx_cell/visual/container_x08.stl
[0.347s] -- Up-to-date: /home/docker/ros2_ws/src/pkg_pack_node/pkg_pack_node/install/kuka_kr10r1100sixx_cell_description/share/kuka_kr10r1100sixx_cell_description//meshes/kr10r1100sixx_cell/visual/cylinder_front_right.stl
[0.347s] -- Up-to-date: /home/docker/ros2_ws/src/pkg_pack_node/pkg_pack_node/install/kuka_kr10r1100sixx_cell_description/share/kuka_kr10r1100sixx_cell_description//meshes/kr10r1100sixx_cell/visual/PS_0986475039.stl
[0.347s] -- Up-to-date: /home/docker/ros2_ws/src/pkg_pack_node/pkg_pack_node/install/kuka_kr10r1100sixx_cell_description/share/kuka_kr10r1100sixx_cell_description//meshes/kr10r1100sixx_cell/visual/container_x22.stl
[0.347s] -- Up-to-date: /home/docker/ros2_ws/src/pkg_pack_node/pkg_pack_node/install/kuka_kr10r1100sixx_cell_description/share/kuka_kr10r1100sixx_cell_description//meshes/kr10r1100sixx_cell/visual/gripper_visual.stl
[0.347s] -- Up-to-date: /home/docker/ros2_ws/src/pkg_pack_node/pkg_pack_node/install/kuka_kr10r1100sixx_cell_description/share/kuka_kr10r1100sixx_cell_description//meshes/kr10r1100sixx_cell/visual/RoboterTisch v1.stl
[0.347s] -- Up-to-date: /home/docker/ros2_ws/src/pkg_pack_node/pkg_pack_node/install/kuka_kr10r1100sixx_cell_description/share/kuka_kr10r1100sixx_cell_description//meshes/kr10r1100sixx_cell/visual/container_x06.stl
[0.347s] -- Up-to-date: /home/docker/ros2_ws/src/pkg_pack_node/pkg_pack_node/install/kuka_kr10r1100sixx_cell_description/share/kuka_kr10r1100sixx_cell_description//meshes/kr10r1100sixx_cell/visual/container_x05.stl
[0.352s] -- Up-to-date: /home/docker/ros2_ws/src/pkg_pack_node/pkg_pack_node/install/kuka_kr10r1100sixx_cell_description/share/kuka_kr10r1100sixx_cell_description//meshes/kr10r1100sixx_cell/visual/container_x02.stl
[0.357s] -- Up-to-date: /home/docker/ros2_ws/src/pkg_pack_node/pkg_pack_node/install/kuka_kr10r1100sixx_cell_description/share/kuka_kr10r1100sixx_cell_description//meshes/kr10r1100sixx_cell/visual/base_link.stl
[0.357s] -- Up-to-date: /home/docker/ros2_ws/src/pkg_pack_node/pkg_pack_node/install/kuka_kr10r1100sixx_cell_description/share/kuka_kr10r1100sixx_cell_description//meshes/kr10r1100sixx_cell/visual/cylinder_back_right.stl
[0.357s] -- Up-to-date: /home/docker/ros2_ws/src/pkg_pack_node/pkg_pack_node/install/kuka_kr10r1100sixx_cell_description/share/kuka_kr10r1100sixx_cell_description//meshes/kr10r1100sixx_cell/visual/link_1.stl
[0.357s] -- Up-to-date: /home/docker/ros2_ws/src/pkg_pack_node/pkg_pack_node/install/kuka_kr10r1100sixx_cell_description/share/kuka_kr10r1100sixx_cell_description//meshes/kr10r1100sixx_cell/visual/link_3.stl
[0.357s] -- Up-to-date: /home/docker/ros2_ws/src/pkg_pack_node/pkg_pack_node/install/kuka_kr10r1100sixx_cell_description/share/kuka_kr10r1100sixx_cell_description//meshes/kr10r1100sixx_cell/visual/shelf_new.stl
[0.357s] -- Up-to-date: /home/docker/ros2_ws/src/pkg_pack_node/pkg_pack_node/install/kuka_kr10r1100sixx_cell_description/share/kuka_kr10r1100sixx_cell_description//meshes/kr10r1100sixx_cell/visual/container_x07.stl
[0.358s] -- Up-to-date: /home/docker/ros2_ws/src/pkg_pack_node/pkg_pack_node/install/kuka_kr10r1100sixx_cell_description/share/kuka_kr10r1100sixx_cell_description//launch
[0.369s] -- Up-to-date: /home/docker/ros2_ws/src/pkg_pack_node/pkg_pack_node/install/kuka_kr10r1100sixx_cell_description/share/kuka_kr10r1100sixx_cell_description//launch/kr10.launch.py
[0.369s] -- Up-to-date: /home/docker/ros2_ws/src/pkg_pack_node/pkg_pack_node/install/kuka_kr10r1100sixx_cell_description/share/kuka_kr10r1100sixx_cell_description//launch/demo_modified.launch.py
[0.369s] -- Up-to-date: /home/docker/ros2_ws/src/pkg_pack_node/pkg_pack_node/install/kuka_kr10r1100sixx_cell_description/share/kuka_kr10r1100sixx_cell_description//launch/test_gripper_controller.launch.py
[0.369s] -- Up-to-date: /home/docker/ros2_ws/src/pkg_pack_node/pkg_pack_node/install/kuka_kr10r1100sixx_cell_description/share/kuka_kr10r1100sixx_cell_description//launch/demo.launch.py
[0.369s] -- Up-to-date: /home/docker/ros2_ws/src/pkg_pack_node/pkg_pack_node/install/kuka_kr10r1100sixx_cell_description/share/kuka_kr10r1100sixx_cell_description//launch/view_robot.launch.py
[0.369s] -- Up-to-date: /home/docker/ros2_ws/src/pkg_pack_node/pkg_pack_node/install/kuka_kr10r1100sixx_cell_description/share/kuka_kr10r1100sixx_cell_description//launch/test.launch.py
[0.369s] -- Up-to-date: /home/docker/ros2_ws/src/pkg_pack_node/pkg_pack_node/install/kuka_kr10r1100sixx_cell_description/share/kuka_kr10r1100sixx_cell_description//config
[0.370s] -- Up-to-date: /home/docker/ros2_ws/src/pkg_pack_node/pkg_pack_node/install/kuka_kr10r1100sixx_cell_description/share/kuka_kr10r1100sixx_cell_description//config/ros2_controllers.yaml
[0.370s] -- Up-to-date: /home/docker/ros2_ws/src/pkg_pack_node/pkg_pack_node/install/kuka_kr10r1100sixx_cell_description/share/kuka_kr10r1100sixx_cell_description//config/kr10_cylinder.srdf
[0.370s] -- Up-to-date: /home/docker/ros2_ws/src/pkg_pack_node/pkg_pack_node/install/kuka_kr10r1100sixx_cell_description/share/kuka_kr10r1100sixx_cell_description//config/moveit.rviz
[0.370s] -- Up-to-date: /home/docker/ros2_ws/src/pkg_pack_node/pkg_pack_node/install/kuka_kr10r1100sixx_cell_description/share/kuka_kr10r1100sixx_cell_description//config/robot.srdf
[0.370s] -- Up-to-date: /home/docker/ros2_ws/src/pkg_pack_node/pkg_pack_node/install/kuka_kr10r1100sixx_cell_description/share/kuka_kr10r1100sixx_cell_description//config/ompl_planning.yaml
[0.370s] -- Up-to-date: /home/docker/ros2_ws/src/pkg_pack_node/pkg_pack_node/install/kuka_kr10r1100sixx_cell_description/share/kuka_kr10r1100sixx_cell_description//config/initial_positions.yaml
[0.371s] -- Up-to-date: /home/docker/ros2_ws/src/pkg_pack_node/pkg_pack_node/install/kuka_kr10r1100sixx_cell_description/share/kuka_kr10r1100sixx_cell_description//config/kinematics.yaml
[0.371s] -- Up-to-date: /home/docker/ros2_ws/src/pkg_pack_node/pkg_pack_node/install/kuka_kr10r1100sixx_cell_description/share/kuka_kr10r1100sixx_cell_description//config/gripper_publisher.yaml
[0.371s] -- Up-to-date: /home/docker/ros2_ws/src/pkg_pack_node/pkg_pack_node/install/kuka_kr10r1100sixx_cell_description/share/ament_index/resource_index/package_run_dependencies/kuka_kr10r1100sixx_cell_description
[0.371s] -- Up-to-date: /home/docker/ros2_ws/src/pkg_pack_node/pkg_pack_node/install/kuka_kr10r1100sixx_cell_description/share/ament_index/resource_index/parent_prefix_path/kuka_kr10r1100sixx_cell_description
[0.371s] -- Installing: /home/docker/ros2_ws/src/pkg_pack_node/pkg_pack_node/install/kuka_kr10r1100sixx_cell_description/share/kuka_kr10r1100sixx_cell_description/environment/ament_prefix_path.sh
[0.371s] -- Up-to-date: /home/docker/ros2_ws/src/pkg_pack_node/pkg_pack_node/install/kuka_kr10r1100sixx_cell_description/share/kuka_kr10r1100sixx_cell_description/environment/ament_prefix_path.dsv
[0.371s] -- Installing: /home/docker/ros2_ws/src/pkg_pack_node/pkg_pack_node/install/kuka_kr10r1100sixx_cell_description/share/kuka_kr10r1100sixx_cell_description/environment/path.sh
[0.373s] -- Up-to-date: /home/docker/ros2_ws/src/pkg_pack_node/pkg_pack_node/install/kuka_kr10r1100sixx_cell_description/share/kuka_kr10r1100sixx_cell_description/environment/path.dsv
[0.373s] -- Up-to-date: /home/docker/ros2_ws/src/pkg_pack_node/pkg_pack_node/install/kuka_kr10r1100sixx_cell_description/share/kuka_kr10r1100sixx_cell_description/local_setup.bash
[0.373s] -- Up-to-date: /home/docker/ros2_ws/src/pkg_pack_node/pkg_pack_node/install/kuka_kr10r1100sixx_cell_description/share/kuka_kr10r1100sixx_cell_description/local_setup.sh
[0.373s] -- Up-to-date: /home/docker/ros2_ws/src/pkg_pack_node/pkg_pack_node/install/kuka_kr10r1100sixx_cell_description/share/kuka_kr10r1100sixx_cell_description/local_setup.zsh
[0.373s] -- Up-to-date: /home/docker/ros2_ws/src/pkg_pack_node/pkg_pack_node/install/kuka_kr10r1100sixx_cell_description/share/kuka_kr10r1100sixx_cell_description/local_setup.dsv
[0.373s] -- Installing: /home/docker/ros2_ws/src/pkg_pack_node/pkg_pack_node/install/kuka_kr10r1100sixx_cell_description/share/kuka_kr10r1100sixx_cell_description/package.dsv
[0.373s] -- Up-to-date: /home/docker/ros2_ws/src/pkg_pack_node/pkg_pack_node/install/kuka_kr10r1100sixx_cell_description/share/ament_index/resource_index/packages/kuka_kr10r1100sixx_cell_description
[0.373s] -- Up-to-date: /home/docker/ros2_ws/src/pkg_pack_node/pkg_pack_node/install/kuka_kr10r1100sixx_cell_description/share/kuka_kr10r1100sixx_cell_description/cmake/kuka_kr10r1100sixx_cell_descriptionConfig.cmake
[0.374s] -- Up-to-date: /home/docker/ros2_ws/src/pkg_pack_node/pkg_pack_node/install/kuka_kr10r1100sixx_cell_description/share/kuka_kr10r1100sixx_cell_description/cmake/kuka_kr10r1100sixx_cell_descriptionConfig-version.cmake
[0.374s] -- Up-to-date: /home/docker/ros2_ws/src/pkg_pack_node/pkg_pack_node/install/kuka_kr10r1100sixx_cell_description/share/kuka_kr10r1100sixx_cell_description/package.xml
[0.406s] Invoked command in '/home/docker/ros2_ws/src/pkg_pack_node/pkg_pack_node/build/kuka_kr10r1100sixx_cell_description' returned '0': CMAKE_PREFIX_PATH=${CMAKE_PREFIX_PATH}:/home/docker/ros2_ws/install/pkg_pack_node:/opt/ros/humble /usr/bin/cmake --install /home/docker/ros2_ws/src/pkg_pack_node/pkg_pack_node/build/kuka_kr10r1100sixx_cell_description
