[0.200s] Invoking command in '/home/docker/ros2_ws/src/pkg_pack_node/pkg_pack_node/build/kuka_kr5_description': CMAKE_PREFIX_PATH=${CMAKE_PREFIX_PATH}:/home/docker/ros2_ws/install/pkg_pack_node:/opt/ros/humble /usr/bin/cmake --build /home/docker/ros2_ws/src/pkg_pack_node/pkg_pack_node/build/kuka_kr5_description -- -j16 -l16
[0.254s] Invoked command in '/home/docker/ros2_ws/src/pkg_pack_node/pkg_pack_node/build/kuka_kr5_description' returned '0': CMAKE_PREFIX_PATH=${CMAKE_PREFIX_PATH}:/home/docker/ros2_ws/install/pkg_pack_node:/opt/ros/humble /usr/bin/cmake --build /home/docker/ros2_ws/src/pkg_pack_node/pkg_pack_node/build/kuka_kr5_description -- -j16 -l16
[0.367s] Invoking command in '/home/docker/ros2_ws/src/pkg_pack_node/pkg_pack_node/build/kuka_kr5_description': CMAKE_PREFIX_PATH=${CMAKE_PREFIX_PATH}:/home/docker/ros2_ws/install/pkg_pack_node:/opt/ros/humble /usr/bin/cmake --install /home/docker/ros2_ws/src/pkg_pack_node/pkg_pack_node/build/kuka_kr5_description
[0.380s] -- Install configuration: ""
[0.381s] -- Up-to-date: /home/docker/ros2_ws/src/pkg_pack_node/pkg_pack_node/install/kuka_kr5_description/share/kuka_kr5_description//urdf
[0.381s] -- Up-to-date: /home/docker/ros2_ws/src/pkg_pack_node/pkg_pack_node/install/kuka_kr5_description/share/kuka_kr5_description//urdf/robot.urdf.xacro
[0.381s] -- Up-to-date: /home/docker/ros2_ws/src/pkg_pack_node/pkg_pack_node/install/kuka_kr5_description/share/kuka_kr5_description//urdf/kr5_arc_macro.xacro
[0.381s] -- Up-to-date: /home/docker/ros2_ws/src/pkg_pack_node/pkg_pack_node/install/kuka_kr5_description/share/kuka_kr5_description//meshes
[0.381s] -- Up-to-date: /home/docker/ros2_ws/src/pkg_pack_node/pkg_pack_node/install/kuka_kr5_description/share/kuka_kr5_description//meshes/kr5_arc
[0.381s] -- Up-to-date: /home/docker/ros2_ws/src/pkg_pack_node/pkg_pack_node/install/kuka_kr5_description/share/kuka_kr5_description//meshes/kr5_arc/collision
[0.381s] -- Up-to-date: /home/docker/ros2_ws/src/pkg_pack_node/pkg_pack_node/install/kuka_kr5_description/share/kuka_kr5_description//meshes/kr5_arc/collision/link_2.stl
[0.381s] -- Up-to-date: /home/docker/ros2_ws/src/pkg_pack_node/pkg_pack_node/install/kuka_kr5_description/share/kuka_kr5_description//meshes/kr5_arc/collision/link_6.stl
[0.382s] -- Up-to-date: /home/docker/ros2_ws/src/pkg_pack_node/pkg_pack_node/install/kuka_kr5_description/share/kuka_kr5_description//meshes/kr5_arc/collision/link_5.stl
[0.382s] -- Up-to-date: /home/docker/ros2_ws/src/pkg_pack_node/pkg_pack_node/install/kuka_kr5_description/share/kuka_kr5_description//meshes/kr5_arc/collision/link_4.stl
[0.383s] -- Up-to-date: /home/docker/ros2_ws/src/pkg_pack_node/pkg_pack_node/install/kuka_kr5_description/share/kuka_kr5_description//meshes/kr5_arc/collision/base_link.stl
[0.383s] -- Up-to-date: /home/docker/ros2_ws/src/pkg_pack_node/pkg_pack_node/install/kuka_kr5_description/share/kuka_kr5_description//meshes/kr5_arc/collision/link_1.stl
[0.383s] -- Up-to-date: /home/docker/ros2_ws/src/pkg_pack_node/pkg_pack_node/install/kuka_kr5_description/share/kuka_kr5_description//meshes/kr5_arc/collision/link_3.stl
[0.383s] -- Up-to-date: /home/docker/ros2_ws/src/pkg_pack_node/pkg_pack_node/install/kuka_kr5_description/share/kuka_kr5_description//meshes/kr5_arc/visual
[0.383s] -- Up-to-date: /home/docker/ros2_ws/src/pkg_pack_node/pkg_pack_node/install/kuka_kr5_description/share/kuka_kr5_description//meshes/kr5_arc/visual/link_5.dae
[0.383s] -- Up-to-date: /home/docker/ros2_ws/src/pkg_pack_node/pkg_pack_node/install/kuka_kr5_description/share/kuka_kr5_description//meshes/kr5_arc/visual/link_4.dae
[0.383s] -- Up-to-date: /home/docker/ros2_ws/src/pkg_pack_node/pkg_pack_node/install/kuka_kr5_description/share/kuka_kr5_description//meshes/kr5_arc/visual/link_3.dae
[0.383s] -- Up-to-date: /home/docker/ros2_ws/src/pkg_pack_node/pkg_pack_node/install/kuka_kr5_description/share/kuka_kr5_description//meshes/kr5_arc/visual/base_link.dae
[0.384s] -- Up-to-date: /home/docker/ros2_ws/src/pkg_pack_node/pkg_pack_node/install/kuka_kr5_description/share/kuka_kr5_description//meshes/kr5_arc/visual/link_2.dae
[0.384s] -- Up-to-date: /home/docker/ros2_ws/src/pkg_pack_node/pkg_pack_node/install/kuka_kr5_description/share/kuka_kr5_description//meshes/kr5_arc/visual/link_6.dae
[0.385s] -- Up-to-date: /home/docker/ros2_ws/src/pkg_pack_node/pkg_pack_node/install/kuka_kr5_description/share/kuka_kr5_description//meshes/kr5_arc/visual/link_1.dae
[0.385s] -- Up-to-date: /home/docker/ros2_ws/src/pkg_pack_node/pkg_pack_node/install/kuka_kr5_description/share/kuka_kr5_description//config
[0.385s] -- Up-to-date: /home/docker/ros2_ws/src/pkg_pack_node/pkg_pack_node/install/kuka_kr5_description/share/kuka_kr5_description//config/robot.srdf
[0.385s] -- Up-to-date: /home/docker/ros2_ws/src/pkg_pack_node/pkg_pack_node/install/kuka_kr5_description/share/ament_index/resource_index/package_run_dependencies/kuka_kr5_description
[0.385s] -- Up-to-date: /home/docker/ros2_ws/src/pkg_pack_node/pkg_pack_node/install/kuka_kr5_description/share/ament_index/resource_index/parent_prefix_path/kuka_kr5_description
[0.385s] -- Installing: /home/docker/ros2_ws/src/pkg_pack_node/pkg_pack_node/install/kuka_kr5_description/share/kuka_kr5_description/environment/ament_prefix_path.sh
[0.385s] -- Up-to-date: /home/docker/ros2_ws/src/pkg_pack_node/pkg_pack_node/install/kuka_kr5_description/share/kuka_kr5_description/environment/ament_prefix_path.dsv
[0.385s] -- Installing: /home/docker/ros2_ws/src/pkg_pack_node/pkg_pack_node/install/kuka_kr5_description/share/kuka_kr5_description/environment/path.sh
[0.386s] -- Up-to-date: /home/docker/ros2_ws/src/pkg_pack_node/pkg_pack_node/install/kuka_kr5_description/share/kuka_kr5_description/environment/path.dsv
[0.386s] -- Up-to-date: /home/docker/ros2_ws/src/pkg_pack_node/pkg_pack_node/install/kuka_kr5_description/share/kuka_kr5_description/local_setup.bash
[0.386s] -- Up-to-date: /home/docker/ros2_ws/src/pkg_pack_node/pkg_pack_node/install/kuka_kr5_description/share/kuka_kr5_description/local_setup.sh
[0.386s] -- Up-to-date: /home/docker/ros2_ws/src/pkg_pack_node/pkg_pack_node/install/kuka_kr5_description/share/kuka_kr5_description/local_setup.zsh
[0.386s] -- Up-to-date: /home/docker/ros2_ws/src/pkg_pack_node/pkg_pack_node/install/kuka_kr5_description/share/kuka_kr5_description/local_setup.dsv
[0.386s] -- Installing: /home/docker/ros2_ws/src/pkg_pack_node/pkg_pack_node/install/kuka_kr5_description/share/kuka_kr5_description/package.dsv
[0.386s] -- Up-to-date: /home/docker/ros2_ws/src/pkg_pack_node/pkg_pack_node/install/kuka_kr5_description/share/ament_index/resource_index/packages/kuka_kr5_description
[0.386s] -- Up-to-date: /home/docker/ros2_ws/src/pkg_pack_node/pkg_pack_node/install/kuka_kr5_description/share/kuka_kr5_description/cmake/kuka_kr5_descriptionConfig.cmake
[0.386s] -- Up-to-date: /home/docker/ros2_ws/src/pkg_pack_node/pkg_pack_node/install/kuka_kr5_description/share/kuka_kr5_description/cmake/kuka_kr5_descriptionConfig-version.cmake
[0.387s] -- Up-to-date: /home/docker/ros2_ws/src/pkg_pack_node/pkg_pack_node/install/kuka_kr5_description/share/kuka_kr5_description/package.xml
[0.406s] Invoked command in '/home/docker/ros2_ws/src/pkg_pack_node/pkg_pack_node/build/kuka_kr5_description' returned '0': CMAKE_PREFIX_PATH=${CMAKE_PREFIX_PATH}:/home/docker/ros2_ws/install/pkg_pack_node:/opt/ros/humble /usr/bin/cmake --install /home/docker/ros2_ws/src/pkg_pack_node/pkg_pack_node/build/kuka_kr5_description
