[0.194s] Invoking command in '/home/docker/ros2_ws/src/pkg_pack_node/pkg_pack_node/build/kuka_kr150_description': CMAKE_PREFIX_PATH=${CMAKE_PREFIX_PATH}:/home/docker/ros2_ws/install/pkg_pack_node:/opt/ros/humble /usr/bin/cmake --build /home/docker/ros2_ws/src/pkg_pack_node/pkg_pack_node/build/kuka_kr150_description -- -j16 -l16
[0.254s] Invoked command in '/home/docker/ros2_ws/src/pkg_pack_node/pkg_pack_node/build/kuka_kr150_description' returned '0': CMAKE_PREFIX_PATH=${CMAKE_PREFIX_PATH}:/home/docker/ros2_ws/install/pkg_pack_node:/opt/ros/humble /usr/bin/cmake --build /home/docker/ros2_ws/src/pkg_pack_node/pkg_pack_node/build/kuka_kr150_description -- -j16 -l16
[0.316s] Invoking command in '/home/docker/ros2_ws/src/pkg_pack_node/pkg_pack_node/build/kuka_kr150_description': CMAKE_PREFIX_PATH=${CMAKE_PREFIX_PATH}:/home/docker/ros2_ws/install/pkg_pack_node:/opt/ros/humble /usr/bin/cmake --install /home/docker/ros2_ws/src/pkg_pack_node/pkg_pack_node/build/kuka_kr150_description
[0.369s] -- Install configuration: ""
[0.369s] -- Up-to-date: /home/docker/ros2_ws/src/pkg_pack_node/pkg_pack_node/install/kuka_kr150_description/share/kuka_kr150_description//urdf
[0.369s] -- Up-to-date: /home/docker/ros2_ws/src/pkg_pack_node/pkg_pack_node/install/kuka_kr150_description/share/kuka_kr150_description//urdf/robot.urdf.xacro
[0.369s] -- Up-to-date: /home/docker/ros2_ws/src/pkg_pack_node/pkg_pack_node/install/kuka_kr150_description/share/kuka_kr150_description//urdf/kr150_2_macro.xacro
[0.369s] -- Up-to-date: /home/docker/ros2_ws/src/pkg_pack_node/pkg_pack_node/install/kuka_kr150_description/share/kuka_kr150_description//meshes
[0.370s] -- Up-to-date: /home/docker/ros2_ws/src/pkg_pack_node/pkg_pack_node/install/kuka_kr150_description/share/kuka_kr150_description//meshes/kr150_2
[0.370s] -- Up-to-date: /home/docker/ros2_ws/src/pkg_pack_node/pkg_pack_node/install/kuka_kr150_description/share/kuka_kr150_description//meshes/kr150_2/collision
[0.370s] -- Up-to-date: /home/docker/ros2_ws/src/pkg_pack_node/pkg_pack_node/install/kuka_kr150_description/share/kuka_kr150_description//meshes/kr150_2/collision/link_2.stl
[0.370s] -- Up-to-date: /home/docker/ros2_ws/src/pkg_pack_node/pkg_pack_node/install/kuka_kr150_description/share/kuka_kr150_description//meshes/kr150_2/collision/link_6.stl
[0.370s] -- Up-to-date: /home/docker/ros2_ws/src/pkg_pack_node/pkg_pack_node/install/kuka_kr150_description/share/kuka_kr150_description//meshes/kr150_2/collision/link_5.stl
[0.370s] -- Up-to-date: /home/docker/ros2_ws/src/pkg_pack_node/pkg_pack_node/install/kuka_kr150_description/share/kuka_kr150_description//meshes/kr150_2/collision/link_4.stl
[0.370s] -- Up-to-date: /home/docker/ros2_ws/src/pkg_pack_node/pkg_pack_node/install/kuka_kr150_description/share/kuka_kr150_description//meshes/kr150_2/collision/base_link.stl
[0.370s] -- Up-to-date: /home/docker/ros2_ws/src/pkg_pack_node/pkg_pack_node/install/kuka_kr150_description/share/kuka_kr150_description//meshes/kr150_2/collision/link_1.stl
[0.370s] -- Up-to-date: /home/docker/ros2_ws/src/pkg_pack_node/pkg_pack_node/install/kuka_kr150_description/share/kuka_kr150_description//meshes/kr150_2/collision/link_3.stl
[0.370s] -- Up-to-date: /home/docker/ros2_ws/src/pkg_pack_node/pkg_pack_node/install/kuka_kr150_description/share/kuka_kr150_description//meshes/kr150_2/visual
[0.371s] -- Up-to-date: /home/docker/ros2_ws/src/pkg_pack_node/pkg_pack_node/install/kuka_kr150_description/share/kuka_kr150_description//meshes/kr150_2/visual/link_5.dae
[0.371s] -- Up-to-date: /home/docker/ros2_ws/src/pkg_pack_node/pkg_pack_node/install/kuka_kr150_description/share/kuka_kr150_description//meshes/kr150_2/visual/link_4.dae
[0.371s] -- Up-to-date: /home/docker/ros2_ws/src/pkg_pack_node/pkg_pack_node/install/kuka_kr150_description/share/kuka_kr150_description//meshes/kr150_2/visual/link_3.dae
[0.372s] -- Up-to-date: /home/docker/ros2_ws/src/pkg_pack_node/pkg_pack_node/install/kuka_kr150_description/share/kuka_kr150_description//meshes/kr150_2/visual/base_link.dae
[0.372s] -- Up-to-date: /home/docker/ros2_ws/src/pkg_pack_node/pkg_pack_node/install/kuka_kr150_description/share/kuka_kr150_description//meshes/kr150_2/visual/link_2.dae
[0.372s] -- Up-to-date: /home/docker/ros2_ws/src/pkg_pack_node/pkg_pack_node/install/kuka_kr150_description/share/kuka_kr150_description//meshes/kr150_2/visual/link_6.dae
[0.373s] -- Up-to-date: /home/docker/ros2_ws/src/pkg_pack_node/pkg_pack_node/install/kuka_kr150_description/share/kuka_kr150_description//meshes/kr150_2/visual/link_1.dae
[0.373s] -- Up-to-date: /home/docker/ros2_ws/src/pkg_pack_node/pkg_pack_node/install/kuka_kr150_description/share/kuka_kr150_description//config
[0.373s] -- Up-to-date: /home/docker/ros2_ws/src/pkg_pack_node/pkg_pack_node/install/kuka_kr150_description/share/kuka_kr150_description//config/robot.srdf
[0.373s] -- Up-to-date: /home/docker/ros2_ws/src/pkg_pack_node/pkg_pack_node/install/kuka_kr150_description/share/ament_index/resource_index/package_run_dependencies/kuka_kr150_description
[0.373s] -- Up-to-date: /home/docker/ros2_ws/src/pkg_pack_node/pkg_pack_node/install/kuka_kr150_description/share/ament_index/resource_index/parent_prefix_path/kuka_kr150_description
[0.373s] -- Installing: /home/docker/ros2_ws/src/pkg_pack_node/pkg_pack_node/install/kuka_kr150_description/share/kuka_kr150_description/environment/ament_prefix_path.sh
[0.373s] -- Up-to-date: /home/docker/ros2_ws/src/pkg_pack_node/pkg_pack_node/install/kuka_kr150_description/share/kuka_kr150_description/environment/ament_prefix_path.dsv
[0.374s] -- Installing: /home/docker/ros2_ws/src/pkg_pack_node/pkg_pack_node/install/kuka_kr150_description/share/kuka_kr150_description/environment/path.sh
[0.374s] -- Up-to-date: /home/docker/ros2_ws/src/pkg_pack_node/pkg_pack_node/install/kuka_kr150_description/share/kuka_kr150_description/environment/path.dsv
[0.374s] -- Up-to-date: /home/docker/ros2_ws/src/pkg_pack_node/pkg_pack_node/install/kuka_kr150_description/share/kuka_kr150_description/local_setup.bash
[0.374s] -- Up-to-date: /home/docker/ros2_ws/src/pkg_pack_node/pkg_pack_node/install/kuka_kr150_description/share/kuka_kr150_description/local_setup.sh
[0.374s] -- Up-to-date: /home/docker/ros2_ws/src/pkg_pack_node/pkg_pack_node/install/kuka_kr150_description/share/kuka_kr150_description/local_setup.zsh
[0.374s] -- Up-to-date: /home/docker/ros2_ws/src/pkg_pack_node/pkg_pack_node/install/kuka_kr150_description/share/kuka_kr150_description/local_setup.dsv
[0.374s] -- Installing: /home/docker/ros2_ws/src/pkg_pack_node/pkg_pack_node/install/kuka_kr150_description/share/kuka_kr150_description/package.dsv
[0.374s] -- Up-to-date: /home/docker/ros2_ws/src/pkg_pack_node/pkg_pack_node/install/kuka_kr150_description/share/ament_index/resource_index/packages/kuka_kr150_description
[0.374s] -- Up-to-date: /home/docker/ros2_ws/src/pkg_pack_node/pkg_pack_node/install/kuka_kr150_description/share/kuka_kr150_description/cmake/kuka_kr150_descriptionConfig.cmake
[0.375s] -- Up-to-date: /home/docker/ros2_ws/src/pkg_pack_node/pkg_pack_node/install/kuka_kr150_description/share/kuka_kr150_description/cmake/kuka_kr150_descriptionConfig-version.cmake
[0.376s] -- Up-to-date: /home/docker/ros2_ws/src/pkg_pack_node/pkg_pack_node/install/kuka_kr150_description/share/kuka_kr150_description/package.xml
[0.401s] Invoked command in '/home/docker/ros2_ws/src/pkg_pack_node/pkg_pack_node/build/kuka_kr150_description' returned '0': CMAKE_PREFIX_PATH=${CMAKE_PREFIX_PATH}:/home/docker/ros2_ws/install/pkg_pack_node:/opt/ros/humble /usr/bin/cmake --install /home/docker/ros2_ws/src/pkg_pack_node/pkg_pack_node/build/kuka_kr150_description
