[0.063s] Invoking command in '/home/docker/ros2_ws/src/pkg_pack_node/pkg_pack_node/build/iras_srvs': CMAKE_PREFIX_PATH=${CMAKE_PREFIX_PATH}:/home/docker/ros2_ws/install/pkg_pack_node:/opt/ros/humble /usr/bin/cmake /home/docker/ros2_ws/src/pkg_pack_node/pkg_pack_node/Old/iras_srvs -DCMAKE_INSTALL_PREFIX=/home/docker/ros2_ws/src/pkg_pack_node/pkg_pack_node/install/iras_srvs
[0.281s] -- The C compiler identification is GNU 11.4.0
[0.281s] -- The CXX compiler identification is GNU 11.4.0
[0.282s] -- Detecting C compiler ABI info
[0.310s] -- Detecting C compiler ABI info - done
[0.324s] -- Check for working C compiler: /usr/bin/cc - skipped
[0.325s] -- Detecting C compile features
[0.327s] -- Detecting C compile features - done
[0.333s] -- Detecting CXX compiler ABI info
[0.539s] -- Detecting CXX compiler ABI info - done
[0.562s] -- Check for working CXX compiler: /usr/bin/c++ - skipped
[0.562s] -- Detecting CXX compile features
[0.563s] -- Detecting CXX compile features - done
[0.572s] -- Found ament_cmake: 1.3.8 (/opt/ros/humble/share/ament_cmake/cmake)
[1.388s] -- Found Python3: /usr/bin/python3 (found version "3.10.12") found components: Interpreter 
[1.677s] -- Found geometry_msgs: 4.2.3 (/opt/ros/humble/share/geometry_msgs/cmake)
[1.785s] -- Found rosidl_generator_c: 3.1.5 (/opt/ros/humble/share/rosidl_generator_c/cmake)
[1.801s] -- Found rosidl_adapter: 3.1.5 (/opt/ros/humble/share/rosidl_adapter/cmake)
[1.837s] -- Found rosidl_generator_cpp: 3.1.5 (/opt/ros/humble/share/rosidl_generator_cpp/cmake)
[1.890s] -- Using all available rosidl_typesupport_c: rosidl_typesupport_fastrtps_c;rosidl_typesupport_introspection_c
[1.953s] -- Using all available rosidl_typesupport_cpp: rosidl_typesupport_fastrtps_cpp;rosidl_typesupport_introspection_cpp
[2.216s] -- Found shape_msgs: 4.2.3 (/opt/ros/humble/share/shape_msgs/cmake)
[2.368s] -- Configuring incomplete, errors occurred!
[2.368s] See also "/home/docker/ros2_ws/src/pkg_pack_node/pkg_pack_node/build/iras_srvs/CMakeFiles/CMakeOutput.log".
[2.368s] [31mCMake Error at CMakeLists.txt:16 (find_package):
[2.368s]   By not providing "Findmoveit_msgs.cmake" in CMAKE_MODULE_PATH this project
[2.368s]   has asked CMake to find a package configuration file provided by
[2.369s]   "moveit_msgs", but CMake did not find one.
[2.369s] 
[2.369s]   Could not find a package configuration file provided by "moveit_msgs" with
[2.369s]   any of the following names:
[2.369s] 
[2.369s]     moveit_msgsConfig.cmake
[2.370s]     moveit_msgs-config.cmake
[2.370s] 
[2.370s]   Add the installation prefix of "moveit_msgs" to CMAKE_PREFIX_PATH or set
[2.370s]   "moveit_msgs_DIR" to a directory containing one of the above files.  If
[2.370s]   "moveit_msgs" provides a separate development package or SDK, be sure it
[2.370s]   has been installed.
[2.370s] 
[2.371s] [0m
