[0.623s] Invoking command in '/home/robot/ros_ws/src/pkg_pack_node': PYTHONPATH=/home/robot/ros_ws/src/build/pkg_pack_node/prefix_override:/home/robot/ros_ws/src/install/pkg_pack_node/lib/python3.10/site-packages:${PYTHONPATH} /usr/bin/python3 setup.py egg_info --egg-base ../build/pkg_pack_node build --build-base /home/robot/ros_ws/src/build/pkg_pack_node/build install --record /home/robot/ros_ws/src/build/pkg_pack_node/install.log --single-version-externally-managed
[0.785s] running egg_info
[0.785s] writing ../build/pkg_pack_node/pkg_pack_node.egg-info/PKG-INFO
[0.786s] writing dependency_links to ../build/pkg_pack_node/pkg_pack_node.egg-info/dependency_links.txt
[0.786s] writing entry points to ../build/pkg_pack_node/pkg_pack_node.egg-info/entry_points.txt
[0.786s] writing requirements to ../build/pkg_pack_node/pkg_pack_node.egg-info/requires.txt
[0.786s] writing top-level names to ../build/pkg_pack_node/pkg_pack_node.egg-info/top_level.txt
[0.787s] reading manifest file '../build/pkg_pack_node/pkg_pack_node.egg-info/SOURCES.txt'
[0.787s] adding license file 'LICENSE'
[0.788s] writing manifest file '../build/pkg_pack_node/pkg_pack_node.egg-info/SOURCES.txt'
[0.788s] running build
[0.788s] running build_py
[0.788s] running install
[0.788s] /usr/lib/python3/dist-packages/setuptools/command/install.py:34: SetuptoolsDeprecationWarning: setup.py install is deprecated. Use build and pip and other standards-based tools.
[0.788s]   warnings.warn(
[0.788s] running install_lib
[0.789s] running install_data
[0.789s] copying package.xml -> /home/robot/ros_ws/src/install/pkg_pack_node/share/pkg_pack_node
[0.789s] running install_egg_info
[0.791s] removing '/home/robot/ros_ws/src/install/pkg_pack_node/lib/python3.10/site-packages/pkg_pack_node-0.0.0-py3.10.egg-info' (and everything under it)
[0.791s] Copying ../build/pkg_pack_node/pkg_pack_node.egg-info to /home/robot/ros_ws/src/install/pkg_pack_node/lib/python3.10/site-packages/pkg_pack_node-0.0.0-py3.10.egg-info
[0.792s] running install_scripts
[0.807s] Installing pack_node script to /home/robot/ros_ws/src/install/pkg_pack_node/lib/pkg_pack_node
[0.808s] writing list of installed files to '/home/robot/ros_ws/src/build/pkg_pack_node/install.log'
[0.830s] Invoked command in '/home/robot/ros_ws/src/pkg_pack_node' returned '0': PYTHONPATH=/home/robot/ros_ws/src/build/pkg_pack_node/prefix_override:/home/robot/ros_ws/src/install/pkg_pack_node/lib/python3.10/site-packages:${PYTHONPATH} /usr/bin/python3 setup.py egg_info --egg-base ../build/pkg_pack_node build --build-base /home/robot/ros_ws/src/build/pkg_pack_node/build install --record /home/robot/ros_ws/src/build/pkg_pack_node/install.log --single-version-externally-managed
