[0.238s] Invoking command in '/home/docker/ros2_ws/src/pkg_pack_node/pkg_pack_node/build/kuka_common': CMAKE_PREFIX_PATH=${CMAKE_PREFIX_PATH}:/home/docker/ros2_ws/install/pkg_pack_node:/opt/ros/humble /usr/bin/cmake /home/docker/ros2_ws/src/pkg_pack_node/pkg_pack_node/Old/kuka_eki/kuka_common -DCMAKE_INSTALL_PREFIX=/home/docker/ros2_ws/src/pkg_pack_node/pkg_pack_node/install/kuka_common
[0.346s] -- The C compiler identification is GNU 11.4.0
[0.507s] -- The CXX compiler identification is GNU 11.4.0
[0.534s] -- Detecting C compiler ABI info
[0.718s] -- Detecting C compiler ABI info - done
[0.734s] -- Check for working C compiler: /usr/bin/cc - skipped
[0.734s] -- Detecting C compile features
[0.736s] -- Detecting C compile features - done
[0.751s] -- Detecting CXX compiler ABI info
[0.972s] -- Detecting CXX compiler ABI info - done
[0.991s] -- Check for working CXX compiler: /usr/bin/c++ - skipped
[0.991s] -- Detecting CXX compile features
[0.991s] -- Detecting CXX compile features - done
[1.007s] -- Found ament_cmake: 1.3.8 (/opt/ros/humble/share/ament_cmake/cmake)
[1.915s] -- Found Python3: /usr/bin/python3 (found version "3.10.12") found components: Interpreter 
[2.152s] -- Found ament_lint_auto: 0.12.10 (/opt/ros/humble/share/ament_lint_auto/cmake)
[2.350s] -- Added test 'copyright' to check source files copyright and LICENSE
[2.360s] -- Added test 'flake8' to check Python code syntax and style conventions
[2.360s] -- Added test 'lint_cmake' to check CMake code style
[2.361s] -- Added test 'pep257' to check Python code against some of the docstring style conventions in PEP 257
[2.369s] -- Added test 'xmllint' to check XML markup files
[2.369s] -- Configuring done
[2.377s] -- Generating done
[2.379s] -- Build files have been written to: /home/docker/ros2_ws/src/pkg_pack_node/pkg_pack_node/build/kuka_common
