[0.214s] DEBUG:colcon:Command line arguments: ['/usr/bin/colcon', 'build']
[0.214s] DEBUG:colcon:Parsed command line arguments: Namespace(log_base=None, log_level=None, verb_name='build', build_base='build', install_base='install', merge_install=False, symlink_install=False, test_result_base=None, continue_on_error=False, executor='parallel', parallel_workers=16, event_handlers=None, ignore_user_meta=False, metas=['./colcon.meta'], base_paths=['.'], packages_ignore=None, packages_ignore_regex=None, paths=None, packages_up_to=None, packages_up_to_regex=None, packages_above=None, packages_above_and_dependencies=None, packages_above_depth=None, packages_select_by_dep=None, packages_skip_by_dep=None, packages_skip_up_to=None, packages_select_build_failed=False, packages_skip_build_finished=False, packages_select_test_failures=False, packages_skip_test_passed=False, packages_select=None, packages_skip=None, packages_select_regex=None, packages_skip_regex=None, packages_start=None, packages_end=None, cmake_args=None, cmake_target=None, cmake_target_skip_unavailable=False, cmake_clean_cache=False, cmake_clean_first=False, cmake_force_configure=False, ament_cmake_args=None, catkin_cmake_args=None, catkin_skip_building_tests=False, mixin_files=None, mixin=None, verb_parser=<colcon_mixin.mixin.mixin_argument.MixinArgumentDecorator object at 0x74af423d9390>, verb_extension=<colcon_core.verb.build.BuildVerb object at 0x74af42bb53c0>, main=<bound method BuildVerb.main of <colcon_core.verb.build.BuildVerb object at 0x74af42bb53c0>>, mixin_verb=('build',))
[0.238s] Level 1:colcon.colcon_core.package_discovery:discover_packages(colcon_meta) check parameters
[0.238s] Level 1:colcon.colcon_core.package_discovery:discover_packages(recursive) check parameters
[0.238s] Level 1:colcon.colcon_core.package_discovery:discover_packages(ignore) check parameters
[0.238s] Level 1:colcon.colcon_core.package_discovery:discover_packages(path) check parameters
[0.238s] Level 1:colcon.colcon_core.package_discovery:discover_packages(colcon_meta) discover
[0.238s] Level 1:colcon.colcon_core.package_discovery:discover_packages(recursive) discover
[0.238s] INFO:colcon.colcon_core.package_discovery:Crawling recursively for packages in '/home/robot/ros_ws/src'
[0.238s] Level 1:colcon.colcon_core.package_identification:_identify(.) by extensions ['ignore', 'ignore_ament_install']
[0.238s] Level 1:colcon.colcon_core.package_identification:_identify(.) by extension 'ignore'
[0.238s] Level 1:colcon.colcon_core.package_identification:_identify(.) by extension 'ignore_ament_install'
[0.238s] Level 1:colcon.colcon_core.package_identification:_identify(.) by extensions ['colcon_pkg']
[0.238s] Level 1:colcon.colcon_core.package_identification:_identify(.) by extension 'colcon_pkg'
[0.238s] Level 1:colcon.colcon_core.package_identification:_identify(.) by extensions ['colcon_meta']
[0.238s] Level 1:colcon.colcon_core.package_identification:_identify(.) by extension 'colcon_meta'
[0.238s] Level 1:colcon.colcon_core.package_identification:_identify(.) by extensions ['ros']
[0.238s] Level 1:colcon.colcon_core.package_identification:_identify(.) by extension 'ros'
[0.246s] Level 1:colcon.colcon_core.package_identification:_identify(.) by extensions ['cmake', 'python']
[0.246s] Level 1:colcon.colcon_core.package_identification:_identify(.) by extension 'cmake'
[0.246s] Level 1:colcon.colcon_core.package_identification:_identify(.) by extension 'python'
[0.246s] Level 1:colcon.colcon_core.package_identification:_identify(.) by extensions ['python_setup_py']
[0.246s] Level 1:colcon.colcon_core.package_identification:_identify(.) by extension 'python_setup_py'
[0.246s] Level 1:colcon.colcon_core.package_identification:_identify(build) by extensions ['ignore', 'ignore_ament_install']
[0.246s] Level 1:colcon.colcon_core.package_identification:_identify(build) by extension 'ignore'
[0.246s] Level 1:colcon.colcon_core.package_identification:_identify(build) ignored
[0.246s] Level 1:colcon.colcon_core.package_identification:_identify(install) by extensions ['ignore', 'ignore_ament_install']
[0.247s] Level 1:colcon.colcon_core.package_identification:_identify(install) by extension 'ignore'
[0.247s] Level 1:colcon.colcon_core.package_identification:_identify(install) ignored
[0.247s] Level 1:colcon.colcon_core.package_identification:_identify(log) by extensions ['ignore', 'ignore_ament_install']
[0.247s] Level 1:colcon.colcon_core.package_identification:_identify(log) by extension 'ignore'
[0.247s] Level 1:colcon.colcon_core.package_identification:_identify(log) ignored
[0.247s] Level 1:colcon.colcon_core.package_identification:_identify(pkg_pack_node) by extensions ['ignore', 'ignore_ament_install']
[0.247s] Level 1:colcon.colcon_core.package_identification:_identify(pkg_pack_node) by extension 'ignore'
[0.247s] Level 1:colcon.colcon_core.package_identification:_identify(pkg_pack_node) by extension 'ignore_ament_install'
[0.247s] Level 1:colcon.colcon_core.package_identification:_identify(pkg_pack_node) by extensions ['colcon_pkg']
[0.247s] Level 1:colcon.colcon_core.package_identification:_identify(pkg_pack_node) by extension 'colcon_pkg'
[0.247s] Level 1:colcon.colcon_core.package_identification:_identify(pkg_pack_node) by extensions ['colcon_meta']
[0.247s] Level 1:colcon.colcon_core.package_identification:_identify(pkg_pack_node) by extension 'colcon_meta'
[0.247s] Level 1:colcon.colcon_core.package_identification:_identify(pkg_pack_node) by extensions ['ros']
[0.247s] Level 1:colcon.colcon_core.package_identification:_identify(pkg_pack_node) by extension 'ros'
[0.250s] DEBUG:colcon.colcon_core.package_identification:Package 'pkg_pack_node' with type 'ros.ament_python' and name 'pkg_pack_node'
[0.250s] Level 1:colcon.colcon_core.package_identification:_identify(r2e_tutorial) by extensions ['ignore', 'ignore_ament_install']
[0.250s] Level 1:colcon.colcon_core.package_identification:_identify(r2e_tutorial) by extension 'ignore'
[0.250s] Level 1:colcon.colcon_core.package_identification:_identify(r2e_tutorial) by extension 'ignore_ament_install'
[0.250s] Level 1:colcon.colcon_core.package_identification:_identify(r2e_tutorial) by extensions ['colcon_pkg']
[0.250s] Level 1:colcon.colcon_core.package_identification:_identify(r2e_tutorial) by extension 'colcon_pkg'
[0.250s] Level 1:colcon.colcon_core.package_identification:_identify(r2e_tutorial) by extensions ['colcon_meta']
[0.250s] Level 1:colcon.colcon_core.package_identification:_identify(r2e_tutorial) by extension 'colcon_meta'
[0.250s] Level 1:colcon.colcon_core.package_identification:_identify(r2e_tutorial) by extensions ['ros']
[0.250s] Level 1:colcon.colcon_core.package_identification:_identify(r2e_tutorial) by extension 'ros'
[0.251s] DEBUG:colcon.colcon_core.package_identification:Package 'r2e_tutorial' with type 'ros.ament_python' and name 'r2e_tutorial'
[0.251s] Level 1:colcon.colcon_core.package_discovery:discover_packages(recursive) using defaults
[0.251s] Level 1:colcon.colcon_core.package_discovery:discover_packages(ignore) discover
[0.251s] Level 1:colcon.colcon_core.package_discovery:discover_packages(ignore) using defaults
[0.251s] Level 1:colcon.colcon_core.package_discovery:discover_packages(path) discover
[0.251s] Level 1:colcon.colcon_core.package_discovery:discover_packages(path) using defaults
[0.266s] Level 5:colcon.colcon_core.verb:set package 'pkg_pack_node' build argument 'cmake_args' from command line to 'None'
[0.266s] Level 5:colcon.colcon_core.verb:set package 'pkg_pack_node' build argument 'cmake_target' from command line to 'None'
[0.266s] Level 5:colcon.colcon_core.verb:set package 'pkg_pack_node' build argument 'cmake_target_skip_unavailable' from command line to 'False'
[0.266s] Level 5:colcon.colcon_core.verb:set package 'pkg_pack_node' build argument 'cmake_clean_cache' from command line to 'False'
[0.267s] Level 5:colcon.colcon_core.verb:set package 'pkg_pack_node' build argument 'cmake_clean_first' from command line to 'False'
[0.267s] Level 5:colcon.colcon_core.verb:set package 'pkg_pack_node' build argument 'cmake_force_configure' from command line to 'False'
[0.267s] Level 5:colcon.colcon_core.verb:set package 'pkg_pack_node' build argument 'ament_cmake_args' from command line to 'None'
[0.267s] Level 5:colcon.colcon_core.verb:set package 'pkg_pack_node' build argument 'catkin_cmake_args' from command line to 'None'
[0.267s] Level 5:colcon.colcon_core.verb:set package 'pkg_pack_node' build argument 'catkin_skip_building_tests' from command line to 'False'
[0.267s] DEBUG:colcon.colcon_core.verb:Building package 'pkg_pack_node' with the following arguments: {'ament_cmake_args': None, 'build_base': '/home/robot/ros_ws/src/build/pkg_pack_node', 'catkin_cmake_args': None, 'catkin_skip_building_tests': False, 'cmake_args': None, 'cmake_clean_cache': False, 'cmake_clean_first': False, 'cmake_force_configure': False, 'cmake_target': None, 'cmake_target_skip_unavailable': False, 'install_base': '/home/robot/ros_ws/src/install/pkg_pack_node', 'merge_install': False, 'path': '/home/robot/ros_ws/src/pkg_pack_node', 'symlink_install': False, 'test_result_base': None}
[0.267s] Level 5:colcon.colcon_core.verb:set package 'r2e_tutorial' build argument 'cmake_args' from command line to 'None'
[0.267s] Level 5:colcon.colcon_core.verb:set package 'r2e_tutorial' build argument 'cmake_target' from command line to 'None'
[0.267s] Level 5:colcon.colcon_core.verb:set package 'r2e_tutorial' build argument 'cmake_target_skip_unavailable' from command line to 'False'
[0.267s] Level 5:colcon.colcon_core.verb:set package 'r2e_tutorial' build argument 'cmake_clean_cache' from command line to 'False'
[0.267s] Level 5:colcon.colcon_core.verb:set package 'r2e_tutorial' build argument 'cmake_clean_first' from command line to 'False'
[0.267s] Level 5:colcon.colcon_core.verb:set package 'r2e_tutorial' build argument 'cmake_force_configure' from command line to 'False'
[0.267s] Level 5:colcon.colcon_core.verb:set package 'r2e_tutorial' build argument 'ament_cmake_args' from command line to 'None'
[0.267s] Level 5:colcon.colcon_core.verb:set package 'r2e_tutorial' build argument 'catkin_cmake_args' from command line to 'None'
[0.267s] Level 5:colcon.colcon_core.verb:set package 'r2e_tutorial' build argument 'catkin_skip_building_tests' from command line to 'False'
[0.268s] DEBUG:colcon.colcon_core.verb:Building package 'r2e_tutorial' with the following arguments: {'ament_cmake_args': None, 'build_base': '/home/robot/ros_ws/src/build/r2e_tutorial', 'catkin_cmake_args': None, 'catkin_skip_building_tests': False, 'cmake_args': None, 'cmake_clean_cache': False, 'cmake_clean_first': False, 'cmake_force_configure': False, 'cmake_target': None, 'cmake_target_skip_unavailable': False, 'install_base': '/home/robot/ros_ws/src/install/r2e_tutorial', 'merge_install': False, 'path': '/home/robot/ros_ws/src/r2e_tutorial', 'symlink_install': False, 'test_result_base': None}
[0.268s] INFO:colcon.colcon_core.executor:Executing jobs using 'parallel' executor
[0.270s] DEBUG:colcon.colcon_parallel_executor.executor.parallel:run_until_complete
[0.270s] INFO:colcon.colcon_ros.task.ament_python.build:Building ROS package in '/home/robot/ros_ws/src/pkg_pack_node' with build type 'ament_python'
[0.270s] Level 1:colcon.colcon_core.shell:create_environment_hook('pkg_pack_node', 'ament_prefix_path')
[0.274s] INFO:colcon.colcon_core.plugin_system:Skipping extension 'colcon_core.shell.bat': Not used on non-Windows systems
[0.274s] INFO:colcon.colcon_core.shell:Creating environment hook '/home/robot/ros_ws/src/install/pkg_pack_node/share/pkg_pack_node/hook/ament_prefix_path.ps1'
[0.274s] INFO:colcon.colcon_core.shell:Creating environment descriptor '/home/robot/ros_ws/src/install/pkg_pack_node/share/pkg_pack_node/hook/ament_prefix_path.dsv'
[0.275s] INFO:colcon.colcon_core.shell:Creating environment hook '/home/robot/ros_ws/src/install/pkg_pack_node/share/pkg_pack_node/hook/ament_prefix_path.sh'
[0.276s] INFO:colcon.colcon_core.shell:Skip shell extension 'powershell' for command environment: Not usable outside of PowerShell
[0.276s] DEBUG:colcon.colcon_core.shell:Skip shell extension 'dsv' for command environment
[0.281s] INFO:colcon.colcon_ros.task.ament_python.build:Building ROS package in '/home/robot/ros_ws/src/r2e_tutorial' with build type 'ament_python'
[0.282s] Level 1:colcon.colcon_core.shell:create_environment_hook('r2e_tutorial', 'ament_prefix_path')
[0.282s] INFO:colcon.colcon_core.shell:Creating environment hook '/home/robot/ros_ws/src/install/r2e_tutorial/share/r2e_tutorial/hook/ament_prefix_path.ps1'
[0.283s] INFO:colcon.colcon_core.shell:Creating environment descriptor '/home/robot/ros_ws/src/install/r2e_tutorial/share/r2e_tutorial/hook/ament_prefix_path.dsv'
[0.283s] INFO:colcon.colcon_core.shell:Creating environment hook '/home/robot/ros_ws/src/install/r2e_tutorial/share/r2e_tutorial/hook/ament_prefix_path.sh'
[0.284s] INFO:colcon.colcon_core.shell:Skip shell extension 'powershell' for command environment: Not usable outside of PowerShell
[0.284s] DEBUG:colcon.colcon_core.shell:Skip shell extension 'dsv' for command environment
[0.474s] INFO:colcon.colcon_core.task.python.build:Building Python package in '/home/robot/ros_ws/src/pkg_pack_node'
[0.475s] INFO:colcon.colcon_core.shell:Skip shell extension 'powershell' for command environment: Not usable outside of PowerShell
[0.475s] DEBUG:colcon.colcon_core.shell:Skip shell extension 'dsv' for command environment
[0.658s] INFO:colcon.colcon_core.task.python.build:Building Python package in '/home/robot/ros_ws/src/r2e_tutorial'
[0.659s] INFO:colcon.colcon_core.shell:Skip shell extension 'powershell' for command environment: Not usable outside of PowerShell
[0.659s] DEBUG:colcon.colcon_core.shell:Skip shell extension 'dsv' for command environment
[0.964s] DEBUG:colcon.colcon_core.event_handler.log_command:Invoking command in '/home/robot/ros_ws/src/pkg_pack_node': PYTHONPATH=/home/robot/ros_ws/src/build/pkg_pack_node/prefix_override:/home/robot/ros_ws/src/install/pkg_pack_node/lib/python3.10/site-packages:${PYTHONPATH} /usr/bin/python3 setup.py egg_info --egg-base ../build/pkg_pack_node build --build-base /home/robot/ros_ws/src/build/pkg_pack_node/build install --record /home/robot/ros_ws/src/build/pkg_pack_node/install.log --single-version-externally-managed
[0.967s] DEBUG:colcon.colcon_core.event_handler.log_command:Invoking command in '/home/robot/ros_ws/src/r2e_tutorial': PYTHONPATH=/home/robot/ros_ws/src/build/r2e_tutorial/prefix_override:/home/robot/ros_ws/src/install/r2e_tutorial/lib/python3.10/site-packages:${PYTHONPATH} /usr/bin/python3 setup.py egg_info --egg-base ../build/r2e_tutorial build --build-base /home/robot/ros_ws/src/build/r2e_tutorial/build install --record /home/robot/ros_ws/src/build/r2e_tutorial/install.log --single-version-externally-managed
[1.189s] DEBUG:colcon.colcon_core.event_handler.log_command:Invoked command in '/home/robot/ros_ws/src/r2e_tutorial' returned '0': PYTHONPATH=/home/robot/ros_ws/src/build/r2e_tutorial/prefix_override:/home/robot/ros_ws/src/install/r2e_tutorial/lib/python3.10/site-packages:${PYTHONPATH} /usr/bin/python3 setup.py egg_info --egg-base ../build/r2e_tutorial build --build-base /home/robot/ros_ws/src/build/r2e_tutorial/build install --record /home/robot/ros_ws/src/build/r2e_tutorial/install.log --single-version-externally-managed
[1.192s] Level 1:colcon.colcon_core.environment:checking '/home/robot/ros_ws/src/install/r2e_tutorial' for CMake module files
[1.193s] Level 1:colcon.colcon_core.environment:checking '/home/robot/ros_ws/src/install/r2e_tutorial' for CMake config files
[1.193s] Level 1:colcon.colcon_core.environment:checking '/home/robot/ros_ws/src/install/r2e_tutorial/lib'
[1.193s] Level 1:colcon.colcon_core.environment:checking '/home/robot/ros_ws/src/install/r2e_tutorial/bin'
[1.193s] Level 1:colcon.colcon_core.environment:checking '/home/robot/ros_ws/src/install/r2e_tutorial/lib/pkgconfig/r2e_tutorial.pc'
[1.194s] Level 1:colcon.colcon_core.environment:checking '/home/robot/ros_ws/src/install/r2e_tutorial/lib/python3.10/site-packages'
[1.194s] Level 1:colcon.colcon_core.shell:create_environment_hook('r2e_tutorial', 'pythonpath')
[1.195s] INFO:colcon.colcon_core.shell:Creating environment hook '/home/robot/ros_ws/src/install/r2e_tutorial/share/r2e_tutorial/hook/pythonpath.ps1'
[1.195s] INFO:colcon.colcon_core.shell:Creating environment descriptor '/home/robot/ros_ws/src/install/r2e_tutorial/share/r2e_tutorial/hook/pythonpath.dsv'
[1.195s] INFO:colcon.colcon_core.shell:Creating environment hook '/home/robot/ros_ws/src/install/r2e_tutorial/share/r2e_tutorial/hook/pythonpath.sh'
[1.196s] Level 1:colcon.colcon_core.environment:checking '/home/robot/ros_ws/src/install/r2e_tutorial/bin'
[1.196s] Level 1:colcon.colcon_core.environment:create_environment_scripts_only(r2e_tutorial)
[1.197s] INFO:colcon.colcon_core.shell:Creating package script '/home/robot/ros_ws/src/install/r2e_tutorial/share/r2e_tutorial/package.ps1'
[1.197s] INFO:colcon.colcon_core.shell:Creating package descriptor '/home/robot/ros_ws/src/install/r2e_tutorial/share/r2e_tutorial/package.dsv'
[1.198s] INFO:colcon.colcon_core.shell:Creating package script '/home/robot/ros_ws/src/install/r2e_tutorial/share/r2e_tutorial/package.sh'
[1.199s] INFO:colcon.colcon_core.shell:Creating package script '/home/robot/ros_ws/src/install/r2e_tutorial/share/r2e_tutorial/package.bash'
[1.199s] INFO:colcon.colcon_core.shell:Creating package script '/home/robot/ros_ws/src/install/r2e_tutorial/share/r2e_tutorial/package.zsh'
[1.200s] Level 1:colcon.colcon_core.environment:create_file_with_runtime_dependencies(/home/robot/ros_ws/src/install/r2e_tutorial/share/colcon-core/packages/r2e_tutorial)
[1.203s] Level 1:colcon.colcon_core.environment:checking '/home/robot/ros_ws/src/install/pkg_pack_node' for CMake module files
[1.203s] DEBUG:colcon.colcon_core.event_handler.log_command:Invoked command in '/home/robot/ros_ws/src/pkg_pack_node' returned '0': PYTHONPATH=/home/robot/ros_ws/src/build/pkg_pack_node/prefix_override:/home/robot/ros_ws/src/install/pkg_pack_node/lib/python3.10/site-packages:${PYTHONPATH} /usr/bin/python3 setup.py egg_info --egg-base ../build/pkg_pack_node build --build-base /home/robot/ros_ws/src/build/pkg_pack_node/build install --record /home/robot/ros_ws/src/build/pkg_pack_node/install.log --single-version-externally-managed
[1.204s] Level 1:colcon.colcon_core.environment:checking '/home/robot/ros_ws/src/install/pkg_pack_node' for CMake config files
[1.204s] Level 1:colcon.colcon_core.environment:checking '/home/robot/ros_ws/src/install/pkg_pack_node/lib'
[1.204s] Level 1:colcon.colcon_core.environment:checking '/home/robot/ros_ws/src/install/pkg_pack_node/bin'
[1.204s] Level 1:colcon.colcon_core.environment:checking '/home/robot/ros_ws/src/install/pkg_pack_node/lib/pkgconfig/pkg_pack_node.pc'
[1.205s] Level 1:colcon.colcon_core.environment:checking '/home/robot/ros_ws/src/install/pkg_pack_node/lib/python3.10/site-packages'
[1.205s] Level 1:colcon.colcon_core.shell:create_environment_hook('pkg_pack_node', 'pythonpath')
[1.206s] INFO:colcon.colcon_core.shell:Creating environment hook '/home/robot/ros_ws/src/install/pkg_pack_node/share/pkg_pack_node/hook/pythonpath.ps1'
[1.206s] INFO:colcon.colcon_core.shell:Creating environment descriptor '/home/robot/ros_ws/src/install/pkg_pack_node/share/pkg_pack_node/hook/pythonpath.dsv'
[1.206s] INFO:colcon.colcon_core.shell:Creating environment hook '/home/robot/ros_ws/src/install/pkg_pack_node/share/pkg_pack_node/hook/pythonpath.sh'
[1.207s] Level 1:colcon.colcon_core.environment:checking '/home/robot/ros_ws/src/install/pkg_pack_node/bin'
[1.207s] Level 1:colcon.colcon_core.environment:create_environment_scripts_only(pkg_pack_node)
[1.208s] INFO:colcon.colcon_core.shell:Creating package script '/home/robot/ros_ws/src/install/pkg_pack_node/share/pkg_pack_node/package.ps1'
[1.208s] INFO:colcon.colcon_core.shell:Creating package descriptor '/home/robot/ros_ws/src/install/pkg_pack_node/share/pkg_pack_node/package.dsv'
[1.208s] INFO:colcon.colcon_core.shell:Creating package script '/home/robot/ros_ws/src/install/pkg_pack_node/share/pkg_pack_node/package.sh'
[1.209s] INFO:colcon.colcon_core.shell:Creating package script '/home/robot/ros_ws/src/install/pkg_pack_node/share/pkg_pack_node/package.bash'
[1.209s] INFO:colcon.colcon_core.shell:Creating package script '/home/robot/ros_ws/src/install/pkg_pack_node/share/pkg_pack_node/package.zsh'
[1.209s] Level 1:colcon.colcon_core.environment:create_file_with_runtime_dependencies(/home/robot/ros_ws/src/install/pkg_pack_node/share/colcon-core/packages/pkg_pack_node)
[1.210s] DEBUG:colcon.colcon_parallel_executor.executor.parallel:closing loop
[1.210s] DEBUG:colcon.colcon_parallel_executor.executor.parallel:loop closed
[1.210s] DEBUG:colcon.colcon_parallel_executor.executor.parallel:run_until_complete finished with '0'
[1.210s] DEBUG:colcon.colcon_core.event_reactor:joining thread
[1.215s] INFO:colcon.colcon_core.plugin_system:Skipping extension 'colcon_notification.desktop_notification.notify_send': Could not find 'notify-send'
[1.215s] INFO:colcon.colcon_core.plugin_system:Skipping extension 'colcon_notification.desktop_notification.terminal_notifier': Not used on non-Darwin systems
[1.215s] INFO:colcon.colcon_core.plugin_system:Skipping extension 'colcon_notification.desktop_notification.win32': Not used on non-Windows systems
[1.215s] INFO:colcon.colcon_notification.desktop_notification:Sending desktop notification using 'notify2'
[1.219s] DEBUG:colcon.colcon_notification.desktop_notification.notify2:Failed to initialize notify2: org.freedesktop.DBus.Error.Spawn.ExecFailed: /usr/bin/dbus-launch terminated abnormally without any error message
[1.219s] DEBUG:colcon.colcon_core.event_reactor:joined thread
[1.221s] INFO:colcon.colcon_core.shell:Creating prefix script '/home/robot/ros_ws/src/install/local_setup.ps1'
[1.222s] INFO:colcon.colcon_core.shell:Creating prefix util module '/home/robot/ros_ws/src/install/_local_setup_util_ps1.py'
[1.223s] INFO:colcon.colcon_core.shell:Creating prefix chain script '/home/robot/ros_ws/src/install/setup.ps1'
[1.225s] INFO:colcon.colcon_core.shell:Creating prefix script '/home/robot/ros_ws/src/install/local_setup.sh'
[1.226s] INFO:colcon.colcon_core.shell:Creating prefix util module '/home/robot/ros_ws/src/install/_local_setup_util_sh.py'
[1.226s] INFO:colcon.colcon_core.shell:Creating prefix chain script '/home/robot/ros_ws/src/install/setup.sh'
[1.228s] INFO:colcon.colcon_core.shell:Creating prefix script '/home/robot/ros_ws/src/install/local_setup.bash'
[1.228s] INFO:colcon.colcon_core.shell:Creating prefix chain script '/home/robot/ros_ws/src/install/setup.bash'
[1.230s] INFO:colcon.colcon_core.shell:Creating prefix script '/home/robot/ros_ws/src/install/local_setup.zsh'
[1.230s] INFO:colcon.colcon_core.shell:Creating prefix chain script '/home/robot/ros_ws/src/install/setup.zsh'
