[0.329s] Invoking command in '/home/docker/ros2_ws/src/pkg_pack_node/pkg_pack_node/build/kuka_common_moveit_config': CMAKE_PREFIX_PATH=${CMAKE_PREFIX_PATH}:/home/docker/ros2_ws/install/pkg_pack_node:/opt/ros/humble /usr/bin/cmake /home/docker/ros2_ws/src/pkg_pack_node/pkg_pack_node/Old/kuka_eki/kuka_common_moveit_config -DCMAKE_INSTALL_PREFIX=/home/docker/ros2_ws/src/pkg_pack_node/pkg_pack_node/install/kuka_common_moveit_config
[0.501s] -- The C compiler identification is GNU 11.4.0
[0.702s] -- The CXX compiler identification is GNU 11.4.0
[0.720s] -- Detecting C compiler ABI info
[0.947s] -- Detecting C compiler ABI info - done
[0.959s] -- Check for working C compiler: /usr/bin/cc - skipped
[0.959s] -- Detecting C compile features
[0.960s] -- Detecting C compile features - done
[0.966s] -- Detecting CXX compiler ABI info
[1.310s] -- Detecting CXX compiler ABI info - done
[1.326s] -- Check for working CXX compiler: /usr/bin/c++ - skipped
[1.326s] -- Detecting CXX compile features
[1.327s] -- Detecting CXX compile features - done
[1.334s] -- Found ament_cmake: 1.3.9 (/opt/ros/humble/share/ament_cmake/cmake)
[2.069s] -- Found Python3: /usr/bin/python3 (found version "3.10.12") found components: Interpreter 
[2.238s] -- Found ament_lint_auto: 0.12.11 (/opt/ros/humble/share/ament_lint_auto/cmake)
[2.359s] -- Added test 'copyright' to check source files copyright and LICENSE
[2.363s] -- Added test 'flake8' to check Python code syntax and style conventions
[2.364s] -- Added test 'lint_cmake' to check CMake code style
[2.365s] -- Added test 'pep257' to check Python code against some of the docstring style conventions in PEP 257
[2.367s] -- Added test 'xmllint' to check XML markup files
[2.369s] -- Configuring done
[2.374s] -- Generating done
[2.375s] -- Build files have been written to: /home/docker/ros2_ws/src/pkg_pack_node/pkg_pack_node/build/kuka_common_moveit_config
