[0.623s] Invoking command in '/home/robot/ros_ws/src/r2e_tutorial': PYTHONPATH=/home/robot/ros_ws/src/build/r2e_tutorial/prefix_override:/home/robot/ros_ws/src/install/r2e_tutorial/lib/python3.10/site-packages:${PYTHONPATH} /usr/bin/python3 setup.py egg_info --egg-base ../build/r2e_tutorial build --build-base /home/robot/ros_ws/src/build/r2e_tutorial/build install --record /home/robot/ros_ws/src/build/r2e_tutorial/install.log --single-version-externally-managed
[0.822s] running egg_info
[0.822s] writing ../build/r2e_tutorial/r2e_tutorial.egg-info/PKG-INFO
[0.823s] writing dependency_links to ../build/r2e_tutorial/r2e_tutorial.egg-info/dependency_links.txt
[0.823s] writing entry points to ../build/r2e_tutorial/r2e_tutorial.egg-info/entry_points.txt
[0.823s] writing requirements to ../build/r2e_tutorial/r2e_tutorial.egg-info/requires.txt
[0.823s] writing top-level names to ../build/r2e_tutorial/r2e_tutorial.egg-info/top_level.txt
[0.825s] reading manifest file '../build/r2e_tutorial/r2e_tutorial.egg-info/SOURCES.txt'
[0.825s] writing manifest file '../build/r2e_tutorial/r2e_tutorial.egg-info/SOURCES.txt'
[0.826s] running build
[0.826s] running build_py
[0.826s] running install
[0.826s] /usr/lib/python3/dist-packages/setuptools/command/install.py:34: SetuptoolsDeprecationWarning: setup.py install is deprecated. Use build and pip and other standards-based tools.
[0.826s]   warnings.warn(
[0.826s] running install_lib
[0.827s] running install_data
[0.828s] running install_egg_info
[0.830s] removing '/home/robot/ros_ws/src/install/r2e_tutorial/lib/python3.10/site-packages/r2e_tutorial-0.0.0-py3.10.egg-info' (and everything under it)
[0.830s] Copying ../build/r2e_tutorial/r2e_tutorial.egg-info to /home/robot/ros_ws/src/install/r2e_tutorial/lib/python3.10/site-packages/r2e_tutorial-0.0.0-py3.10.egg-info
[0.831s] running install_scripts
[0.850s] Installing example script to /home/robot/ros_ws/src/install/r2e_tutorial/lib/r2e_tutorial
[0.850s] Installing house script to /home/robot/ros_ws/src/install/r2e_tutorial/lib/r2e_tutorial
[0.850s] writing list of installed files to '/home/robot/ros_ws/src/build/r2e_tutorial/install.log'
[0.897s] Invoked command in '/home/robot/ros_ws/src/r2e_tutorial' returned '0': PYTHONPATH=/home/robot/ros_ws/src/build/r2e_tutorial/prefix_override:/home/robot/ros_ws/src/install/r2e_tutorial/lib/python3.10/site-packages:${PYTHONPATH} /usr/bin/python3 setup.py egg_info --egg-base ../build/r2e_tutorial build --build-base /home/robot/ros_ws/src/build/r2e_tutorial/build install --record /home/robot/ros_ws/src/build/r2e_tutorial/install.log --single-version-externally-managed
