running egg_info
creating ../build/pkg_pack_node/pkg_pack_node.egg-info
writing ../build/pkg_pack_node/pkg_pack_node.egg-info/PKG-INFO
writing dependency_links to ../build/pkg_pack_node/pkg_pack_node.egg-info/dependency_links.txt
writing entry points to ../build/pkg_pack_node/pkg_pack_node.egg-info/entry_points.txt
writing requirements to ../build/pkg_pack_node/pkg_pack_node.egg-info/requires.txt
writing top-level names to ../build/pkg_pack_node/pkg_pack_node.egg-info/top_level.txt
writing manifest file '../build/pkg_pack_node/pkg_pack_node.egg-info/SOURCES.txt'
reading manifest file '../build/pkg_pack_node/pkg_pack_node.egg-info/SOURCES.txt'
adding license file 'LICENSE'
writing manifest file '../build/pkg_pack_node/pkg_pack_node.egg-info/SOURCES.txt'
running build
running build_py
creating /home/robot/ros_ws/src/build/pkg_pack_node/build
creating /home/robot/ros_ws/src/build/pkg_pack_node/build/lib
creating /home/robot/ros_ws/src/build/pkg_pack_node/build/lib/pkg_pack_node
copying pkg_pack_node/pack_node.py -> /home/robot/ros_ws/src/build/pkg_pack_node/build/lib/pkg_pack_node
copying pkg_pack_node/__init__.py -> /home/robot/ros_ws/src/build/pkg_pack_node/build/lib/pkg_pack_node
copying pkg_pack_node/Pack_Algorithm.py -> /home/robot/ros_ws/src/build/pkg_pack_node/build/lib/pkg_pack_node
running install
running install_lib
creating /home/robot/ros_ws/src/install/pkg_pack_node/lib/python3.10/site-packages/pkg_pack_node
copying /home/robot/ros_ws/src/build/pkg_pack_node/build/lib/pkg_pack_node/pack_node.py -> /home/robot/ros_ws/src/install/pkg_pack_node/lib/python3.10/site-packages/pkg_pack_node
copying /home/robot/ros_ws/src/build/pkg_pack_node/build/lib/pkg_pack_node/__init__.py -> /home/robot/ros_ws/src/install/pkg_pack_node/lib/python3.10/site-packages/pkg_pack_node
copying /home/robot/ros_ws/src/build/pkg_pack_node/build/lib/pkg_pack_node/Pack_Algorithm.py -> /home/robot/ros_ws/src/install/pkg_pack_node/lib/python3.10/site-packages/pkg_pack_node
byte-compiling /home/robot/ros_ws/src/install/pkg_pack_node/lib/python3.10/site-packages/pkg_pack_node/pack_node.py to pack_node.cpython-310.pyc
byte-compiling /home/robot/ros_ws/src/install/pkg_pack_node/lib/python3.10/site-packages/pkg_pack_node/__init__.py to __init__.cpython-310.pyc
byte-compiling /home/robot/ros_ws/src/install/pkg_pack_node/lib/python3.10/site-packages/pkg_pack_node/Pack_Algorithm.py to Pack_Algorithm.cpython-310.pyc
running install_data
creating /home/robot/ros_ws/src/install/pkg_pack_node/share/ament_index
creating /home/robot/ros_ws/src/install/pkg_pack_node/share/ament_index/resource_index
creating /home/robot/ros_ws/src/install/pkg_pack_node/share/ament_index/resource_index/packages
copying resource/pkg_pack_node -> /home/robot/ros_ws/src/install/pkg_pack_node/share/ament_index/resource_index/packages
copying package.xml -> /home/robot/ros_ws/src/install/pkg_pack_node/share/pkg_pack_node
running install_egg_info
Copying ../build/pkg_pack_node/pkg_pack_node.egg-info to /home/robot/ros_ws/src/install/pkg_pack_node/lib/python3.10/site-packages/pkg_pack_node-0.0.0-py3.10.egg-info
running install_scripts
Installing pack_node script to /home/robot/ros_ws/src/install/pkg_pack_node/lib/pkg_pack_node
writing list of installed files to '/home/robot/ros_ws/src/build/pkg_pack_node/install.log'
