[0.318s] Invoking command in '/home/docker/ros2_ws/src/pkg_pack_node/pkg_pack_node/build/kuka_kr120_description': CMAKE_PREFIX_PATH=${CMAKE_PREFIX_PATH}:/home/docker/ros2_ws/install/pkg_pack_node:/opt/ros/humble /usr/bin/cmake /home/docker/ros2_ws/src/pkg_pack_node/pkg_pack_node/Old/kuka_eki/kuka_kr120_description -DCMAKE_INSTALL_PREFIX=/home/docker/ros2_ws/src/pkg_pack_node/pkg_pack_node/install/kuka_kr120_description
[0.444s] -- The C compiler identification is GNU 11.4.0
[0.591s] -- The CXX compiler identification is GNU 11.4.0
[0.616s] -- Detecting C compiler ABI info
[0.778s] -- Detecting C compiler ABI info - done
[0.792s] -- Check for working C compiler: /usr/bin/cc - skipped
[0.793s] -- Detecting C compile features
[0.794s] -- Detecting C compile features - done
[0.807s] -- Detecting CXX compiler ABI info
[0.987s] -- Detecting CXX compiler ABI info - done
[1.000s] -- Check for working CXX compiler: /usr/bin/c++ - skipped
[1.001s] -- Detecting CXX compile features
[1.002s] -- Detecting CXX compile features - done
[1.006s] -- Found ament_cmake: 1.3.9 (/opt/ros/humble/share/ament_cmake/cmake)
[1.884s] -- Found Python3: /usr/bin/python3 (found version "3.10.12") found components: Interpreter 
[2.084s] -- Found ament_lint_auto: 0.12.11 (/opt/ros/humble/share/ament_lint_auto/cmake)
[2.225s] -- Added test 'copyright' to check source files copyright and LICENSE
[2.236s] -- Added test 'lint_cmake' to check CMake code style
[2.240s] -- Added test 'xmllint' to check XML markup files
[2.241s] -- Configuring done
[2.245s] -- Generating done
[2.247s] -- Build files have been written to: /home/docker/ros2_ws/src/pkg_pack_node/pkg_pack_node/build/kuka_kr120_description
