[0.196s] Invoking command in '/home/docker/ros2_ws/src/pkg_pack_node/pkg_pack_node/build/kuka_kr10_description': CMAKE_PREFIX_PATH=${CMAKE_PREFIX_PATH}:/home/docker/ros2_ws/install/pkg_pack_node:/opt/ros/humble /usr/bin/cmake --build /home/docker/ros2_ws/src/pkg_pack_node/pkg_pack_node/build/kuka_kr10_description -- -j16 -l16
[0.262s] Invoked command in '/home/docker/ros2_ws/src/pkg_pack_node/pkg_pack_node/build/kuka_kr10_description' returned '0': CMAKE_PREFIX_PATH=${CMAKE_PREFIX_PATH}:/home/docker/ros2_ws/install/pkg_pack_node:/opt/ros/humble /usr/bin/cmake --build /home/docker/ros2_ws/src/pkg_pack_node/pkg_pack_node/build/kuka_kr10_description -- -j16 -l16
[0.319s] Invoking command in '/home/docker/ros2_ws/src/pkg_pack_node/pkg_pack_node/build/kuka_kr10_description': CMAKE_PREFIX_PATH=${CMAKE_PREFIX_PATH}:/home/docker/ros2_ws/install/pkg_pack_node:/opt/ros/humble /usr/bin/cmake --install /home/docker/ros2_ws/src/pkg_pack_node/pkg_pack_node/build/kuka_kr10_description
[0.371s] -- Install configuration: ""
[0.371s] -- Installing: /home/docker/ros2_ws/src/pkg_pack_node/pkg_pack_node/install/kuka_kr10_description/share/kuka_kr10_description//urdf
[0.371s] -- Installing: /home/docker/ros2_ws/src/pkg_pack_node/pkg_pack_node/install/kuka_kr10_description/share/kuka_kr10_description//urdf/kr10r1100sixx.xacro
[0.371s] -- Installing: /home/docker/ros2_ws/src/pkg_pack_node/pkg_pack_node/install/kuka_kr10_description/share/kuka_kr10_description//urdf/kr10r1100sixx_macro.xacro
[0.371s] -- Installing: /home/docker/ros2_ws/src/pkg_pack_node/pkg_pack_node/install/kuka_kr10_description/share/kuka_kr10_description//urdf/kr10r900_2.xacro
[0.371s] -- Installing: /home/docker/ros2_ws/src/pkg_pack_node/pkg_pack_node/install/kuka_kr10_description/share/kuka_kr10_description//urdf/kr10r900_2_macro.xacro
[0.371s] -- Installing: /home/docker/ros2_ws/src/pkg_pack_node/pkg_pack_node/install/kuka_kr10_description/share/kuka_kr10_description//meshes
[0.372s] -- Installing: /home/docker/ros2_ws/src/pkg_pack_node/pkg_pack_node/install/kuka_kr10_description/share/kuka_kr10_description//meshes/kr10r900_2
[0.372s] -- Installing: /home/docker/ros2_ws/src/pkg_pack_node/pkg_pack_node/install/kuka_kr10_description/share/kuka_kr10_description//meshes/kr10r900_2/collision
[0.372s] -- Installing: /home/docker/ros2_ws/src/pkg_pack_node/pkg_pack_node/install/kuka_kr10_description/share/kuka_kr10_description//meshes/kr10r900_2/collision/link_2.stl
[0.372s] -- Installing: /home/docker/ros2_ws/src/pkg_pack_node/pkg_pack_node/install/kuka_kr10_description/share/kuka_kr10_description//meshes/kr10r900_2/collision/link_6.stl
[0.372s] -- Installing: /home/docker/ros2_ws/src/pkg_pack_node/pkg_pack_node/install/kuka_kr10_description/share/kuka_kr10_description//meshes/kr10r900_2/collision/link_5.stl
[0.373s] -- Installing: /home/docker/ros2_ws/src/pkg_pack_node/pkg_pack_node/install/kuka_kr10_description/share/kuka_kr10_description//meshes/kr10r900_2/collision/link_4.stl
[0.373s] -- Installing: /home/docker/ros2_ws/src/pkg_pack_node/pkg_pack_node/install/kuka_kr10_description/share/kuka_kr10_description//meshes/kr10r900_2/collision/base_link.stl
[0.373s] -- Installing: /home/docker/ros2_ws/src/pkg_pack_node/pkg_pack_node/install/kuka_kr10_description/share/kuka_kr10_description//meshes/kr10r900_2/collision/link_1.stl
[0.373s] -- Installing: /home/docker/ros2_ws/src/pkg_pack_node/pkg_pack_node/install/kuka_kr10_description/share/kuka_kr10_description//meshes/kr10r900_2/collision/link_3.stl
[0.373s] -- Installing: /home/docker/ros2_ws/src/pkg_pack_node/pkg_pack_node/install/kuka_kr10_description/share/kuka_kr10_description//meshes/kr10r900_2/visual
[0.374s] -- Installing: /home/docker/ros2_ws/src/pkg_pack_node/pkg_pack_node/install/kuka_kr10_description/share/kuka_kr10_description//meshes/kr10r900_2/visual/link_2.stl
[0.374s] -- Installing: /home/docker/ros2_ws/src/pkg_pack_node/pkg_pack_node/install/kuka_kr10_description/share/kuka_kr10_description//meshes/kr10r900_2/visual/link_6.stl
[0.374s] -- Installing: /home/docker/ros2_ws/src/pkg_pack_node/pkg_pack_node/install/kuka_kr10_description/share/kuka_kr10_description//meshes/kr10r900_2/visual/link_5.stl
[0.374s] -- Installing: /home/docker/ros2_ws/src/pkg_pack_node/pkg_pack_node/install/kuka_kr10_description/share/kuka_kr10_description//meshes/kr10r900_2/visual/link_4.stl
[0.375s] -- Installing: /home/docker/ros2_ws/src/pkg_pack_node/pkg_pack_node/install/kuka_kr10_description/share/kuka_kr10_description//meshes/kr10r900_2/visual/base_link.stl
[0.375s] -- Installing: /home/docker/ros2_ws/src/pkg_pack_node/pkg_pack_node/install/kuka_kr10_description/share/kuka_kr10_description//meshes/kr10r900_2/visual/link_1.stl
[0.376s] -- Installing: /home/docker/ros2_ws/src/pkg_pack_node/pkg_pack_node/install/kuka_kr10_description/share/kuka_kr10_description//meshes/kr10r900_2/visual/link_3.stl
[0.376s] -- Installing: /home/docker/ros2_ws/src/pkg_pack_node/pkg_pack_node/install/kuka_kr10_description/share/kuka_kr10_description//meshes/kr10r1100sixx
[0.376s] -- Installing: /home/docker/ros2_ws/src/pkg_pack_node/pkg_pack_node/install/kuka_kr10_description/share/kuka_kr10_description//meshes/kr10r1100sixx/collision
[0.377s] -- Installing: /home/docker/ros2_ws/src/pkg_pack_node/pkg_pack_node/install/kuka_kr10_description/share/kuka_kr10_description//meshes/kr10r1100sixx/collision/link_2.stl
[0.377s] -- Installing: /home/docker/ros2_ws/src/pkg_pack_node/pkg_pack_node/install/kuka_kr10_description/share/kuka_kr10_description//meshes/kr10r1100sixx/collision/link_6.stl
[0.378s] -- Installing: /home/docker/ros2_ws/src/pkg_pack_node/pkg_pack_node/install/kuka_kr10_description/share/kuka_kr10_description//meshes/kr10r1100sixx/collision/link_5.stl
[0.378s] -- Installing: /home/docker/ros2_ws/src/pkg_pack_node/pkg_pack_node/install/kuka_kr10_description/share/kuka_kr10_description//meshes/kr10r1100sixx/collision/link_4.stl
[0.378s] -- Installing: /home/docker/ros2_ws/src/pkg_pack_node/pkg_pack_node/install/kuka_kr10_description/share/kuka_kr10_description//meshes/kr10r1100sixx/collision/base_link.stl
[0.378s] -- Installing: /home/docker/ros2_ws/src/pkg_pack_node/pkg_pack_node/install/kuka_kr10_description/share/kuka_kr10_description//meshes/kr10r1100sixx/collision/link_1.stl
[0.379s] -- Installing: /home/docker/ros2_ws/src/pkg_pack_node/pkg_pack_node/install/kuka_kr10_description/share/kuka_kr10_description//meshes/kr10r1100sixx/collision/link_3.stl
[0.379s] -- Installing: /home/docker/ros2_ws/src/pkg_pack_node/pkg_pack_node/install/kuka_kr10_description/share/kuka_kr10_description//meshes/kr10r1100sixx/visual
[0.380s] -- Installing: /home/docker/ros2_ws/src/pkg_pack_node/pkg_pack_node/install/kuka_kr10_description/share/kuka_kr10_description//meshes/kr10r1100sixx/visual/link_2.stl
[0.381s] -- Installing: /home/docker/ros2_ws/src/pkg_pack_node/pkg_pack_node/install/kuka_kr10_description/share/kuka_kr10_description//meshes/kr10r1100sixx/visual/link_6.stl
[0.397s] -- Installing: /home/docker/ros2_ws/src/pkg_pack_node/pkg_pack_node/install/kuka_kr10_description/share/kuka_kr10_description//meshes/kr10r1100sixx/visual/link_5.stl
[0.402s] -- Installing: /home/docker/ros2_ws/src/pkg_pack_node/pkg_pack_node/install/kuka_kr10_description/share/kuka_kr10_description//meshes/kr10r1100sixx/visual/link_4.stl
[0.416s] -- Installing: /home/docker/ros2_ws/src/pkg_pack_node/pkg_pack_node/install/kuka_kr10_description/share/kuka_kr10_description//meshes/kr10r1100sixx/visual/base_link.stl
[0.422s] -- Installing: /home/docker/ros2_ws/src/pkg_pack_node/pkg_pack_node/install/kuka_kr10_description/share/kuka_kr10_description//meshes/kr10r1100sixx/visual/link_1.stl
[0.423s] -- Installing: /home/docker/ros2_ws/src/pkg_pack_node/pkg_pack_node/install/kuka_kr10_description/share/kuka_kr10_description//meshes/kr10r1100sixx/visual/link_3.stl
[0.428s] -- Installing: /home/docker/ros2_ws/src/pkg_pack_node/pkg_pack_node/install/kuka_kr10_description/share/kuka_kr10_description//config
[0.428s] -- Installing: /home/docker/ros2_ws/src/pkg_pack_node/pkg_pack_node/install/kuka_kr10_description/share/kuka_kr10_description//config/kr10r1100sixx.srdf
[0.428s] -- Installing: /home/docker/ros2_ws/src/pkg_pack_node/pkg_pack_node/install/kuka_kr10_description/share/kuka_kr10_description//config/robot.srdf
[0.430s] -- Installing: /home/docker/ros2_ws/src/pkg_pack_node/pkg_pack_node/install/kuka_kr10_description/share/kuka_kr10_description//config/kr10r900_2.srdf
[0.430s] -- Installing: /home/docker/ros2_ws/src/pkg_pack_node/pkg_pack_node/install/kuka_kr10_description/share/ament_index/resource_index/package_run_dependencies/kuka_kr10_description
[0.431s] -- Installing: /home/docker/ros2_ws/src/pkg_pack_node/pkg_pack_node/install/kuka_kr10_description/share/ament_index/resource_index/parent_prefix_path/kuka_kr10_description
[0.432s] -- Installing: /home/docker/ros2_ws/src/pkg_pack_node/pkg_pack_node/install/kuka_kr10_description/share/kuka_kr10_description/environment/ament_prefix_path.sh
[0.434s] -- Installing: /home/docker/ros2_ws/src/pkg_pack_node/pkg_pack_node/install/kuka_kr10_description/share/kuka_kr10_description/environment/ament_prefix_path.dsv
[0.434s] -- Installing: /home/docker/ros2_ws/src/pkg_pack_node/pkg_pack_node/install/kuka_kr10_description/share/kuka_kr10_description/environment/path.sh
[0.435s] -- Installing: /home/docker/ros2_ws/src/pkg_pack_node/pkg_pack_node/install/kuka_kr10_description/share/kuka_kr10_description/environment/path.dsv
[0.436s] -- Installing: /home/docker/ros2_ws/src/pkg_pack_node/pkg_pack_node/install/kuka_kr10_description/share/kuka_kr10_description/local_setup.bash
[0.437s] -- Installing: /home/docker/ros2_ws/src/pkg_pack_node/pkg_pack_node/install/kuka_kr10_description/share/kuka_kr10_description/local_setup.sh
[0.437s] -- Installing: /home/docker/ros2_ws/src/pkg_pack_node/pkg_pack_node/install/kuka_kr10_description/share/kuka_kr10_description/local_setup.zsh
[0.438s] -- Installing: /home/docker/ros2_ws/src/pkg_pack_node/pkg_pack_node/install/kuka_kr10_description/share/kuka_kr10_description/local_setup.dsv
[0.438s] -- Installing: /home/docker/ros2_ws/src/pkg_pack_node/pkg_pack_node/install/kuka_kr10_description/share/kuka_kr10_description/package.dsv
[0.441s] -- Installing: /home/docker/ros2_ws/src/pkg_pack_node/pkg_pack_node/install/kuka_kr10_description/share/ament_index/resource_index/packages/kuka_kr10_description
[0.441s] -- Installing: /home/docker/ros2_ws/src/pkg_pack_node/pkg_pack_node/install/kuka_kr10_description/share/kuka_kr10_description/cmake/kuka_kr10_descriptionConfig.cmake
[0.441s] -- Installing: /home/docker/ros2_ws/src/pkg_pack_node/pkg_pack_node/install/kuka_kr10_description/share/kuka_kr10_description/cmake/kuka_kr10_descriptionConfig-version.cmake
[0.441s] -- Installing: /home/docker/ros2_ws/src/pkg_pack_node/pkg_pack_node/install/kuka_kr10_description/share/kuka_kr10_description/package.xml
[0.462s] Invoked command in '/home/docker/ros2_ws/src/pkg_pack_node/pkg_pack_node/build/kuka_kr10_description' returned '0': CMAKE_PREFIX_PATH=${CMAKE_PREFIX_PATH}:/home/docker/ros2_ws/install/pkg_pack_node:/opt/ros/humble /usr/bin/cmake --install /home/docker/ros2_ws/src/pkg_pack_node/pkg_pack_node/build/kuka_kr10_description
