-- Install configuration: ""
-- Up-to-date: /home/docker/ros2_ws/src/pkg_pack_node/pkg_pack_node/install/kuka_kr10_description/share/kuka_kr10_description//urdf
-- Up-to-date: /home/docker/ros2_ws/src/pkg_pack_node/pkg_pack_node/install/kuka_kr10_description/share/kuka_kr10_description//urdf/kr10r1100sixx.xacro
-- Up-to-date: /home/docker/ros2_ws/src/pkg_pack_node/pkg_pack_node/install/kuka_kr10_description/share/kuka_kr10_description//urdf/kr10r1100sixx_macro.xacro
-- Up-to-date: /home/docker/ros2_ws/src/pkg_pack_node/pkg_pack_node/install/kuka_kr10_description/share/kuka_kr10_description//urdf/kr10r900_2.xacro
-- Up-to-date: /home/docker/ros2_ws/src/pkg_pack_node/pkg_pack_node/install/kuka_kr10_description/share/kuka_kr10_description//urdf/kr10r900_2_macro.xacro
-- Up-to-date: /home/docker/ros2_ws/src/pkg_pack_node/pkg_pack_node/install/kuka_kr10_description/share/kuka_kr10_description//meshes
-- Up-to-date: /home/docker/ros2_ws/src/pkg_pack_node/pkg_pack_node/install/kuka_kr10_description/share/kuka_kr10_description//meshes/kr10r900_2
-- Up-to-date: /home/docker/ros2_ws/src/pkg_pack_node/pkg_pack_node/install/kuka_kr10_description/share/kuka_kr10_description//meshes/kr10r900_2/collision
-- Up-to-date: /home/docker/ros2_ws/src/pkg_pack_node/pkg_pack_node/install/kuka_kr10_description/share/kuka_kr10_description//meshes/kr10r900_2/collision/link_2.stl
-- Up-to-date: /home/docker/ros2_ws/src/pkg_pack_node/pkg_pack_node/install/kuka_kr10_description/share/kuka_kr10_description//meshes/kr10r900_2/collision/link_6.stl
-- Up-to-date: /home/docker/ros2_ws/src/pkg_pack_node/pkg_pack_node/install/kuka_kr10_description/share/kuka_kr10_description//meshes/kr10r900_2/collision/link_5.stl
-- Up-to-date: /home/docker/ros2_ws/src/pkg_pack_node/pkg_pack_node/install/kuka_kr10_description/share/kuka_kr10_description//meshes/kr10r900_2/collision/link_4.stl
-- Up-to-date: /home/docker/ros2_ws/src/pkg_pack_node/pkg_pack_node/install/kuka_kr10_description/share/kuka_kr10_description//meshes/kr10r900_2/collision/base_link.stl
-- Up-to-date: /home/docker/ros2_ws/src/pkg_pack_node/pkg_pack_node/install/kuka_kr10_description/share/kuka_kr10_description//meshes/kr10r900_2/collision/link_1.stl
-- Up-to-date: /home/docker/ros2_ws/src/pkg_pack_node/pkg_pack_node/install/kuka_kr10_description/share/kuka_kr10_description//meshes/kr10r900_2/collision/link_3.stl
-- Up-to-date: /home/docker/ros2_ws/src/pkg_pack_node/pkg_pack_node/install/kuka_kr10_description/share/kuka_kr10_description//meshes/kr10r900_2/visual
-- Up-to-date: /home/docker/ros2_ws/src/pkg_pack_node/pkg_pack_node/install/kuka_kr10_description/share/kuka_kr10_description//meshes/kr10r900_2/visual/link_2.stl
-- Up-to-date: /home/docker/ros2_ws/src/pkg_pack_node/pkg_pack_node/install/kuka_kr10_description/share/kuka_kr10_description//meshes/kr10r900_2/visual/link_6.stl
-- Up-to-date: /home/docker/ros2_ws/src/pkg_pack_node/pkg_pack_node/install/kuka_kr10_description/share/kuka_kr10_description//meshes/kr10r900_2/visual/link_5.stl
-- Up-to-date: /home/docker/ros2_ws/src/pkg_pack_node/pkg_pack_node/install/kuka_kr10_description/share/kuka_kr10_description//meshes/kr10r900_2/visual/link_4.stl
-- Up-to-date: /home/docker/ros2_ws/src/pkg_pack_node/pkg_pack_node/install/kuka_kr10_description/share/kuka_kr10_description//meshes/kr10r900_2/visual/base_link.stl
-- Up-to-date: /home/docker/ros2_ws/src/pkg_pack_node/pkg_pack_node/install/kuka_kr10_description/share/kuka_kr10_description//meshes/kr10r900_2/visual/link_1.stl
-- Up-to-date: /home/docker/ros2_ws/src/pkg_pack_node/pkg_pack_node/install/kuka_kr10_description/share/kuka_kr10_description//meshes/kr10r900_2/visual/link_3.stl
-- Up-to-date: /home/docker/ros2_ws/src/pkg_pack_node/pkg_pack_node/install/kuka_kr10_description/share/kuka_kr10_description//meshes/kr10r1100sixx
-- Up-to-date: /home/docker/ros2_ws/src/pkg_pack_node/pkg_pack_node/install/kuka_kr10_description/share/kuka_kr10_description//meshes/kr10r1100sixx/collision
-- Up-to-date: /home/docker/ros2_ws/src/pkg_pack_node/pkg_pack_node/install/kuka_kr10_description/share/kuka_kr10_description//meshes/kr10r1100sixx/collision/link_2.stl
-- Up-to-date: /home/docker/ros2_ws/src/pkg_pack_node/pkg_pack_node/install/kuka_kr10_description/share/kuka_kr10_description//meshes/kr10r1100sixx/collision/link_6.stl
-- Up-to-date: /home/docker/ros2_ws/src/pkg_pack_node/pkg_pack_node/install/kuka_kr10_description/share/kuka_kr10_description//meshes/kr10r1100sixx/collision/link_5.stl
-- Up-to-date: /home/docker/ros2_ws/src/pkg_pack_node/pkg_pack_node/install/kuka_kr10_description/share/kuka_kr10_description//meshes/kr10r1100sixx/collision/link_4.stl
-- Up-to-date: /home/docker/ros2_ws/src/pkg_pack_node/pkg_pack_node/install/kuka_kr10_description/share/kuka_kr10_description//meshes/kr10r1100sixx/collision/base_link.stl
-- Up-to-date: /home/docker/ros2_ws/src/pkg_pack_node/pkg_pack_node/install/kuka_kr10_description/share/kuka_kr10_description//meshes/kr10r1100sixx/collision/link_1.stl
-- Up-to-date: /home/docker/ros2_ws/src/pkg_pack_node/pkg_pack_node/install/kuka_kr10_description/share/kuka_kr10_description//meshes/kr10r1100sixx/collision/link_3.stl
-- Up-to-date: /home/docker/ros2_ws/src/pkg_pack_node/pkg_pack_node/install/kuka_kr10_description/share/kuka_kr10_description//meshes/kr10r1100sixx/visual
-- Up-to-date: /home/docker/ros2_ws/src/pkg_pack_node/pkg_pack_node/install/kuka_kr10_description/share/kuka_kr10_description//meshes/kr10r1100sixx/visual/link_2.stl
-- Up-to-date: /home/docker/ros2_ws/src/pkg_pack_node/pkg_pack_node/install/kuka_kr10_description/share/kuka_kr10_description//meshes/kr10r1100sixx/visual/link_6.stl
-- Up-to-date: /home/docker/ros2_ws/src/pkg_pack_node/pkg_pack_node/install/kuka_kr10_description/share/kuka_kr10_description//meshes/kr10r1100sixx/visual/link_5.stl
-- Up-to-date: /home/docker/ros2_ws/src/pkg_pack_node/pkg_pack_node/install/kuka_kr10_description/share/kuka_kr10_description//meshes/kr10r1100sixx/visual/link_4.stl
-- Up-to-date: /home/docker/ros2_ws/src/pkg_pack_node/pkg_pack_node/install/kuka_kr10_description/share/kuka_kr10_description//meshes/kr10r1100sixx/visual/base_link.stl
-- Up-to-date: /home/docker/ros2_ws/src/pkg_pack_node/pkg_pack_node/install/kuka_kr10_description/share/kuka_kr10_description//meshes/kr10r1100sixx/visual/link_1.stl
-- Up-to-date: /home/docker/ros2_ws/src/pkg_pack_node/pkg_pack_node/install/kuka_kr10_description/share/kuka_kr10_description//meshes/kr10r1100sixx/visual/link_3.stl
-- Up-to-date: /home/docker/ros2_ws/src/pkg_pack_node/pkg_pack_node/install/kuka_kr10_description/share/kuka_kr10_description//config
-- Up-to-date: /home/docker/ros2_ws/src/pkg_pack_node/pkg_pack_node/install/kuka_kr10_description/share/kuka_kr10_description//config/kr10r1100sixx.srdf
-- Up-to-date: /home/docker/ros2_ws/src/pkg_pack_node/pkg_pack_node/install/kuka_kr10_description/share/kuka_kr10_description//config/robot.srdf
-- Up-to-date: /home/docker/ros2_ws/src/pkg_pack_node/pkg_pack_node/install/kuka_kr10_description/share/kuka_kr10_description//config/kr10r900_2.srdf
-- Up-to-date: /home/docker/ros2_ws/src/pkg_pack_node/pkg_pack_node/install/kuka_kr10_description/share/ament_index/resource_index/package_run_dependencies/kuka_kr10_description
-- Up-to-date: /home/docker/ros2_ws/src/pkg_pack_node/pkg_pack_node/install/kuka_kr10_description/share/ament_index/resource_index/parent_prefix_path/kuka_kr10_description
-- Installing: /home/docker/ros2_ws/src/pkg_pack_node/pkg_pack_node/install/kuka_kr10_description/share/kuka_kr10_description/environment/ament_prefix_path.sh
-- Up-to-date: /home/docker/ros2_ws/src/pkg_pack_node/pkg_pack_node/install/kuka_kr10_description/share/kuka_kr10_description/environment/ament_prefix_path.dsv
-- Installing: /home/docker/ros2_ws/src/pkg_pack_node/pkg_pack_node/install/kuka_kr10_description/share/kuka_kr10_description/environment/path.sh
-- Up-to-date: /home/docker/ros2_ws/src/pkg_pack_node/pkg_pack_node/install/kuka_kr10_description/share/kuka_kr10_description/environment/path.dsv
-- Up-to-date: /home/docker/ros2_ws/src/pkg_pack_node/pkg_pack_node/install/kuka_kr10_description/share/kuka_kr10_description/local_setup.bash
-- Up-to-date: /home/docker/ros2_ws/src/pkg_pack_node/pkg_pack_node/install/kuka_kr10_description/share/kuka_kr10_description/local_setup.sh
-- Up-to-date: /home/docker/ros2_ws/src/pkg_pack_node/pkg_pack_node/install/kuka_kr10_description/share/kuka_kr10_description/local_setup.zsh
-- Up-to-date: /home/docker/ros2_ws/src/pkg_pack_node/pkg_pack_node/install/kuka_kr10_description/share/kuka_kr10_description/local_setup.dsv
-- Installing: /home/docker/ros2_ws/src/pkg_pack_node/pkg_pack_node/install/kuka_kr10_description/share/kuka_kr10_description/package.dsv
-- Up-to-date: /home/docker/ros2_ws/src/pkg_pack_node/pkg_pack_node/install/kuka_kr10_description/share/ament_index/resource_index/packages/kuka_kr10_description
-- Up-to-date: /home/docker/ros2_ws/src/pkg_pack_node/pkg_pack_node/install/kuka_kr10_description/share/kuka_kr10_description/cmake/kuka_kr10_descriptionConfig.cmake
-- Up-to-date: /home/docker/ros2_ws/src/pkg_pack_node/pkg_pack_node/install/kuka_kr10_description/share/kuka_kr10_description/cmake/kuka_kr10_descriptionConfig-version.cmake
-- Up-to-date: /home/docker/ros2_ws/src/pkg_pack_node/pkg_pack_node/install/kuka_kr10_description/share/kuka_kr10_description/package.xml
