[0.111s] DEBUG:colcon:Command line arguments: ['/usr/bin/colcon', 'build', '--packages-select', 'pkg_pack_node', 'aip_packing_planning_interfaces']
[0.111s] DEBUG:colcon:Parsed command line arguments: Namespace(log_base=None, log_level=None, verb_name='build', build_base='build', install_base='install', merge_install=False, symlink_install=False, test_result_base=None, continue_on_error=False, executor='parallel', parallel_workers=12, event_handlers=None, ignore_user_meta=False, metas=['./colcon.meta'], base_paths=['.'], packages_ignore=None, packages_ignore_regex=None, paths=None, packages_up_to=None, packages_up_to_regex=None, packages_above=None, packages_above_and_dependencies=None, packages_above_depth=None, packages_select_by_dep=None, packages_skip_by_dep=None, packages_skip_up_to=None, packages_select_build_failed=False, packages_skip_build_finished=False, packages_select_test_failures=False, packages_skip_test_passed=False, packages_select=['pkg_pack_node', 'aip_packing_planning_interfaces'], packages_skip=None, packages_select_regex=None, packages_skip_regex=None, packages_start=None, packages_end=None, cmake_args=None, cmake_target=None, cmake_target_skip_unavailable=False, cmake_clean_cache=False, cmake_clean_first=False, cmake_force_configure=False, ament_cmake_args=None, catkin_cmake_args=None, catkin_skip_building_tests=False, mixin_files=None, mixin=None, verb_parser=<colcon_mixin.mixin.mixin_argument.MixinArgumentDecorator object at 0x7df29c937760>, verb_extension=<colcon_core.verb.build.BuildVerb object at 0x7df29ca2b3d0>, main=<bound method BuildVerb.main of <colcon_core.verb.build.BuildVerb object at 0x7df29ca2b3d0>>, mixin_verb=('build',))
[0.154s] Level 1:colcon.colcon_core.package_discovery:discover_packages(colcon_meta) check parameters
[0.154s] Level 1:colcon.colcon_core.package_discovery:discover_packages(recursive) check parameters
[0.154s] Level 1:colcon.colcon_core.package_discovery:discover_packages(ignore) check parameters
[0.154s] Level 1:colcon.colcon_core.package_discovery:discover_packages(path) check parameters
[0.154s] Level 1:colcon.colcon_core.package_discovery:discover_packages(colcon_meta) discover
[0.154s] Level 1:colcon.colcon_core.package_discovery:discover_packages(recursive) discover
[0.154s] INFO:colcon.colcon_core.package_discovery:Crawling recursively for packages in '/home/docker/ros2_ws/src/pkg_pack_node/pkg_pack_node'
[0.154s] Level 1:colcon.colcon_core.package_identification:_identify(.) by extensions ['ignore', 'ignore_ament_install']
[0.155s] Level 1:colcon.colcon_core.package_identification:_identify(.) by extension 'ignore'
[0.155s] Level 1:colcon.colcon_core.package_identification:_identify(.) by extension 'ignore_ament_install'
[0.155s] Level 1:colcon.colcon_core.package_identification:_identify(.) by extensions ['colcon_pkg']
[0.155s] Level 1:colcon.colcon_core.package_identification:_identify(.) by extension 'colcon_pkg'
[0.155s] Level 1:colcon.colcon_core.package_identification:_identify(.) by extensions ['colcon_meta']
[0.155s] Level 1:colcon.colcon_core.package_identification:_identify(.) by extension 'colcon_meta'
[0.155s] Level 1:colcon.colcon_core.package_identification:_identify(.) by extensions ['ros']
[0.155s] Level 1:colcon.colcon_core.package_identification:_identify(.) by extension 'ros'
[0.171s] Level 1:colcon.colcon_core.package_identification:_identify(.) by extensions ['cmake', 'python']
[0.172s] Level 1:colcon.colcon_core.package_identification:_identify(.) by extension 'cmake'
[0.172s] Level 1:colcon.colcon_core.package_identification:_identify(.) by extension 'python'
[0.172s] Level 1:colcon.colcon_core.package_identification:_identify(.) by extensions ['python_setup_py']
[0.172s] Level 1:colcon.colcon_core.package_identification:_identify(.) by extension 'python_setup_py'
[0.172s] Level 1:colcon.colcon_core.package_identification:_identify(Classes) by extensions ['ignore', 'ignore_ament_install']
[0.172s] Level 1:colcon.colcon_core.package_identification:_identify(Classes) by extension 'ignore'
[0.172s] Level 1:colcon.colcon_core.package_identification:_identify(Classes) by extension 'ignore_ament_install'
[0.172s] Level 1:colcon.colcon_core.package_identification:_identify(Classes) by extensions ['colcon_pkg']
[0.172s] Level 1:colcon.colcon_core.package_identification:_identify(Classes) by extension 'colcon_pkg'
[0.172s] Level 1:colcon.colcon_core.package_identification:_identify(Classes) by extensions ['colcon_meta']
[0.172s] Level 1:colcon.colcon_core.package_identification:_identify(Classes) by extension 'colcon_meta'
[0.172s] Level 1:colcon.colcon_core.package_identification:_identify(Classes) by extensions ['ros']
[0.172s] Level 1:colcon.colcon_core.package_identification:_identify(Classes) by extension 'ros'
[0.173s] Level 1:colcon.colcon_core.package_identification:_identify(Classes) by extensions ['cmake', 'python']
[0.173s] Level 1:colcon.colcon_core.package_identification:_identify(Classes) by extension 'cmake'
[0.173s] Level 1:colcon.colcon_core.package_identification:_identify(Classes) by extension 'python'
[0.173s] Level 1:colcon.colcon_core.package_identification:_identify(Classes) by extensions ['python_setup_py']
[0.173s] Level 1:colcon.colcon_core.package_identification:_identify(Classes) by extension 'python_setup_py'
[0.173s] Level 1:colcon.colcon_core.package_identification:_identify(Classes/__pycache__) by extensions ['ignore', 'ignore_ament_install']
[0.173s] Level 1:colcon.colcon_core.package_identification:_identify(Classes/__pycache__) by extension 'ignore'
[0.173s] Level 1:colcon.colcon_core.package_identification:_identify(Classes/__pycache__) by extension 'ignore_ament_install'
[0.173s] Level 1:colcon.colcon_core.package_identification:_identify(Classes/__pycache__) by extensions ['colcon_pkg']
[0.173s] Level 1:colcon.colcon_core.package_identification:_identify(Classes/__pycache__) by extension 'colcon_pkg'
[0.173s] Level 1:colcon.colcon_core.package_identification:_identify(Classes/__pycache__) by extensions ['colcon_meta']
[0.173s] Level 1:colcon.colcon_core.package_identification:_identify(Classes/__pycache__) by extension 'colcon_meta'
[0.173s] Level 1:colcon.colcon_core.package_identification:_identify(Classes/__pycache__) by extensions ['ros']
[0.173s] Level 1:colcon.colcon_core.package_identification:_identify(Classes/__pycache__) by extension 'ros'
[0.174s] Level 1:colcon.colcon_core.package_identification:_identify(Classes/__pycache__) by extensions ['cmake', 'python']
[0.174s] Level 1:colcon.colcon_core.package_identification:_identify(Classes/__pycache__) by extension 'cmake'
[0.174s] Level 1:colcon.colcon_core.package_identification:_identify(Classes/__pycache__) by extension 'python'
[0.174s] Level 1:colcon.colcon_core.package_identification:_identify(Classes/__pycache__) by extensions ['python_setup_py']
[0.174s] Level 1:colcon.colcon_core.package_identification:_identify(Classes/__pycache__) by extension 'python_setup_py'
[0.174s] Level 1:colcon.colcon_core.package_identification:_identify(Old) by extensions ['ignore', 'ignore_ament_install']
[0.174s] Level 1:colcon.colcon_core.package_identification:_identify(Old) by extension 'ignore'
[0.174s] Level 1:colcon.colcon_core.package_identification:_identify(Old) by extension 'ignore_ament_install'
[0.174s] Level 1:colcon.colcon_core.package_identification:_identify(Old) by extensions ['colcon_pkg']
[0.174s] Level 1:colcon.colcon_core.package_identification:_identify(Old) by extension 'colcon_pkg'
[0.174s] Level 1:colcon.colcon_core.package_identification:_identify(Old) by extensions ['colcon_meta']
[0.174s] Level 1:colcon.colcon_core.package_identification:_identify(Old) by extension 'colcon_meta'
[0.174s] Level 1:colcon.colcon_core.package_identification:_identify(Old) by extensions ['ros']
[0.175s] Level 1:colcon.colcon_core.package_identification:_identify(Old) by extension 'ros'
[0.175s] Level 1:colcon.colcon_core.package_identification:_identify(Old) by extensions ['cmake', 'python']
[0.175s] Level 1:colcon.colcon_core.package_identification:_identify(Old) by extension 'cmake'
[0.175s] Level 1:colcon.colcon_core.package_identification:_identify(Old) by extension 'python'
[0.175s] Level 1:colcon.colcon_core.package_identification:_identify(Old) by extensions ['python_setup_py']
[0.175s] Level 1:colcon.colcon_core.package_identification:_identify(Old) by extension 'python_setup_py'
[0.175s] Level 1:colcon.colcon_core.package_identification:_identify(Old/control_node) by extensions ['ignore', 'ignore_ament_install']
[0.175s] Level 1:colcon.colcon_core.package_identification:_identify(Old/control_node) by extension 'ignore'
[0.175s] Level 1:colcon.colcon_core.package_identification:_identify(Old/control_node) by extension 'ignore_ament_install'
[0.175s] Level 1:colcon.colcon_core.package_identification:_identify(Old/control_node) by extensions ['colcon_pkg']
[0.175s] Level 1:colcon.colcon_core.package_identification:_identify(Old/control_node) by extension 'colcon_pkg'
[0.175s] Level 1:colcon.colcon_core.package_identification:_identify(Old/control_node) by extensions ['colcon_meta']
[0.175s] Level 1:colcon.colcon_core.package_identification:_identify(Old/control_node) by extension 'colcon_meta'
[0.175s] Level 1:colcon.colcon_core.package_identification:_identify(Old/control_node) by extensions ['ros']
[0.176s] Level 1:colcon.colcon_core.package_identification:_identify(Old/control_node) by extension 'ros'
[0.179s] DEBUG:colcon.colcon_core.package_identification:Package 'Old/control_node' with type 'ros.ament_python' and name 'control_node'
[0.179s] Level 1:colcon.colcon_core.package_identification:_identify(Old/iras_srvs) by extensions ['ignore', 'ignore_ament_install']
[0.179s] Level 1:colcon.colcon_core.package_identification:_identify(Old/iras_srvs) by extension 'ignore'
[0.179s] Level 1:colcon.colcon_core.package_identification:_identify(Old/iras_srvs) by extension 'ignore_ament_install'
[0.179s] Level 1:colcon.colcon_core.package_identification:_identify(Old/iras_srvs) by extensions ['colcon_pkg']
[0.179s] Level 1:colcon.colcon_core.package_identification:_identify(Old/iras_srvs) by extension 'colcon_pkg'
[0.179s] Level 1:colcon.colcon_core.package_identification:_identify(Old/iras_srvs) by extensions ['colcon_meta']
[0.180s] Level 1:colcon.colcon_core.package_identification:_identify(Old/iras_srvs) by extension 'colcon_meta'
[0.180s] Level 1:colcon.colcon_core.package_identification:_identify(Old/iras_srvs) by extensions ['ros']
[0.180s] Level 1:colcon.colcon_core.package_identification:_identify(Old/iras_srvs) by extension 'ros'
[0.181s] DEBUG:colcon.colcon_core.package_identification:Package 'Old/iras_srvs' with type 'ros.ament_cmake' and name 'iras_srvs'
[0.181s] Level 1:colcon.colcon_core.package_identification:_identify(Old/kuka_eki) by extensions ['ignore', 'ignore_ament_install']
[0.181s] Level 1:colcon.colcon_core.package_identification:_identify(Old/kuka_eki) by extension 'ignore'
[0.181s] Level 1:colcon.colcon_core.package_identification:_identify(Old/kuka_eki) by extension 'ignore_ament_install'
[0.181s] Level 1:colcon.colcon_core.package_identification:_identify(Old/kuka_eki) by extensions ['colcon_pkg']
[0.181s] Level 1:colcon.colcon_core.package_identification:_identify(Old/kuka_eki) by extension 'colcon_pkg'
[0.181s] Level 1:colcon.colcon_core.package_identification:_identify(Old/kuka_eki) by extensions ['colcon_meta']
[0.181s] Level 1:colcon.colcon_core.package_identification:_identify(Old/kuka_eki) by extension 'colcon_meta'
[0.181s] Level 1:colcon.colcon_core.package_identification:_identify(Old/kuka_eki) by extensions ['ros']
[0.181s] Level 1:colcon.colcon_core.package_identification:_identify(Old/kuka_eki) by extension 'ros'
[0.181s] Level 1:colcon.colcon_core.package_identification:_identify(Old/kuka_eki) by extensions ['cmake', 'python']
[0.181s] Level 1:colcon.colcon_core.package_identification:_identify(Old/kuka_eki) by extension 'cmake'
[0.182s] Level 1:colcon.colcon_core.package_identification:_identify(Old/kuka_eki) by extension 'python'
[0.182s] Level 1:colcon.colcon_core.package_identification:_identify(Old/kuka_eki) by extensions ['python_setup_py']
[0.182s] Level 1:colcon.colcon_core.package_identification:_identify(Old/kuka_eki) by extension 'python_setup_py'
[0.182s] Level 1:colcon.colcon_core.package_identification:_identify(Old/kuka_eki/krl) by extensions ['ignore', 'ignore_ament_install']
[0.182s] Level 1:colcon.colcon_core.package_identification:_identify(Old/kuka_eki/krl) by extension 'ignore'
[0.182s] Level 1:colcon.colcon_core.package_identification:_identify(Old/kuka_eki/krl) by extension 'ignore_ament_install'
[0.182s] Level 1:colcon.colcon_core.package_identification:_identify(Old/kuka_eki/krl) by extensions ['colcon_pkg']
[0.182s] Level 1:colcon.colcon_core.package_identification:_identify(Old/kuka_eki/krl) by extension 'colcon_pkg'
[0.182s] Level 1:colcon.colcon_core.package_identification:_identify(Old/kuka_eki/krl) by extensions ['colcon_meta']
[0.182s] Level 1:colcon.colcon_core.package_identification:_identify(Old/kuka_eki/krl) by extension 'colcon_meta'
[0.182s] Level 1:colcon.colcon_core.package_identification:_identify(Old/kuka_eki/krl) by extensions ['ros']
[0.182s] Level 1:colcon.colcon_core.package_identification:_identify(Old/kuka_eki/krl) by extension 'ros'
[0.182s] Level 1:colcon.colcon_core.package_identification:_identify(Old/kuka_eki/krl) by extensions ['cmake', 'python']
[0.183s] Level 1:colcon.colcon_core.package_identification:_identify(Old/kuka_eki/krl) by extension 'cmake'
[0.183s] Level 1:colcon.colcon_core.package_identification:_identify(Old/kuka_eki/krl) by extension 'python'
[0.183s] Level 1:colcon.colcon_core.package_identification:_identify(Old/kuka_eki/krl) by extensions ['python_setup_py']
[0.183s] Level 1:colcon.colcon_core.package_identification:_identify(Old/kuka_eki/krl) by extension 'python_setup_py'
[0.183s] Level 1:colcon.colcon_core.package_identification:_identify(Old/kuka_eki/kuka_common) by extensions ['ignore', 'ignore_ament_install']
[0.183s] Level 1:colcon.colcon_core.package_identification:_identify(Old/kuka_eki/kuka_common) by extension 'ignore'
[0.183s] Level 1:colcon.colcon_core.package_identification:_identify(Old/kuka_eki/kuka_common) by extension 'ignore_ament_install'
[0.183s] Level 1:colcon.colcon_core.package_identification:_identify(Old/kuka_eki/kuka_common) by extensions ['colcon_pkg']
[0.183s] Level 1:colcon.colcon_core.package_identification:_identify(Old/kuka_eki/kuka_common) by extension 'colcon_pkg'
[0.183s] Level 1:colcon.colcon_core.package_identification:_identify(Old/kuka_eki/kuka_common) by extensions ['colcon_meta']
[0.183s] Level 1:colcon.colcon_core.package_identification:_identify(Old/kuka_eki/kuka_common) by extension 'colcon_meta'
[0.183s] Level 1:colcon.colcon_core.package_identification:_identify(Old/kuka_eki/kuka_common) by extensions ['ros']
[0.183s] Level 1:colcon.colcon_core.package_identification:_identify(Old/kuka_eki/kuka_common) by extension 'ros'
[0.184s] DEBUG:colcon.colcon_core.package_identification:Package 'Old/kuka_eki/kuka_common' with type 'ros.ament_cmake' and name 'kuka_common'
[0.184s] Level 1:colcon.colcon_core.package_identification:_identify(Old/kuka_eki/kuka_common_moveit_config) by extensions ['ignore', 'ignore_ament_install']
[0.184s] Level 1:colcon.colcon_core.package_identification:_identify(Old/kuka_eki/kuka_common_moveit_config) by extension 'ignore'
[0.184s] Level 1:colcon.colcon_core.package_identification:_identify(Old/kuka_eki/kuka_common_moveit_config) by extension 'ignore_ament_install'
[0.184s] Level 1:colcon.colcon_core.package_identification:_identify(Old/kuka_eki/kuka_common_moveit_config) by extensions ['colcon_pkg']
[0.184s] Level 1:colcon.colcon_core.package_identification:_identify(Old/kuka_eki/kuka_common_moveit_config) by extension 'colcon_pkg'
[0.184s] Level 1:colcon.colcon_core.package_identification:_identify(Old/kuka_eki/kuka_common_moveit_config) by extensions ['colcon_meta']
[0.184s] Level 1:colcon.colcon_core.package_identification:_identify(Old/kuka_eki/kuka_common_moveit_config) by extension 'colcon_meta'
[0.185s] Level 1:colcon.colcon_core.package_identification:_identify(Old/kuka_eki/kuka_common_moveit_config) by extensions ['ros']
[0.185s] Level 1:colcon.colcon_core.package_identification:_identify(Old/kuka_eki/kuka_common_moveit_config) by extension 'ros'
[0.185s] DEBUG:colcon.colcon_core.package_identification:Package 'Old/kuka_eki/kuka_common_moveit_config' with type 'ros.ament_cmake' and name 'kuka_common_moveit_config'
[0.185s] Level 1:colcon.colcon_core.package_identification:_identify(Old/kuka_eki/kuka_eki_hw_interface) by extensions ['ignore', 'ignore_ament_install']
[0.185s] Level 1:colcon.colcon_core.package_identification:_identify(Old/kuka_eki/kuka_eki_hw_interface) by extension 'ignore'
[0.186s] Level 1:colcon.colcon_core.package_identification:_identify(Old/kuka_eki/kuka_eki_hw_interface) by extension 'ignore_ament_install'
[0.186s] Level 1:colcon.colcon_core.package_identification:_identify(Old/kuka_eki/kuka_eki_hw_interface) by extensions ['colcon_pkg']
[0.186s] Level 1:colcon.colcon_core.package_identification:_identify(Old/kuka_eki/kuka_eki_hw_interface) by extension 'colcon_pkg'
[0.186s] Level 1:colcon.colcon_core.package_identification:_identify(Old/kuka_eki/kuka_eki_hw_interface) by extensions ['colcon_meta']
[0.186s] Level 1:colcon.colcon_core.package_identification:_identify(Old/kuka_eki/kuka_eki_hw_interface) by extension 'colcon_meta'
[0.186s] Level 1:colcon.colcon_core.package_identification:_identify(Old/kuka_eki/kuka_eki_hw_interface) by extensions ['ros']
[0.186s] Level 1:colcon.colcon_core.package_identification:_identify(Old/kuka_eki/kuka_eki_hw_interface) by extension 'ros'
[0.187s] DEBUG:colcon.colcon_core.package_identification:Package 'Old/kuka_eki/kuka_eki_hw_interface' with type 'ros.ament_cmake' and name 'kuka_eki_hw_interface'
[0.187s] Level 1:colcon.colcon_core.package_identification:_identify(Old/kuka_eki/kuka_eki_io_interface) by extensions ['ignore', 'ignore_ament_install']
[0.187s] Level 1:colcon.colcon_core.package_identification:_identify(Old/kuka_eki/kuka_eki_io_interface) by extension 'ignore'
[0.187s] Level 1:colcon.colcon_core.package_identification:_identify(Old/kuka_eki/kuka_eki_io_interface) by extension 'ignore_ament_install'
[0.187s] Level 1:colcon.colcon_core.package_identification:_identify(Old/kuka_eki/kuka_eki_io_interface) by extensions ['colcon_pkg']
[0.187s] Level 1:colcon.colcon_core.package_identification:_identify(Old/kuka_eki/kuka_eki_io_interface) by extension 'colcon_pkg'
[0.187s] Level 1:colcon.colcon_core.package_identification:_identify(Old/kuka_eki/kuka_eki_io_interface) by extensions ['colcon_meta']
[0.187s] Level 1:colcon.colcon_core.package_identification:_identify(Old/kuka_eki/kuka_eki_io_interface) by extension 'colcon_meta'
[0.188s] Level 1:colcon.colcon_core.package_identification:_identify(Old/kuka_eki/kuka_eki_io_interface) by extensions ['ros']
[0.188s] Level 1:colcon.colcon_core.package_identification:_identify(Old/kuka_eki/kuka_eki_io_interface) by extension 'ros'
[0.188s] DEBUG:colcon.colcon_core.package_identification:Package 'Old/kuka_eki/kuka_eki_io_interface' with type 'ros.ament_cmake' and name 'kuka_eki_io_interface'
[0.189s] Level 1:colcon.colcon_core.package_identification:_identify(Old/kuka_eki/kuka_kr10_description) by extensions ['ignore', 'ignore_ament_install']
[0.189s] Level 1:colcon.colcon_core.package_identification:_identify(Old/kuka_eki/kuka_kr10_description) by extension 'ignore'
[0.189s] Level 1:colcon.colcon_core.package_identification:_identify(Old/kuka_eki/kuka_kr10_description) by extension 'ignore_ament_install'
[0.189s] Level 1:colcon.colcon_core.package_identification:_identify(Old/kuka_eki/kuka_kr10_description) by extensions ['colcon_pkg']
[0.189s] Level 1:colcon.colcon_core.package_identification:_identify(Old/kuka_eki/kuka_kr10_description) by extension 'colcon_pkg'
[0.189s] Level 1:colcon.colcon_core.package_identification:_identify(Old/kuka_eki/kuka_kr10_description) by extensions ['colcon_meta']
[0.189s] Level 1:colcon.colcon_core.package_identification:_identify(Old/kuka_eki/kuka_kr10_description) by extension 'colcon_meta'
[0.189s] Level 1:colcon.colcon_core.package_identification:_identify(Old/kuka_eki/kuka_kr10_description) by extensions ['ros']
[0.189s] Level 1:colcon.colcon_core.package_identification:_identify(Old/kuka_eki/kuka_kr10_description) by extension 'ros'
[0.190s] DEBUG:colcon.colcon_core.package_identification:Package 'Old/kuka_eki/kuka_kr10_description' with type 'ros.ament_cmake' and name 'kuka_kr10_description'
[0.190s] Level 1:colcon.colcon_core.package_identification:_identify(Old/kuka_eki/kuka_kr120_description) by extensions ['ignore', 'ignore_ament_install']
[0.190s] Level 1:colcon.colcon_core.package_identification:_identify(Old/kuka_eki/kuka_kr120_description) by extension 'ignore'
[0.190s] Level 1:colcon.colcon_core.package_identification:_identify(Old/kuka_eki/kuka_kr120_description) by extension 'ignore_ament_install'
[0.190s] Level 1:colcon.colcon_core.package_identification:_identify(Old/kuka_eki/kuka_kr120_description) by extensions ['colcon_pkg']
[0.190s] Level 1:colcon.colcon_core.package_identification:_identify(Old/kuka_eki/kuka_kr120_description) by extension 'colcon_pkg'
[0.191s] Level 1:colcon.colcon_core.package_identification:_identify(Old/kuka_eki/kuka_kr120_description) by extensions ['colcon_meta']
[0.191s] Level 1:colcon.colcon_core.package_identification:_identify(Old/kuka_eki/kuka_kr120_description) by extension 'colcon_meta'
[0.191s] Level 1:colcon.colcon_core.package_identification:_identify(Old/kuka_eki/kuka_kr120_description) by extensions ['ros']
[0.191s] Level 1:colcon.colcon_core.package_identification:_identify(Old/kuka_eki/kuka_kr120_description) by extension 'ros'
[0.191s] DEBUG:colcon.colcon_core.package_identification:Package 'Old/kuka_eki/kuka_kr120_description' with type 'ros.ament_cmake' and name 'kuka_kr120_description'
[0.191s] Level 1:colcon.colcon_core.package_identification:_identify(Old/kuka_eki/kuka_kr150_description) by extensions ['ignore', 'ignore_ament_install']
[0.192s] Level 1:colcon.colcon_core.package_identification:_identify(Old/kuka_eki/kuka_kr150_description) by extension 'ignore'
[0.192s] Level 1:colcon.colcon_core.package_identification:_identify(Old/kuka_eki/kuka_kr150_description) by extension 'ignore_ament_install'
[0.192s] Level 1:colcon.colcon_core.package_identification:_identify(Old/kuka_eki/kuka_kr150_description) by extensions ['colcon_pkg']
[0.192s] Level 1:colcon.colcon_core.package_identification:_identify(Old/kuka_eki/kuka_kr150_description) by extension 'colcon_pkg'
[0.192s] Level 1:colcon.colcon_core.package_identification:_identify(Old/kuka_eki/kuka_kr150_description) by extensions ['colcon_meta']
[0.192s] Level 1:colcon.colcon_core.package_identification:_identify(Old/kuka_eki/kuka_kr150_description) by extension 'colcon_meta'
[0.192s] Level 1:colcon.colcon_core.package_identification:_identify(Old/kuka_eki/kuka_kr150_description) by extensions ['ros']
[0.192s] Level 1:colcon.colcon_core.package_identification:_identify(Old/kuka_eki/kuka_kr150_description) by extension 'ros'
[0.192s] DEBUG:colcon.colcon_core.package_identification:Package 'Old/kuka_eki/kuka_kr150_description' with type 'ros.ament_cmake' and name 'kuka_kr150_description'
[0.193s] Level 1:colcon.colcon_core.package_identification:_identify(Old/kuka_eki/kuka_kr16_description) by extensions ['ignore', 'ignore_ament_install']
[0.193s] Level 1:colcon.colcon_core.package_identification:_identify(Old/kuka_eki/kuka_kr16_description) by extension 'ignore'
[0.193s] Level 1:colcon.colcon_core.package_identification:_identify(Old/kuka_eki/kuka_kr16_description) by extension 'ignore_ament_install'
[0.193s] Level 1:colcon.colcon_core.package_identification:_identify(Old/kuka_eki/kuka_kr16_description) by extensions ['colcon_pkg']
[0.193s] Level 1:colcon.colcon_core.package_identification:_identify(Old/kuka_eki/kuka_kr16_description) by extension 'colcon_pkg'
[0.193s] Level 1:colcon.colcon_core.package_identification:_identify(Old/kuka_eki/kuka_kr16_description) by extensions ['colcon_meta']
[0.193s] Level 1:colcon.colcon_core.package_identification:_identify(Old/kuka_eki/kuka_kr16_description) by extension 'colcon_meta'
[0.193s] Level 1:colcon.colcon_core.package_identification:_identify(Old/kuka_eki/kuka_kr16_description) by extensions ['ros']
[0.193s] Level 1:colcon.colcon_core.package_identification:_identify(Old/kuka_eki/kuka_kr16_description) by extension 'ros'
[0.194s] DEBUG:colcon.colcon_core.package_identification:Package 'Old/kuka_eki/kuka_kr16_description' with type 'ros.ament_cmake' and name 'kuka_kr16_description'
[0.194s] Level 1:colcon.colcon_core.package_identification:_identify(Old/kuka_eki/kuka_kr210_description) by extensions ['ignore', 'ignore_ament_install']
[0.194s] Level 1:colcon.colcon_core.package_identification:_identify(Old/kuka_eki/kuka_kr210_description) by extension 'ignore'
[0.194s] Level 1:colcon.colcon_core.package_identification:_identify(Old/kuka_eki/kuka_kr210_description) by extension 'ignore_ament_install'
[0.194s] Level 1:colcon.colcon_core.package_identification:_identify(Old/kuka_eki/kuka_kr210_description) by extensions ['colcon_pkg']
[0.194s] Level 1:colcon.colcon_core.package_identification:_identify(Old/kuka_eki/kuka_kr210_description) by extension 'colcon_pkg'
[0.194s] Level 1:colcon.colcon_core.package_identification:_identify(Old/kuka_eki/kuka_kr210_description) by extensions ['colcon_meta']
[0.194s] Level 1:colcon.colcon_core.package_identification:_identify(Old/kuka_eki/kuka_kr210_description) by extension 'colcon_meta'
[0.194s] Level 1:colcon.colcon_core.package_identification:_identify(Old/kuka_eki/kuka_kr210_description) by extensions ['ros']
[0.194s] Level 1:colcon.colcon_core.package_identification:_identify(Old/kuka_eki/kuka_kr210_description) by extension 'ros'
[0.195s] DEBUG:colcon.colcon_core.package_identification:Package 'Old/kuka_eki/kuka_kr210_description' with type 'ros.ament_cmake' and name 'kuka_kr210_description'
[0.195s] Level 1:colcon.colcon_core.package_identification:_identify(Old/kuka_eki/kuka_kr3_description) by extensions ['ignore', 'ignore_ament_install']
[0.195s] Level 1:colcon.colcon_core.package_identification:_identify(Old/kuka_eki/kuka_kr3_description) by extension 'ignore'
[0.195s] Level 1:colcon.colcon_core.package_identification:_identify(Old/kuka_eki/kuka_kr3_description) by extension 'ignore_ament_install'
[0.195s] Level 1:colcon.colcon_core.package_identification:_identify(Old/kuka_eki/kuka_kr3_description) by extensions ['colcon_pkg']
[0.195s] Level 1:colcon.colcon_core.package_identification:_identify(Old/kuka_eki/kuka_kr3_description) by extension 'colcon_pkg'
[0.195s] Level 1:colcon.colcon_core.package_identification:_identify(Old/kuka_eki/kuka_kr3_description) by extensions ['colcon_meta']
[0.195s] Level 1:colcon.colcon_core.package_identification:_identify(Old/kuka_eki/kuka_kr3_description) by extension 'colcon_meta'
[0.196s] Level 1:colcon.colcon_core.package_identification:_identify(Old/kuka_eki/kuka_kr3_description) by extensions ['ros']
[0.196s] Level 1:colcon.colcon_core.package_identification:_identify(Old/kuka_eki/kuka_kr3_description) by extension 'ros'
[0.196s] DEBUG:colcon.colcon_core.package_identification:Package 'Old/kuka_eki/kuka_kr3_description' with type 'ros.ament_cmake' and name 'kuka_kr3_description'
[0.196s] Level 1:colcon.colcon_core.package_identification:_identify(Old/kuka_eki/kuka_kr5_description) by extensions ['ignore', 'ignore_ament_install']
[0.196s] Level 1:colcon.colcon_core.package_identification:_identify(Old/kuka_eki/kuka_kr5_description) by extension 'ignore'
[0.196s] Level 1:colcon.colcon_core.package_identification:_identify(Old/kuka_eki/kuka_kr5_description) by extension 'ignore_ament_install'
[0.197s] Level 1:colcon.colcon_core.package_identification:_identify(Old/kuka_eki/kuka_kr5_description) by extensions ['colcon_pkg']
[0.197s] Level 1:colcon.colcon_core.package_identification:_identify(Old/kuka_eki/kuka_kr5_description) by extension 'colcon_pkg'
[0.197s] Level 1:colcon.colcon_core.package_identification:_identify(Old/kuka_eki/kuka_kr5_description) by extensions ['colcon_meta']
[0.197s] Level 1:colcon.colcon_core.package_identification:_identify(Old/kuka_eki/kuka_kr5_description) by extension 'colcon_meta'
[0.197s] Level 1:colcon.colcon_core.package_identification:_identify(Old/kuka_eki/kuka_kr5_description) by extensions ['ros']
[0.197s] Level 1:colcon.colcon_core.package_identification:_identify(Old/kuka_eki/kuka_kr5_description) by extension 'ros'
[0.197s] DEBUG:colcon.colcon_core.package_identification:Package 'Old/kuka_eki/kuka_kr5_description' with type 'ros.ament_cmake' and name 'kuka_kr5_description'
[0.198s] Level 1:colcon.colcon_core.package_identification:_identify(Old/kuka_eki/kuka_kr6_description) by extensions ['ignore', 'ignore_ament_install']
[0.198s] Level 1:colcon.colcon_core.package_identification:_identify(Old/kuka_eki/kuka_kr6_description) by extension 'ignore'
[0.198s] Level 1:colcon.colcon_core.package_identification:_identify(Old/kuka_eki/kuka_kr6_description) by extension 'ignore_ament_install'
[0.198s] Level 1:colcon.colcon_core.package_identification:_identify(Old/kuka_eki/kuka_kr6_description) by extensions ['colcon_pkg']
[0.198s] Level 1:colcon.colcon_core.package_identification:_identify(Old/kuka_eki/kuka_kr6_description) by extension 'colcon_pkg'
[0.198s] Level 1:colcon.colcon_core.package_identification:_identify(Old/kuka_eki/kuka_kr6_description) by extensions ['colcon_meta']
[0.198s] Level 1:colcon.colcon_core.package_identification:_identify(Old/kuka_eki/kuka_kr6_description) by extension 'colcon_meta'
[0.198s] Level 1:colcon.colcon_core.package_identification:_identify(Old/kuka_eki/kuka_kr6_description) by extensions ['ros']
[0.198s] Level 1:colcon.colcon_core.package_identification:_identify(Old/kuka_eki/kuka_kr6_description) by extension 'ros'
[0.199s] DEBUG:colcon.colcon_core.package_identification:Package 'Old/kuka_eki/kuka_kr6_description' with type 'ros.ament_cmake' and name 'kuka_kr6_description'
[0.199s] Level 1:colcon.colcon_core.package_identification:_identify(Old/kuka_kr10r1100sixx_cell_description) by extensions ['ignore', 'ignore_ament_install']
[0.199s] Level 1:colcon.colcon_core.package_identification:_identify(Old/kuka_kr10r1100sixx_cell_description) by extension 'ignore'
[0.199s] Level 1:colcon.colcon_core.package_identification:_identify(Old/kuka_kr10r1100sixx_cell_description) by extension 'ignore_ament_install'
[0.199s] Level 1:colcon.colcon_core.package_identification:_identify(Old/kuka_kr10r1100sixx_cell_description) by extensions ['colcon_pkg']
[0.199s] Level 1:colcon.colcon_core.package_identification:_identify(Old/kuka_kr10r1100sixx_cell_description) by extension 'colcon_pkg'
[0.199s] Level 1:colcon.colcon_core.package_identification:_identify(Old/kuka_kr10r1100sixx_cell_description) by extensions ['colcon_meta']
[0.199s] Level 1:colcon.colcon_core.package_identification:_identify(Old/kuka_kr10r1100sixx_cell_description) by extension 'colcon_meta'
[0.199s] Level 1:colcon.colcon_core.package_identification:_identify(Old/kuka_kr10r1100sixx_cell_description) by extensions ['ros']
[0.199s] Level 1:colcon.colcon_core.package_identification:_identify(Old/kuka_kr10r1100sixx_cell_description) by extension 'ros'
[0.200s] DEBUG:colcon.colcon_core.package_identification:Package 'Old/kuka_kr10r1100sixx_cell_description' with type 'ros.ament_cmake' and name 'kuka_kr10r1100sixx_cell_description'
[0.200s] Level 1:colcon.colcon_core.package_identification:_identify(Old/moveit2_wrapper_new4) by extensions ['ignore', 'ignore_ament_install']
[0.200s] Level 1:colcon.colcon_core.package_identification:_identify(Old/moveit2_wrapper_new4) by extension 'ignore'
[0.200s] Level 1:colcon.colcon_core.package_identification:_identify(Old/moveit2_wrapper_new4) by extension 'ignore_ament_install'
[0.200s] Level 1:colcon.colcon_core.package_identification:_identify(Old/moveit2_wrapper_new4) by extensions ['colcon_pkg']
[0.200s] Level 1:colcon.colcon_core.package_identification:_identify(Old/moveit2_wrapper_new4) by extension 'colcon_pkg'
[0.200s] Level 1:colcon.colcon_core.package_identification:_identify(Old/moveit2_wrapper_new4) by extensions ['colcon_meta']
[0.200s] Level 1:colcon.colcon_core.package_identification:_identify(Old/moveit2_wrapper_new4) by extension 'colcon_meta'
[0.201s] Level 1:colcon.colcon_core.package_identification:_identify(Old/moveit2_wrapper_new4) by extensions ['ros']
[0.201s] Level 1:colcon.colcon_core.package_identification:_identify(Old/moveit2_wrapper_new4) by extension 'ros'
[0.203s] DEBUG:colcon.colcon_core.package_identification:Package 'Old/moveit2_wrapper_new4' with type 'ros.ament_cmake' and name 'moveit_wrapper'
[0.203s] Level 1:colcon.colcon_core.package_identification:_identify(Old/pick_package) by extensions ['ignore', 'ignore_ament_install']
[0.203s] Level 1:colcon.colcon_core.package_identification:_identify(Old/pick_package) by extension 'ignore'
[0.203s] Level 1:colcon.colcon_core.package_identification:_identify(Old/pick_package) by extension 'ignore_ament_install'
[0.203s] Level 1:colcon.colcon_core.package_identification:_identify(Old/pick_package) by extensions ['colcon_pkg']
[0.203s] Level 1:colcon.colcon_core.package_identification:_identify(Old/pick_package) by extension 'colcon_pkg'
[0.203s] Level 1:colcon.colcon_core.package_identification:_identify(Old/pick_package) by extensions ['colcon_meta']
[0.203s] Level 1:colcon.colcon_core.package_identification:_identify(Old/pick_package) by extension 'colcon_meta'
[0.203s] Level 1:colcon.colcon_core.package_identification:_identify(Old/pick_package) by extensions ['ros']
[0.203s] Level 1:colcon.colcon_core.package_identification:_identify(Old/pick_package) by extension 'ros'
[0.204s] DEBUG:colcon.colcon_core.package_identification:Package 'Old/pick_package' with type 'ros.ament_python' and name 'pick_package'
[0.204s] Level 1:colcon.colcon_core.package_identification:_identify(ROS) by extensions ['ignore', 'ignore_ament_install']
[0.204s] Level 1:colcon.colcon_core.package_identification:_identify(ROS) by extension 'ignore'
[0.205s] Level 1:colcon.colcon_core.package_identification:_identify(ROS) by extension 'ignore_ament_install'
[0.205s] Level 1:colcon.colcon_core.package_identification:_identify(ROS) by extensions ['colcon_pkg']
[0.205s] Level 1:colcon.colcon_core.package_identification:_identify(ROS) by extension 'colcon_pkg'
[0.205s] Level 1:colcon.colcon_core.package_identification:_identify(ROS) by extensions ['colcon_meta']
[0.205s] Level 1:colcon.colcon_core.package_identification:_identify(ROS) by extension 'colcon_meta'
[0.205s] Level 1:colcon.colcon_core.package_identification:_identify(ROS) by extensions ['ros']
[0.205s] Level 1:colcon.colcon_core.package_identification:_identify(ROS) by extension 'ros'
[0.205s] Level 1:colcon.colcon_core.package_identification:_identify(ROS) by extensions ['cmake', 'python']
[0.205s] Level 1:colcon.colcon_core.package_identification:_identify(ROS) by extension 'cmake'
[0.205s] Level 1:colcon.colcon_core.package_identification:_identify(ROS) by extension 'python'
[0.205s] Level 1:colcon.colcon_core.package_identification:_identify(ROS) by extensions ['python_setup_py']
[0.205s] Level 1:colcon.colcon_core.package_identification:_identify(ROS) by extension 'python_setup_py'
[0.205s] Level 1:colcon.colcon_core.package_identification:_identify(__pycache__) by extensions ['ignore', 'ignore_ament_install']
[0.205s] Level 1:colcon.colcon_core.package_identification:_identify(__pycache__) by extension 'ignore'
[0.206s] Level 1:colcon.colcon_core.package_identification:_identify(__pycache__) by extension 'ignore_ament_install'
[0.206s] Level 1:colcon.colcon_core.package_identification:_identify(__pycache__) by extensions ['colcon_pkg']
[0.206s] Level 1:colcon.colcon_core.package_identification:_identify(__pycache__) by extension 'colcon_pkg'
[0.206s] Level 1:colcon.colcon_core.package_identification:_identify(__pycache__) by extensions ['colcon_meta']
[0.206s] Level 1:colcon.colcon_core.package_identification:_identify(__pycache__) by extension 'colcon_meta'
[0.206s] Level 1:colcon.colcon_core.package_identification:_identify(__pycache__) by extensions ['ros']
[0.206s] Level 1:colcon.colcon_core.package_identification:_identify(__pycache__) by extension 'ros'
[0.206s] Level 1:colcon.colcon_core.package_identification:_identify(__pycache__) by extensions ['cmake', 'python']
[0.206s] Level 1:colcon.colcon_core.package_identification:_identify(__pycache__) by extension 'cmake'
[0.206s] Level 1:colcon.colcon_core.package_identification:_identify(__pycache__) by extension 'python'
[0.206s] Level 1:colcon.colcon_core.package_identification:_identify(__pycache__) by extensions ['python_setup_py']
[0.206s] Level 1:colcon.colcon_core.package_identification:_identify(__pycache__) by extension 'python_setup_py'
[0.206s] Level 1:colcon.colcon_core.package_identification:_identify(build) by extensions ['ignore', 'ignore_ament_install']
[0.206s] Level 1:colcon.colcon_core.package_identification:_identify(build) by extension 'ignore'
[0.207s] Level 1:colcon.colcon_core.package_identification:_identify(build) ignored
[0.207s] Level 1:colcon.colcon_core.package_identification:_identify(cython_files) by extensions ['ignore', 'ignore_ament_install']
[0.207s] Level 1:colcon.colcon_core.package_identification:_identify(cython_files) by extension 'ignore'
[0.207s] Level 1:colcon.colcon_core.package_identification:_identify(cython_files) by extension 'ignore_ament_install'
[0.207s] Level 1:colcon.colcon_core.package_identification:_identify(cython_files) by extensions ['colcon_pkg']
[0.207s] Level 1:colcon.colcon_core.package_identification:_identify(cython_files) by extension 'colcon_pkg'
[0.207s] Level 1:colcon.colcon_core.package_identification:_identify(cython_files) by extensions ['colcon_meta']
[0.207s] Level 1:colcon.colcon_core.package_identification:_identify(cython_files) by extension 'colcon_meta'
[0.207s] Level 1:colcon.colcon_core.package_identification:_identify(cython_files) by extensions ['ros']
[0.207s] Level 1:colcon.colcon_core.package_identification:_identify(cython_files) by extension 'ros'
[0.207s] Level 1:colcon.colcon_core.package_identification:_identify(cython_files) by extensions ['cmake', 'python']
[0.207s] Level 1:colcon.colcon_core.package_identification:_identify(cython_files) by extension 'cmake'
[0.207s] Level 1:colcon.colcon_core.package_identification:_identify(cython_files) by extension 'python'
[0.208s] Level 1:colcon.colcon_core.package_identification:_identify(cython_files) by extensions ['python_setup_py']
[0.208s] Level 1:colcon.colcon_core.package_identification:_identify(cython_files) by extension 'python_setup_py'
[0.550s] ERROR:colcon.colcon_core.package_identification:Failed to determine Python package name in 'cython_files'
[0.550s] ERROR:colcon.colcon_core.package_identification:Exception in package identification extension 'python_setup_py' in 'cython_files': Failed to determine Python package name in 'cython_files'
Traceback (most recent call last):
  File "/usr/lib/python3/dist-packages/colcon_core/package_identification/__init__.py", line 142, in _identify
    retval = extension.identify(_reused_descriptor_instance)
  File "/usr/lib/python3/dist-packages/colcon_python_setup_py/package_identification/python_setup_py.py", line 57, in identify
    raise RuntimeError(
RuntimeError: Failed to determine Python package name in 'cython_files'

[0.550s] Level 1:colcon.colcon_core.package_identification:_identify(cython_files/build) by extensions ['ignore', 'ignore_ament_install']
[0.551s] Level 1:colcon.colcon_core.package_identification:_identify(cython_files/build) by extension 'ignore'
[0.551s] Level 1:colcon.colcon_core.package_identification:_identify(cython_files/build) by extension 'ignore_ament_install'
[0.551s] Level 1:colcon.colcon_core.package_identification:_identify(cython_files/build) by extensions ['colcon_pkg']
[0.551s] Level 1:colcon.colcon_core.package_identification:_identify(cython_files/build) by extension 'colcon_pkg'
[0.551s] Level 1:colcon.colcon_core.package_identification:_identify(cython_files/build) by extensions ['colcon_meta']
[0.551s] Level 1:colcon.colcon_core.package_identification:_identify(cython_files/build) by extension 'colcon_meta'
[0.551s] Level 1:colcon.colcon_core.package_identification:_identify(cython_files/build) by extensions ['ros']
[0.551s] Level 1:colcon.colcon_core.package_identification:_identify(cython_files/build) by extension 'ros'
[0.551s] Level 1:colcon.colcon_core.package_identification:_identify(cython_files/build) by extensions ['cmake', 'python']
[0.551s] Level 1:colcon.colcon_core.package_identification:_identify(cython_files/build) by extension 'cmake'
[0.551s] Level 1:colcon.colcon_core.package_identification:_identify(cython_files/build) by extension 'python'
[0.551s] Level 1:colcon.colcon_core.package_identification:_identify(cython_files/build) by extensions ['python_setup_py']
[0.551s] Level 1:colcon.colcon_core.package_identification:_identify(cython_files/build) by extension 'python_setup_py'
[0.551s] Level 1:colcon.colcon_core.package_identification:_identify(cython_files/build/lib.linux-x86_64-3.10) by extensions ['ignore', 'ignore_ament_install']
[0.551s] Level 1:colcon.colcon_core.package_identification:_identify(cython_files/build/lib.linux-x86_64-3.10) by extension 'ignore'
[0.551s] Level 1:colcon.colcon_core.package_identification:_identify(cython_files/build/lib.linux-x86_64-3.10) by extension 'ignore_ament_install'
[0.551s] Level 1:colcon.colcon_core.package_identification:_identify(cython_files/build/lib.linux-x86_64-3.10) by extensions ['colcon_pkg']
[0.551s] Level 1:colcon.colcon_core.package_identification:_identify(cython_files/build/lib.linux-x86_64-3.10) by extension 'colcon_pkg'
[0.552s] Level 1:colcon.colcon_core.package_identification:_identify(cython_files/build/lib.linux-x86_64-3.10) by extensions ['colcon_meta']
[0.552s] Level 1:colcon.colcon_core.package_identification:_identify(cython_files/build/lib.linux-x86_64-3.10) by extension 'colcon_meta'
[0.552s] Level 1:colcon.colcon_core.package_identification:_identify(cython_files/build/lib.linux-x86_64-3.10) by extensions ['ros']
[0.552s] Level 1:colcon.colcon_core.package_identification:_identify(cython_files/build/lib.linux-x86_64-3.10) by extension 'ros'
[0.552s] Level 1:colcon.colcon_core.package_identification:_identify(cython_files/build/lib.linux-x86_64-3.10) by extensions ['cmake', 'python']
[0.552s] Level 1:colcon.colcon_core.package_identification:_identify(cython_files/build/lib.linux-x86_64-3.10) by extension 'cmake'
[0.552s] Level 1:colcon.colcon_core.package_identification:_identify(cython_files/build/lib.linux-x86_64-3.10) by extension 'python'
[0.552s] Level 1:colcon.colcon_core.package_identification:_identify(cython_files/build/lib.linux-x86_64-3.10) by extensions ['python_setup_py']
[0.552s] Level 1:colcon.colcon_core.package_identification:_identify(cython_files/build/lib.linux-x86_64-3.10) by extension 'python_setup_py'
[0.552s] Level 1:colcon.colcon_core.package_identification:_identify(cython_files/build/lib.win-amd64-cpython-311) by extensions ['ignore', 'ignore_ament_install']
[0.552s] Level 1:colcon.colcon_core.package_identification:_identify(cython_files/build/lib.win-amd64-cpython-311) by extension 'ignore'
[0.552s] Level 1:colcon.colcon_core.package_identification:_identify(cython_files/build/lib.win-amd64-cpython-311) by extension 'ignore_ament_install'
[0.552s] Level 1:colcon.colcon_core.package_identification:_identify(cython_files/build/lib.win-amd64-cpython-311) by extensions ['colcon_pkg']
[0.552s] Level 1:colcon.colcon_core.package_identification:_identify(cython_files/build/lib.win-amd64-cpython-311) by extension 'colcon_pkg'
[0.552s] Level 1:colcon.colcon_core.package_identification:_identify(cython_files/build/lib.win-amd64-cpython-311) by extensions ['colcon_meta']
[0.552s] Level 1:colcon.colcon_core.package_identification:_identify(cython_files/build/lib.win-amd64-cpython-311) by extension 'colcon_meta'
[0.552s] Level 1:colcon.colcon_core.package_identification:_identify(cython_files/build/lib.win-amd64-cpython-311) by extensions ['ros']
[0.552s] Level 1:colcon.colcon_core.package_identification:_identify(cython_files/build/lib.win-amd64-cpython-311) by extension 'ros'
[0.552s] Level 1:colcon.colcon_core.package_identification:_identify(cython_files/build/lib.win-amd64-cpython-311) by extensions ['cmake', 'python']
[0.552s] Level 1:colcon.colcon_core.package_identification:_identify(cython_files/build/lib.win-amd64-cpython-311) by extension 'cmake'
[0.552s] Level 1:colcon.colcon_core.package_identification:_identify(cython_files/build/lib.win-amd64-cpython-311) by extension 'python'
[0.553s] Level 1:colcon.colcon_core.package_identification:_identify(cython_files/build/lib.win-amd64-cpython-311) by extensions ['python_setup_py']
[0.553s] Level 1:colcon.colcon_core.package_identification:_identify(cython_files/build/lib.win-amd64-cpython-311) by extension 'python_setup_py'
[0.553s] Level 1:colcon.colcon_core.package_identification:_identify(cython_files/build/temp.linux-x86_64-3.10) by extensions ['ignore', 'ignore_ament_install']
[0.553s] Level 1:colcon.colcon_core.package_identification:_identify(cython_files/build/temp.linux-x86_64-3.10) by extension 'ignore'
[0.553s] Level 1:colcon.colcon_core.package_identification:_identify(cython_files/build/temp.linux-x86_64-3.10) by extension 'ignore_ament_install'
[0.553s] Level 1:colcon.colcon_core.package_identification:_identify(cython_files/build/temp.linux-x86_64-3.10) by extensions ['colcon_pkg']
[0.553s] Level 1:colcon.colcon_core.package_identification:_identify(cython_files/build/temp.linux-x86_64-3.10) by extension 'colcon_pkg'
[0.553s] Level 1:colcon.colcon_core.package_identification:_identify(cython_files/build/temp.linux-x86_64-3.10) by extensions ['colcon_meta']
[0.553s] Level 1:colcon.colcon_core.package_identification:_identify(cython_files/build/temp.linux-x86_64-3.10) by extension 'colcon_meta'
[0.553s] Level 1:colcon.colcon_core.package_identification:_identify(cython_files/build/temp.linux-x86_64-3.10) by extensions ['ros']
[0.553s] Level 1:colcon.colcon_core.package_identification:_identify(cython_files/build/temp.linux-x86_64-3.10) by extension 'ros'
[0.553s] Level 1:colcon.colcon_core.package_identification:_identify(cython_files/build/temp.linux-x86_64-3.10) by extensions ['cmake', 'python']
[0.553s] Level 1:colcon.colcon_core.package_identification:_identify(cython_files/build/temp.linux-x86_64-3.10) by extension 'cmake'
[0.553s] Level 1:colcon.colcon_core.package_identification:_identify(cython_files/build/temp.linux-x86_64-3.10) by extension 'python'
[0.553s] Level 1:colcon.colcon_core.package_identification:_identify(cython_files/build/temp.linux-x86_64-3.10) by extensions ['python_setup_py']
[0.553s] Level 1:colcon.colcon_core.package_identification:_identify(cython_files/build/temp.linux-x86_64-3.10) by extension 'python_setup_py'
[0.553s] Level 1:colcon.colcon_core.package_identification:_identify(cython_files/build/temp.win-amd64-cpython-311) by extensions ['ignore', 'ignore_ament_install']
[0.553s] Level 1:colcon.colcon_core.package_identification:_identify(cython_files/build/temp.win-amd64-cpython-311) by extension 'ignore'
[0.553s] Level 1:colcon.colcon_core.package_identification:_identify(cython_files/build/temp.win-amd64-cpython-311) by extension 'ignore_ament_install'
[0.553s] Level 1:colcon.colcon_core.package_identification:_identify(cython_files/build/temp.win-amd64-cpython-311) by extensions ['colcon_pkg']
[0.554s] Level 1:colcon.colcon_core.package_identification:_identify(cython_files/build/temp.win-amd64-cpython-311) by extension 'colcon_pkg'
[0.554s] Level 1:colcon.colcon_core.package_identification:_identify(cython_files/build/temp.win-amd64-cpython-311) by extensions ['colcon_meta']
[0.554s] Level 1:colcon.colcon_core.package_identification:_identify(cython_files/build/temp.win-amd64-cpython-311) by extension 'colcon_meta'
[0.554s] Level 1:colcon.colcon_core.package_identification:_identify(cython_files/build/temp.win-amd64-cpython-311) by extensions ['ros']
[0.554s] Level 1:colcon.colcon_core.package_identification:_identify(cython_files/build/temp.win-amd64-cpython-311) by extension 'ros'
[0.554s] Level 1:colcon.colcon_core.package_identification:_identify(cython_files/build/temp.win-amd64-cpython-311) by extensions ['cmake', 'python']
[0.554s] Level 1:colcon.colcon_core.package_identification:_identify(cython_files/build/temp.win-amd64-cpython-311) by extension 'cmake'
[0.554s] Level 1:colcon.colcon_core.package_identification:_identify(cython_files/build/temp.win-amd64-cpython-311) by extension 'python'
[0.554s] Level 1:colcon.colcon_core.package_identification:_identify(cython_files/build/temp.win-amd64-cpython-311) by extensions ['python_setup_py']
[0.554s] Level 1:colcon.colcon_core.package_identification:_identify(cython_files/build/temp.win-amd64-cpython-311) by extension 'python_setup_py'
[0.554s] Level 1:colcon.colcon_core.package_identification:_identify(cython_files/build/temp.win-amd64-cpython-311/Release) by extensions ['ignore', 'ignore_ament_install']
[0.554s] Level 1:colcon.colcon_core.package_identification:_identify(cython_files/build/temp.win-amd64-cpython-311/Release) by extension 'ignore'
[0.554s] Level 1:colcon.colcon_core.package_identification:_identify(cython_files/build/temp.win-amd64-cpython-311/Release) by extension 'ignore_ament_install'
[0.554s] Level 1:colcon.colcon_core.package_identification:_identify(cython_files/build/temp.win-amd64-cpython-311/Release) by extensions ['colcon_pkg']
[0.554s] Level 1:colcon.colcon_core.package_identification:_identify(cython_files/build/temp.win-amd64-cpython-311/Release) by extension 'colcon_pkg'
[0.554s] Level 1:colcon.colcon_core.package_identification:_identify(cython_files/build/temp.win-amd64-cpython-311/Release) by extensions ['colcon_meta']
[0.554s] Level 1:colcon.colcon_core.package_identification:_identify(cython_files/build/temp.win-amd64-cpython-311/Release) by extension 'colcon_meta'
[0.554s] Level 1:colcon.colcon_core.package_identification:_identify(cython_files/build/temp.win-amd64-cpython-311/Release) by extensions ['ros']
[0.555s] Level 1:colcon.colcon_core.package_identification:_identify(cython_files/build/temp.win-amd64-cpython-311/Release) by extension 'ros'
[0.555s] Level 1:colcon.colcon_core.package_identification:_identify(cython_files/build/temp.win-amd64-cpython-311/Release) by extensions ['cmake', 'python']
[0.555s] Level 1:colcon.colcon_core.package_identification:_identify(cython_files/build/temp.win-amd64-cpython-311/Release) by extension 'cmake'
[0.555s] Level 1:colcon.colcon_core.package_identification:_identify(cython_files/build/temp.win-amd64-cpython-311/Release) by extension 'python'
[0.555s] Level 1:colcon.colcon_core.package_identification:_identify(cython_files/build/temp.win-amd64-cpython-311/Release) by extensions ['python_setup_py']
[0.555s] Level 1:colcon.colcon_core.package_identification:_identify(cython_files/build/temp.win-amd64-cpython-311/Release) by extension 'python_setup_py'
[0.555s] Level 1:colcon.colcon_core.package_identification:_identify(install) by extensions ['ignore', 'ignore_ament_install']
[0.555s] Level 1:colcon.colcon_core.package_identification:_identify(install) by extension 'ignore'
[0.555s] Level 1:colcon.colcon_core.package_identification:_identify(install) ignored
[0.555s] Level 1:colcon.colcon_core.package_identification:_identify(log) by extensions ['ignore', 'ignore_ament_install']
[0.555s] Level 1:colcon.colcon_core.package_identification:_identify(log) by extension 'ignore'
[0.555s] Level 1:colcon.colcon_core.package_identification:_identify(log) ignored
[0.555s] Level 1:colcon.colcon_core.package_discovery:discover_packages(recursive) using defaults
[0.555s] Level 1:colcon.colcon_core.package_discovery:discover_packages(ignore) discover
[0.555s] Level 1:colcon.colcon_core.package_discovery:discover_packages(ignore) using defaults
[0.555s] Level 1:colcon.colcon_core.package_discovery:discover_packages(path) discover
[0.555s] Level 1:colcon.colcon_core.package_discovery:discover_packages(path) using defaults
[0.556s] WARNING:colcon.colcon_core.package_selection:ignoring unknown package 'pkg_pack_node' in --packages-select
[0.556s] WARNING:colcon.colcon_core.package_selection:ignoring unknown package 'aip_packing_planning_interfaces' in --packages-select
[0.581s] INFO:colcon.colcon_core.package_selection:Skipping not selected package 'control_node' in 'Old/control_node'
[0.581s] INFO:colcon.colcon_core.package_selection:Skipping not selected package 'iras_srvs' in 'Old/iras_srvs'
[0.581s] INFO:colcon.colcon_core.package_selection:Skipping not selected package 'kuka_common' in 'Old/kuka_eki/kuka_common'
[0.581s] INFO:colcon.colcon_core.package_selection:Skipping not selected package 'kuka_common_moveit_config' in 'Old/kuka_eki/kuka_common_moveit_config'
[0.581s] INFO:colcon.colcon_core.package_selection:Skipping not selected package 'kuka_eki_hw_interface' in 'Old/kuka_eki/kuka_eki_hw_interface'
[0.581s] INFO:colcon.colcon_core.package_selection:Skipping not selected package 'kuka_eki_io_interface' in 'Old/kuka_eki/kuka_eki_io_interface'
[0.581s] INFO:colcon.colcon_core.package_selection:Skipping not selected package 'kuka_kr10_description' in 'Old/kuka_eki/kuka_kr10_description'
[0.581s] INFO:colcon.colcon_core.package_selection:Skipping not selected package 'kuka_kr10r1100sixx_cell_description' in 'Old/kuka_kr10r1100sixx_cell_description'
[0.581s] INFO:colcon.colcon_core.package_selection:Skipping not selected package 'kuka_kr120_description' in 'Old/kuka_eki/kuka_kr120_description'
[0.581s] INFO:colcon.colcon_core.package_selection:Skipping not selected package 'kuka_kr150_description' in 'Old/kuka_eki/kuka_kr150_description'
[0.581s] INFO:colcon.colcon_core.package_selection:Skipping not selected package 'kuka_kr16_description' in 'Old/kuka_eki/kuka_kr16_description'
[0.581s] INFO:colcon.colcon_core.package_selection:Skipping not selected package 'kuka_kr210_description' in 'Old/kuka_eki/kuka_kr210_description'
[0.581s] INFO:colcon.colcon_core.package_selection:Skipping not selected package 'kuka_kr3_description' in 'Old/kuka_eki/kuka_kr3_description'
[0.581s] INFO:colcon.colcon_core.package_selection:Skipping not selected package 'kuka_kr5_description' in 'Old/kuka_eki/kuka_kr5_description'
[0.581s] INFO:colcon.colcon_core.package_selection:Skipping not selected package 'kuka_kr6_description' in 'Old/kuka_eki/kuka_kr6_description'
[0.581s] INFO:colcon.colcon_core.package_selection:Skipping not selected package 'moveit_wrapper' in 'Old/moveit2_wrapper_new4'
[0.581s] INFO:colcon.colcon_core.package_selection:Skipping not selected package 'pick_package' in 'Old/pick_package'
[0.581s] INFO:colcon.colcon_core.executor:Executing jobs using 'parallel' executor
[0.582s] DEBUG:colcon.colcon_parallel_executor.executor.parallel:run_until_complete
[0.582s] DEBUG:colcon.colcon_parallel_executor.executor.parallel:closing loop
[0.583s] DEBUG:colcon.colcon_parallel_executor.executor.parallel:loop closed
[0.583s] DEBUG:colcon.colcon_parallel_executor.executor.parallel:run_until_complete finished with '0'
[0.583s] DEBUG:colcon.colcon_core.event_reactor:joining thread
[0.589s] INFO:colcon.colcon_core.plugin_system:Skipping extension 'colcon_notification.desktop_notification.notify_send': Could not find 'notify-send'
[0.589s] INFO:colcon.colcon_core.plugin_system:Skipping extension 'colcon_notification.desktop_notification.terminal_notifier': Not used on non-Darwin systems
[0.589s] INFO:colcon.colcon_core.plugin_system:Skipping extension 'colcon_notification.desktop_notification.win32': Not used on non-Windows systems
[0.589s] INFO:colcon.colcon_notification.desktop_notification:Sending desktop notification using 'notify2'
[0.589s] DEBUG:colcon.colcon_notification.desktop_notification.notify2:Failed to initialize notify2: org.freedesktop.DBus.Error.InvalidFileContent: D-Bus library appears to be incorrectly set up: see the manual page for dbus-uuidgen to correct this issue. (Failed to open "/var/lib/dbus/machine-id": No such file or directory; UUID file '/etc/machine-id' should contain a hex string of length 32, not length 0, with no other text)
[0.589s] DEBUG:colcon.colcon_core.event_reactor:joined thread
[0.591s] INFO:colcon.colcon_core.plugin_system:Skipping extension 'colcon_core.shell.bat': Not used on non-Windows systems
[0.592s] INFO:colcon.colcon_core.shell:Creating prefix script '/home/docker/ros2_ws/src/pkg_pack_node/pkg_pack_node/install/local_setup.ps1'
[0.593s] INFO:colcon.colcon_core.shell:Creating prefix util module '/home/docker/ros2_ws/src/pkg_pack_node/pkg_pack_node/install/_local_setup_util_ps1.py'
[0.595s] INFO:colcon.colcon_core.shell:Creating prefix chain script '/home/docker/ros2_ws/src/pkg_pack_node/pkg_pack_node/install/setup.ps1'
[0.596s] INFO:colcon.colcon_core.shell:Creating prefix script '/home/docker/ros2_ws/src/pkg_pack_node/pkg_pack_node/install/local_setup.sh'
[0.597s] INFO:colcon.colcon_core.shell:Creating prefix util module '/home/docker/ros2_ws/src/pkg_pack_node/pkg_pack_node/install/_local_setup_util_sh.py'
[0.597s] INFO:colcon.colcon_core.shell:Creating prefix chain script '/home/docker/ros2_ws/src/pkg_pack_node/pkg_pack_node/install/setup.sh'
[0.598s] INFO:colcon.colcon_core.shell:Creating prefix script '/home/docker/ros2_ws/src/pkg_pack_node/pkg_pack_node/install/local_setup.bash'
[0.598s] INFO:colcon.colcon_core.shell:Creating prefix chain script '/home/docker/ros2_ws/src/pkg_pack_node/pkg_pack_node/install/setup.bash'
[0.599s] INFO:colcon.colcon_core.shell:Creating prefix script '/home/docker/ros2_ws/src/pkg_pack_node/pkg_pack_node/install/local_setup.zsh'
[0.600s] INFO:colcon.colcon_core.shell:Creating prefix chain script '/home/docker/ros2_ws/src/pkg_pack_node/pkg_pack_node/install/setup.zsh'
